{"/Users/betaknight/infinity_game/src/App.jsx": {"path":"/Users/betaknight/infinity_game/src/App.jsx","statementMap":{"0":{"start":{"line":5,"column":19},"end":{"line":13,"column":1}},"1":{"start":{"line":6,"column":2},"end":{"line":12,"column":4}}},"fnMap":{"0":{"name":"(anonymous_0)","decl":{"start":{"line":5,"column":19},"end":{"line":5,"column":20}},"loc":{"start":{"line":5,"column":25},"end":{"line":13,"column":1}},"line":5}},"branchMap":{},"s":{"0":0,"1":0},"f":{"0":0},"b":{}}
,"/Users/betaknight/infinity_game/src/generate-token.js": {"path":"/Users/betaknight/infinity_game/src/generate-token.js","statementMap":{"0":{"start":{"line":1,"column":12},"end":{"line":1,"column":35}},"1":{"start":{"line":2,"column":11},"end":{"line":2,"column":24}},"2":{"start":{"line":3,"column":0},"end":{"line":50,"column":3}},"3":{"start":{"line":5,"column":25},"end":{"line":5,"column":66}},"4":{"start":{"line":8,"column":22},"end":{"line":47,"column":3}},"5":{"start":{"line":9,"column":16},"end":{"line":9,"column":45}},"6":{"start":{"line":11,"column":20},"end":{"line":19,"column":5}},"7":{"start":{"line":21,"column":18},"end":{"line":23,"column":6}},"8":{"start":{"line":26,"column":20},"end":{"line":35,"column":5}},"9":{"start":{"line":37,"column":4},"end":{"line":46,"column":5}},"10":{"start":{"line":38,"column":23},"end":{"line":41,"column":7}},"11":{"start":{"line":42,"column":19},"end":{"line":42,"column":40}},"12":{"start":{"line":43,"column":6},"end":{"line":43,"column":37}},"13":{"start":{"line":45,"column":6},"end":{"line":45,"column":37}},"14":{"start":{"line":49,"column":2},"end":{"line":49,"column":16}}},"fnMap":{"0":{"name":"(anonymous_0)","decl":{"start":{"line":3,"column":26},"end":{"line":3,"column":27}},"loc":{"start":{"line":3,"column":50},"end":{"line":50,"column":1}},"line":3},"1":{"name":"(anonymous_1)","decl":{"start":{"line":8,"column":22},"end":{"line":8,"column":23}},"loc":{"start":{"line":8,"column":34},"end":{"line":47,"column":3}},"line":8}},"branchMap":{},"s":{"0":0,"1":0,"2":0,"3":0,"4":0,"5":0,"6":0,"7":0,"8":0,"9":0,"10":0,"11":0,"12":0,"13":0,"14":0},"f":{"0":0,"1":0},"b":{}}
,"/Users/betaknight/infinity_game/src/character/character_rank.js": {"path":"/Users/betaknight/infinity_game/src/character/character_rank.js","statementMap":{"0":{"start":{"line":1,"column":15},"end":{"line":1,"column":46}},"1":{"start":{"line":4,"column":14},"end":{"line":4,"column":32}},"2":{"start":{"line":5,"column":19},"end":{"line":5,"column":42}},"3":{"start":{"line":6,"column":19},"end":{"line":6,"column":33}},"4":{"start":{"line":8,"column":2},"end":{"line":8,"column":68}},"5":{"start":{"line":8,"column":17},"end":{"line":8,"column":68}},"6":{"start":{"line":10,"column":2},"end":{"line":10,"column":36}},"7":{"start":{"line":11,"column":23},"end":{"line":11,"column":65}},"8":{"start":{"line":12,"column":2},"end":{"line":12,"column":35}},"9":{"start":{"line":14,"column":15},"end":{"line":14,"column":57}},"10":{"start":{"line":15,"column":2},"end":{"line":18,"column":5}},"11":{"start":{"line":20,"column":2},"end":{"line":20,"column":60}},"12":{"start":{"line":24,"column":14},"end":{"line":24,"column":51}},"13":{"start":{"line":25,"column":19},"end":{"line":25,"column":42}},"14":{"start":{"line":26,"column":15},"end":{"line":26,"column":29}},"15":{"start":{"line":28,"column":2},"end":{"line":28,"column":23}},"16":{"start":{"line":28,"column":13},"end":{"line":28,"column":23}},"17":{"start":{"line":30,"column":2},"end":{"line":30,"column":27}},"18":{"start":{"line":35,"column":14},"end":{"line":35,"column":97}},"19":{"start":{"line":36,"column":19},"end":{"line":36,"column":42}},"20":{"start":{"line":37,"column":23},"end":{"line":37,"column":42}},"21":{"start":{"line":38,"column":2},"end":{"line":38,"column":34}},"22":{"start":{"line":41,"column":0},"end":{"line":45,"column":2}}},"fnMap":{"0":{"name":"createCharacter","decl":{"start":{"line":3,"column":15},"end":{"line":3,"column":30}},"loc":{"start":{"line":3,"column":37},"end":{"line":21,"column":1}},"line":3},"1":{"name":"getAvailableSkills","decl":{"start":{"line":23,"column":15},"end":{"line":23,"column":33}},"loc":{"start":{"line":23,"column":44},"end":{"line":31,"column":1}},"line":23},"2":{"name":"allocateSkillPoint","decl":{"start":{"line":34,"column":15},"end":{"line":34,"column":33}},"loc":{"start":{"line":34,"column":70},"end":{"line":39,"column":1}},"line":34}},"branchMap":{"0":{"loc":{"start":{"line":8,"column":2},"end":{"line":8,"column":68}},"type":"if","locations":[{"start":{"line":8,"column":2},"end":{"line":8,"column":68}},{"start":{},"end":{}}],"line":8},"1":{"loc":{"start":{"line":28,"column":2},"end":{"line":28,"column":23}},"type":"if","locations":[{"start":{"line":28,"column":2},"end":{"line":28,"column":23}},{"start":{},"end":{}}],"line":28},"2":{"loc":{"start":{"line":37,"column":23},"end":{"line":37,"column":42}},"type":"binary-expr","locations":[{"start":{"line":37,"column":23},"end":{"line":37,"column":37}},{"start":{"line":37,"column":41},"end":{"line":37,"column":42}}],"line":37}},"s":{"0":0,"1":0,"2":0,"3":0,"4":0,"5":0,"6":0,"7":0,"8":0,"9":0,"10":0,"11":0,"12":0,"13":0,"14":0,"15":0,"16":0,"17":0,"18":0,"19":0,"20":0,"21":0,"22":0},"f":{"0":0,"1":0,"2":0},"b":{"0":[0,0],"1":[0,0],"2":[0,0]}}
,"/Users/betaknight/infinity_game/src/character/delete_character.js": {"path":"/Users/betaknight/infinity_game/src/character/delete_character.js","statementMap":{"0":{"start":{"line":1,"column":15},"end":{"line":1,"column":46}},"1":{"start":{"line":4,"column":2},"end":{"line":9,"column":3}},"2":{"start":{"line":5,"column":4},"end":{"line":5,"column":62}},"3":{"start":{"line":6,"column":4},"end":{"line":6,"column":65}},"4":{"start":{"line":8,"column":4},"end":{"line":8,"column":74}},"5":{"start":{"line":13,"column":0},"end":{"line":21,"column":1}},"6":{"start":{"line":14,"column":19},"end":{"line":14,"column":38}},"7":{"start":{"line":15,"column":13},"end":{"line":15,"column":87}},"8":{"start":{"line":17,"column":2},"end":{"line":20,"column":5}},"9":{"start":{"line":18,"column":4},"end":{"line":18,"column":32}},"10":{"start":{"line":19,"column":4},"end":{"line":19,"column":15}},"11":{"start":{"line":23,"column":0},"end":{"line":23,"column":37}}},"fnMap":{"0":{"name":"deleteCharacter","decl":{"start":{"line":3,"column":15},"end":{"line":3,"column":30}},"loc":{"start":{"line":3,"column":37},"end":{"line":10,"column":1}},"line":3},"1":{"name":"(anonymous_1)","decl":{"start":{"line":17,"column":54},"end":{"line":17,"column":55}},"loc":{"start":{"line":17,"column":70},"end":{"line":20,"column":3}},"line":17}},"branchMap":{"0":{"loc":{"start":{"line":13,"column":0},"end":{"line":21,"column":1}},"type":"if","locations":[{"start":{"line":13,"column":0},"end":{"line":21,"column":1}},{"start":{},"end":{}}],"line":13}},"s":{"0":0,"1":0,"2":0,"3":0,"4":0,"5":0,"6":0,"7":0,"8":0,"9":0,"10":0,"11":0},"f":{"0":0,"1":0},"b":{"0":[0,0]}}
,"/Users/betaknight/infinity_game/src/character/run_character.js": {"path":"/Users/betaknight/infinity_game/src/character/run_character.js","statementMap":{"0":{"start":{"line":1,"column":15},"end":{"line":1,"column":46}},"1":{"start":{"line":2,"column":17},"end":{"line":2,"column":36}},"2":{"start":{"line":3,"column":68},"end":{"line":3,"column":95}},"3":{"start":{"line":5,"column":11},"end":{"line":8,"column":2}},"4":{"start":{"line":10,"column":0},"end":{"line":54,"column":3}},"5":{"start":{"line":11,"column":2},"end":{"line":53,"column":3}},"6":{"start":{"line":12,"column":4},"end":{"line":12,"column":32}},"7":{"start":{"line":14,"column":25},"end":{"line":14,"column":104}},"8":{"start":{"line":15,"column":4},"end":{"line":45,"column":5}},"9":{"start":{"line":16,"column":21},"end":{"line":16,"column":51}},"10":{"start":{"line":17,"column":6},"end":{"line":17,"column":40}},"11":{"start":{"line":17,"column":31},"end":{"line":17,"column":40}},"12":{"start":{"line":19,"column":6},"end":{"line":19,"column":39}},"13":{"start":{"line":20,"column":6},"end":{"line":20,"column":74}},"14":{"start":{"line":20,"column":37},"end":{"line":20,"column":72}},"15":{"start":{"line":22,"column":6},"end":{"line":44,"column":9}},"16":{"start":{"line":24,"column":10},"end":{"line":41,"column":13}},"17":{"start":{"line":25,"column":12},"end":{"line":29,"column":13}},"18":{"start":{"line":26,"column":14},"end":{"line":26,"column":74}},"19":{"start":{"line":27,"column":14},"end":{"line":27,"column":24}},"20":{"start":{"line":28,"column":14},"end":{"line":28,"column":21}},"21":{"start":{"line":31,"column":27},"end":{"line":31,"column":43}},"22":{"start":{"line":32,"column":12},"end":{"line":40,"column":13}},"23":{"start":{"line":33,"column":34},"end":{"line":33,"column":52}},"24":{"start":{"line":34,"column":14},"end":{"line":34,"column":64}},"25":{"start":{"line":35,"column":14},"end":{"line":35,"column":77}},"26":{"start":{"line":36,"column":14},"end":{"line":36,"column":24}},"27":{"start":{"line":38,"column":14},"end":{"line":38,"column":92}},"28":{"start":{"line":39,"column":14},"end":{"line":39,"column":25}},"29":{"start":{"line":43,"column":8},"end":{"line":43,"column":19}},"30":{"start":{"line":47,"column":4},"end":{"line":47,"column":84}},"31":{"start":{"line":50,"column":4},"end":{"line":50,"column":43}},"32":{"start":{"line":52,"column":4},"end":{"line":52,"column":15}}},"fnMap":{"0":{"name":"(anonymous_0)","decl":{"start":{"line":10,"column":49},"end":{"line":10,"column":50}},"loc":{"start":{"line":10,"column":65},"end":{"line":54,"column":1}},"line":10},"1":{"name":"(anonymous_1)","decl":{"start":{"line":20,"column":21},"end":{"line":20,"column":22}},"loc":{"start":{"line":20,"column":37},"end":{"line":20,"column":72}},"line":20},"2":{"name":"(anonymous_2)","decl":{"start":{"line":22,"column":24},"end":{"line":22,"column":25}},"loc":{"start":{"line":22,"column":35},"end":{"line":44,"column":7}},"line":22},"3":{"name":"askSkill","decl":{"start":{"line":23,"column":17},"end":{"line":23,"column":25}},"loc":{"start":{"line":23,"column":28},"end":{"line":42,"column":9}},"line":23},"4":{"name":"(anonymous_4)","decl":{"start":{"line":24,"column":78},"end":{"line":24,"column":79}},"loc":{"start":{"line":24,"column":96},"end":{"line":41,"column":11}},"line":24}},"branchMap":{"0":{"loc":{"start":{"line":17,"column":6},"end":{"line":17,"column":40}},"type":"if","locations":[{"start":{"line":17,"column":6},"end":{"line":17,"column":40}},{"start":{},"end":{}}],"line":17},"1":{"loc":{"start":{"line":25,"column":12},"end":{"line":29,"column":13}},"type":"if","locations":[{"start":{"line":25,"column":12},"end":{"line":29,"column":13}},{"start":{},"end":{}}],"line":25},"2":{"loc":{"start":{"line":32,"column":12},"end":{"line":40,"column":13}},"type":"if","locations":[{"start":{"line":32,"column":12},"end":{"line":40,"column":13}},{"start":{"line":37,"column":19},"end":{"line":40,"column":13}}],"line":32},"3":{"loc":{"start":{"line":32,"column":16},"end":{"line":32,"column":72}},"type":"binary-expr","locations":[{"start":{"line":32,"column":16},"end":{"line":32,"column":30}},{"start":{"line":32,"column":34},"end":{"line":32,"column":45}},{"start":{"line":32,"column":49},"end":{"line":32,"column":72}}],"line":32}},"s":{"0":0,"1":0,"2":0,"3":0,"4":0,"5":0,"6":0,"7":0,"8":0,"9":0,"10":0,"11":0,"12":0,"13":0,"14":0,"15":0,"16":0,"17":0,"18":0,"19":0,"20":0,"21":0,"22":0,"23":0,"24":0,"25":0,"26":0,"27":0,"28":0,"29":0,"30":0,"31":0,"32":0},"f":{"0":0,"1":0,"2":0,"3":0,"4":0},"b":{"0":[0,0],"1":[0,0],"2":[0,0],"3":[0,0,0]}}
,"/Users/betaknight/infinity_game/src/components/CharacterTemplate.jsx": {"path":"/Users/betaknight/infinity_game/src/components/CharacterTemplate.jsx","statementMap":{"0":{"start":{"line":5,"column":15},"end":{"line":84,"column":1}},"1":{"start":{"line":86,"column":24},"end":{"line":119,"column":1}},"2":{"start":{"line":121,"column":18},"end":{"line":121,"column":20}},"3":{"start":{"line":122,"column":18},"end":{"line":122,"column":19}},"4":{"start":{"line":124,"column":33},"end":{"line":303,"column":1}},"5":{"start":{"line":125,"column":34},"end":{"line":125,"column":59}},"6":{"start":{"line":126,"column":32},"end":{"line":126,"column":46}},"7":{"start":{"line":127,"column":28},"end":{"line":127,"column":42}},"8":{"start":{"line":129,"column":2},"end":{"line":160,"column":20}},"9":{"start":{"line":130,"column":25},"end":{"line":155,"column":5}},"10":{"start":{"line":131,"column":6},"end":{"line":154,"column":7}},"11":{"start":{"line":132,"column":28},"end":{"line":132,"column":64}},"12":{"start":{"line":133,"column":25},"end":{"line":133,"column":47}},"13":{"start":{"line":135,"column":8},"end":{"line":148,"column":9}},"14":{"start":{"line":136,"column":10},"end":{"line":136,"column":38}},"15":{"start":{"line":139,"column":30},"end":{"line":145,"column":11}},"16":{"start":{"line":146,"column":10},"end":{"line":146,"column":46}},"17":{"start":{"line":147,"column":10},"end":{"line":147,"column":35}},"18":{"start":{"line":150,"column":8},"end":{"line":150,"column":26}},"19":{"start":{"line":152,"column":8},"end":{"line":152,"column":30}},"20":{"start":{"line":153,"column":8},"end":{"line":153,"column":26}},"21":{"start":{"line":157,"column":4},"end":{"line":159,"column":5}},"22":{"start":{"line":158,"column":6},"end":{"line":158,"column":21}},"23":{"start":{"line":162,"column":22},"end":{"line":184,"column":3}},"24":{"start":{"line":163,"column":4},"end":{"line":183,"column":5}},"25":{"start":{"line":164,"column":21},"end":{"line":164,"column":83}},"26":{"start":{"line":165,"column":27},"end":{"line":165,"column":49}},"27":{"start":{"line":166,"column":23},"end":{"line":166,"column":85}},"28":{"start":{"line":168,"column":6},"end":{"line":168,"column":44}},"29":{"start":{"line":168,"column":37},"end":{"line":168,"column":44}},"30":{"start":{"line":170,"column":26},"end":{"line":176,"column":7}},"31":{"start":{"line":178,"column":26},"end":{"line":178,"column":62}},"32":{"start":{"line":179,"column":6},"end":{"line":179,"column":42}},"33":{"start":{"line":180,"column":6},"end":{"line":180,"column":31}},"34":{"start":{"line":182,"column":6},"end":{"line":182,"column":28}},"35":{"start":{"line":186,"column":24},"end":{"line":212,"column":3}},"36":{"start":{"line":187,"column":4},"end":{"line":211,"column":5}},"37":{"start":{"line":188,"column":28},"end":{"line":188,"column":61}},"38":{"start":{"line":189,"column":31},"end":{"line":189,"column":63}},"39":{"start":{"line":190,"column":21},"end":{"line":190,"column":40}},"40":{"start":{"line":192,"column":6},"end":{"line":194,"column":7}},"41":{"start":{"line":193,"column":8},"end":{"line":193,"column":22}},"42":{"start":{"line":196,"column":26},"end":{"line":204,"column":7}},"43":{"start":{"line":206,"column":26},"end":{"line":206,"column":62}},"44":{"start":{"line":207,"column":6},"end":{"line":207,"column":42}},"45":{"start":{"line":208,"column":6},"end":{"line":208,"column":31}},"46":{"start":{"line":210,"column":6},"end":{"line":210,"column":28}},"47":{"start":{"line":214,"column":2},"end":{"line":214,"column":63}},"48":{"start":{"line":214,"column":15},"end":{"line":214,"column":63}},"49":{"start":{"line":215,"column":2},"end":{"line":215,"column":46}},"50":{"start":{"line":215,"column":13},"end":{"line":215,"column":46}},"51":{"start":{"line":216,"column":2},"end":{"line":216,"column":63}},"52":{"start":{"line":216,"column":20},"end":{"line":216,"column":63}},"53":{"start":{"line":218,"column":29},"end":{"line":218,"column":96}},"54":{"start":{"line":220,"column":2},"end":{"line":302,"column":4}},"55":{"start":{"line":230,"column":25},"end":{"line":230,"column":43}},"56":{"start":{"line":252,"column":12},"end":{"line":271,"column":18}},"57":{"start":{"line":257,"column":33},"end":{"line":257,"column":65}},"58":{"start":{"line":265,"column":33},"end":{"line":265,"column":64}},"59":{"start":{"line":278,"column":12},"end":{"line":297,"column":18}},"60":{"start":{"line":283,"column":33},"end":{"line":283,"column":67}},"61":{"start":{"line":291,"column":33},"end":{"line":291,"column":66}}},"fnMap":{"0":{"name":"(anonymous_0)","decl":{"start":{"line":124,"column":33},"end":{"line":124,"column":34}},"loc":{"start":{"line":124,"column":54},"end":{"line":303,"column":1}},"line":124},"1":{"name":"(anonymous_1)","decl":{"start":{"line":129,"column":12},"end":{"line":129,"column":13}},"loc":{"start":{"line":129,"column":18},"end":{"line":160,"column":3}},"line":129},"2":{"name":"(anonymous_2)","decl":{"start":{"line":130,"column":25},"end":{"line":130,"column":26}},"loc":{"start":{"line":130,"column":37},"end":{"line":155,"column":5}},"line":130},"3":{"name":"(anonymous_3)","decl":{"start":{"line":162,"column":22},"end":{"line":162,"column":23}},"loc":{"start":{"line":162,"column":55},"end":{"line":184,"column":3}},"line":162},"4":{"name":"(anonymous_4)","decl":{"start":{"line":186,"column":24},"end":{"line":186,"column":25}},"loc":{"start":{"line":186,"column":42},"end":{"line":212,"column":3}},"line":186},"5":{"name":"(anonymous_5)","decl":{"start":{"line":230,"column":19},"end":{"line":230,"column":20}},"loc":{"start":{"line":230,"column":25},"end":{"line":230,"column":43}},"line":230},"6":{"name":"(anonymous_6)","decl":{"start":{"line":251,"column":55},"end":{"line":251,"column":56}},"loc":{"start":{"line":252,"column":12},"end":{"line":271,"column":18}},"line":252},"7":{"name":"(anonymous_7)","decl":{"start":{"line":257,"column":27},"end":{"line":257,"column":28}},"loc":{"start":{"line":257,"column":33},"end":{"line":257,"column":65}},"line":257},"8":{"name":"(anonymous_8)","decl":{"start":{"line":265,"column":27},"end":{"line":265,"column":28}},"loc":{"start":{"line":265,"column":33},"end":{"line":265,"column":64}},"line":265},"9":{"name":"(anonymous_9)","decl":{"start":{"line":277,"column":57},"end":{"line":277,"column":58}},"loc":{"start":{"line":278,"column":12},"end":{"line":297,"column":18}},"line":278},"10":{"name":"(anonymous_10)","decl":{"start":{"line":283,"column":27},"end":{"line":283,"column":28}},"loc":{"start":{"line":283,"column":33},"end":{"line":283,"column":67}},"line":283},"11":{"name":"(anonymous_11)","decl":{"start":{"line":291,"column":27},"end":{"line":291,"column":28}},"loc":{"start":{"line":291,"column":33},"end":{"line":291,"column":66}},"line":291}},"branchMap":{"0":{"loc":{"start":{"line":135,"column":8},"end":{"line":148,"column":9}},"type":"if","locations":[{"start":{"line":135,"column":8},"end":{"line":148,"column":9}},{"start":{"line":137,"column":15},"end":{"line":148,"column":9}}],"line":135},"1":{"loc":{"start":{"line":157,"column":4},"end":{"line":159,"column":5}},"type":"if","locations":[{"start":{"line":157,"column":4},"end":{"line":159,"column":5}},{"start":{},"end":{}}],"line":157},"2":{"loc":{"start":{"line":164,"column":21},"end":{"line":164,"column":83}},"type":"cond-expr","locations":[{"start":{"line":164,"column":46},"end":{"line":164,"column":62}},{"start":{"line":164,"column":65},"end":{"line":164,"column":83}}],"line":164},"3":{"loc":{"start":{"line":168,"column":6},"end":{"line":168,"column":44}},"type":"if","locations":[{"start":{"line":168,"column":6},"end":{"line":168,"column":44}},{"start":{},"end":{}}],"line":168},"4":{"loc":{"start":{"line":192,"column":6},"end":{"line":194,"column":7}},"type":"if","locations":[{"start":{"line":192,"column":6},"end":{"line":194,"column":7}},{"start":{},"end":{}}],"line":192},"5":{"loc":{"start":{"line":202,"column":50},"end":{"line":202,"column":90}},"type":"cond-expr","locations":[{"start":{"line":202,"column":83},"end":{"line":202,"column":86}},{"start":{"line":202,"column":89},"end":{"line":202,"column":90}}],"line":202},"6":{"loc":{"start":{"line":214,"column":2},"end":{"line":214,"column":63}},"type":"if","locations":[{"start":{"line":214,"column":2},"end":{"line":214,"column":63}},{"start":{},"end":{}}],"line":214},"7":{"loc":{"start":{"line":215,"column":2},"end":{"line":215,"column":46}},"type":"if","locations":[{"start":{"line":215,"column":2},"end":{"line":215,"column":46}},{"start":{},"end":{}}],"line":215},"8":{"loc":{"start":{"line":216,"column":2},"end":{"line":216,"column":63}},"type":"if","locations":[{"start":{"line":216,"column":2},"end":{"line":216,"column":63}},{"start":{},"end":{}}],"line":216}},"s":{"0":1,"1":1,"2":1,"3":1,"4":1,"5":9,"6":9,"7":9,"8":9,"9":5,"10":5,"11":5,"12":5,"13":4,"14":3,"15":1,"16":1,"17":1,"18":4,"19":1,"20":1,"21":5,"22":5,"23":9,"24":1,"25":1,"26":1,"27":1,"28":1,"29":0,"30":1,"31":1,"32":1,"33":1,"34":0,"35":9,"36":0,"37":0,"38":0,"39":0,"40":0,"41":0,"42":0,"43":0,"44":0,"45":0,"46":0,"47":9,"48":5,"49":4,"50":1,"51":3,"52":0,"53":3,"54":3,"55":0,"56":18,"57":0,"58":1,"59":12,"60":0,"61":0},"f":{"0":9,"1":5,"2":5,"3":1,"4":0,"5":0,"6":18,"7":0,"8":1,"9":12,"10":0,"11":0},"b":{"0":[3,1],"1":[5,0],"2":[1,0],"3":[0,1],"4":[0,0],"5":[0,0],"6":[5,4],"7":[1,3],"8":[0,3]},"_coverageSchema":"1a1c01bbd47fc00a2c39e90264f33305004495a9","hash":"00362003059b811ccf5c24ca240e041113eaeae3"}
,"/Users/betaknight/infinity_game/src/components/SkillModal.jsx": {"path":"/Users/betaknight/infinity_game/src/components/SkillModal.jsx","statementMap":{"0":{"start":{"line":3,"column":15},"end":{"line":54,"column":1}},"1":{"start":{"line":56,"column":26},"end":{"line":169,"column":1}},"2":{"start":{"line":63,"column":66},"end":{"line":63,"column":71}},"3":{"start":{"line":65,"column":24},"end":{"line":70,"column":3}},"4":{"start":{"line":66,"column":19},"end":{"line":66,"column":52}},"5":{"start":{"line":67,"column":4},"end":{"line":69,"column":5}},"6":{"start":{"line":68,"column":6},"end":{"line":68,"column":53}},"7":{"start":{"line":72,"column":26},"end":{"line":76,"column":3}},"8":{"start":{"line":73,"column":4},"end":{"line":75,"column":5}},"9":{"start":{"line":74,"column":6},"end":{"line":74,"column":55}},"10":{"start":{"line":78,"column":2},"end":{"line":168,"column":4}},"11":{"start":{"line":93,"column":27},"end":{"line":93,"column":43}},"12":{"start":{"line":103,"column":27},"end":{"line":103,"column":43}},"13":{"start":{"line":113,"column":27},"end":{"line":113,"column":57}},"14":{"start":{"line":126,"column":27},"end":{"line":126,"column":45}},"15":{"start":{"line":136,"column":27},"end":{"line":136,"column":45}},"16":{"start":{"line":146,"column":27},"end":{"line":146,"column":51}}},"fnMap":{"0":{"name":"(anonymous_0)","decl":{"start":{"line":56,"column":26},"end":{"line":56,"column":27}},"loc":{"start":{"line":62,"column":6},"end":{"line":169,"column":1}},"line":62},"1":{"name":"(anonymous_1)","decl":{"start":{"line":65,"column":24},"end":{"line":65,"column":25}},"loc":{"start":{"line":65,"column":36},"end":{"line":70,"column":3}},"line":65},"2":{"name":"(anonymous_2)","decl":{"start":{"line":72,"column":26},"end":{"line":72,"column":27}},"loc":{"start":{"line":72,"column":38},"end":{"line":76,"column":3}},"line":72},"3":{"name":"(anonymous_3)","decl":{"start":{"line":93,"column":21},"end":{"line":93,"column":22}},"loc":{"start":{"line":93,"column":27},"end":{"line":93,"column":43}},"line":93},"4":{"name":"(anonymous_4)","decl":{"start":{"line":103,"column":21},"end":{"line":103,"column":22}},"loc":{"start":{"line":103,"column":27},"end":{"line":103,"column":43}},"line":103},"5":{"name":"(anonymous_5)","decl":{"start":{"line":113,"column":21},"end":{"line":113,"column":22}},"loc":{"start":{"line":113,"column":27},"end":{"line":113,"column":57}},"line":113},"6":{"name":"(anonymous_6)","decl":{"start":{"line":126,"column":21},"end":{"line":126,"column":22}},"loc":{"start":{"line":126,"column":27},"end":{"line":126,"column":45}},"line":126},"7":{"name":"(anonymous_7)","decl":{"start":{"line":136,"column":21},"end":{"line":136,"column":22}},"loc":{"start":{"line":136,"column":27},"end":{"line":136,"column":45}},"line":136},"8":{"name":"(anonymous_8)","decl":{"start":{"line":146,"column":21},"end":{"line":146,"column":22}},"loc":{"start":{"line":146,"column":27},"end":{"line":146,"column":51}},"line":146}},"branchMap":{"0":{"loc":{"start":{"line":63,"column":30},"end":{"line":63,"column":39}},"type":"default-arg","locations":[{"start":{"line":63,"column":38},"end":{"line":63,"column":39}}],"line":63},"1":{"loc":{"start":{"line":67,"column":4},"end":{"line":69,"column":5}},"type":"if","locations":[{"start":{"line":67,"column":4},"end":{"line":69,"column":5}},{"start":{},"end":{}}],"line":67},"2":{"loc":{"start":{"line":73,"column":4},"end":{"line":75,"column":5}},"type":"if","locations":[{"start":{"line":73,"column":4},"end":{"line":75,"column":5}},{"start":{},"end":{}}],"line":73},"3":{"loc":{"start":{"line":97,"column":18},"end":{"line":97,"column":66}},"type":"cond-expr","locations":[{"start":{"line":97,"column":40},"end":{"line":97,"column":61}},{"start":{"line":97,"column":64},"end":{"line":97,"column":66}}],"line":97},"4":{"loc":{"start":{"line":107,"column":18},"end":{"line":107,"column":66}},"type":"cond-expr","locations":[{"start":{"line":107,"column":40},"end":{"line":107,"column":61}},{"start":{"line":107,"column":64},"end":{"line":107,"column":66}}],"line":107},"5":{"loc":{"start":{"line":117,"column":18},"end":{"line":117,"column":66}},"type":"cond-expr","locations":[{"start":{"line":117,"column":40},"end":{"line":117,"column":61}},{"start":{"line":117,"column":64},"end":{"line":117,"column":66}}],"line":117},"6":{"loc":{"start":{"line":130,"column":18},"end":{"line":130,"column":58}},"type":"cond-expr","locations":[{"start":{"line":130,"column":32},"end":{"line":130,"column":53}},{"start":{"line":130,"column":56},"end":{"line":130,"column":58}}],"line":130},"7":{"loc":{"start":{"line":140,"column":18},"end":{"line":140,"column":58}},"type":"cond-expr","locations":[{"start":{"line":140,"column":32},"end":{"line":140,"column":53}},{"start":{"line":140,"column":56},"end":{"line":140,"column":58}}],"line":140},"8":{"loc":{"start":{"line":150,"column":18},"end":{"line":150,"column":58}},"type":"cond-expr","locations":[{"start":{"line":150,"column":32},"end":{"line":150,"column":53}},{"start":{"line":150,"column":56},"end":{"line":150,"column":58}}],"line":150}},"s":{"0":1,"1":1,"2":6,"3":6,"4":3,"5":3,"6":3,"7":6,"8":3,"9":3,"10":6,"11":1,"12":1,"13":1,"14":1,"15":1,"16":1},"f":{"0":6,"1":3,"2":3,"3":1,"4":1,"5":1,"6":1,"7":1,"8":1},"b":{"0":[0],"1":[3,0],"2":[3,0],"3":[1,5],"4":[1,5],"5":[1,5],"6":[1,5],"7":[1,5],"8":[1,5]},"_coverageSchema":"1a1c01bbd47fc00a2c39e90264f33305004495a9","hash":"ccc58ce1669d7f881105fa2187db03bb8386cb5c"}
,"/Users/betaknight/infinity_game/src/components/SkillTree.jsx": {"path":"/Users/betaknight/infinity_game/src/components/SkillTree.jsx","statementMap":{"0":{"start":{"line":4,"column":21},"end":{"line":15,"column":1}},"1":{"start":{"line":17,"column":19},"end":{"line":28,"column":1}},"2":{"start":{"line":30,"column":15},"end":{"line":50,"column":1}},"3":{"start":{"line":52,"column":25},"end":{"line":291,"column":1}},"4":{"start":{"line":59,"column":17},"end":{"line":59,"column":25}},"5":{"start":{"line":60,"column":32},"end":{"line":60,"column":85}},"6":{"start":{"line":62,"column":2},"end":{"line":271,"column":61}},"7":{"start":{"line":63,"column":4},"end":{"line":63,"column":44}},"8":{"start":{"line":63,"column":37},"end":{"line":63,"column":44}},"9":{"start":{"line":66,"column":4},"end":{"line":66,"column":54}},"10":{"start":{"line":68,"column":16},"end":{"line":70,"column":29}},"11":{"start":{"line":72,"column":22},"end":{"line":72,"column":37}},"12":{"start":{"line":75,"column":17},"end":{"line":79,"column":8}},"13":{"start":{"line":78,"column":8},"end":{"line":78,"column":53}},"14":{"start":{"line":81,"column":4},"end":{"line":81,"column":19}},"15":{"start":{"line":84,"column":18},"end":{"line":84,"column":20}},"16":{"start":{"line":85,"column":18},"end":{"line":85,"column":20}},"17":{"start":{"line":88,"column":21},"end":{"line":94,"column":5}},"18":{"start":{"line":95,"column":4},"end":{"line":95,"column":25}},"19":{"start":{"line":98,"column":19},"end":{"line":98,"column":49}},"20":{"start":{"line":99,"column":23},"end":{"line":99,"column":32}},"21":{"start":{"line":101,"column":4},"end":{"line":109,"column":5}},"22":{"start":{"line":102,"column":6},"end":{"line":108,"column":9}},"23":{"start":{"line":103,"column":8},"end":{"line":107,"column":9}},"24":{"start":{"line":104,"column":10},"end":{"line":106,"column":13}},"25":{"start":{"line":105,"column":12},"end":{"line":105,"column":37}},"26":{"start":{"line":111,"column":26},"end":{"line":111,"column":28}},"27":{"start":{"line":112,"column":19},"end":{"line":112,"column":22}},"28":{"start":{"line":113,"column":22},"end":{"line":113,"column":53}},"29":{"start":{"line":115,"column":4},"end":{"line":133,"column":7}},"30":{"start":{"line":116,"column":20},"end":{"line":116,"column":37}},"31":{"start":{"line":117,"column":27},"end":{"line":123,"column":7}},"32":{"start":{"line":124,"column":6},"end":{"line":124,"column":31}},"33":{"start":{"line":125,"column":6},"end":{"line":125,"column":45}},"34":{"start":{"line":128,"column":6},"end":{"line":132,"column":9}},"35":{"start":{"line":136,"column":4},"end":{"line":172,"column":5}},"36":{"start":{"line":137,"column":6},"end":{"line":171,"column":9}},"37":{"start":{"line":138,"column":8},"end":{"line":170,"column":9}},"38":{"start":{"line":139,"column":10},"end":{"line":169,"column":13}},"39":{"start":{"line":140,"column":33},"end":{"line":140,"column":56}},"40":{"start":{"line":141,"column":12},"end":{"line":141,"column":38}},"41":{"start":{"line":141,"column":31},"end":{"line":141,"column":38}},"42":{"start":{"line":143,"column":12},"end":{"line":168,"column":15}},"43":{"start":{"line":144,"column":14},"end":{"line":144,"column":54}},"44":{"start":{"line":144,"column":47},"end":{"line":144,"column":54}},"45":{"start":{"line":146,"column":28},"end":{"line":146,"column":87}},"46":{"start":{"line":147,"column":34},"end":{"line":147,"column":36}},"47":{"start":{"line":149,"column":27},"end":{"line":159,"column":15}},"48":{"start":{"line":160,"column":14},"end":{"line":160,"column":31}},"49":{"start":{"line":163,"column":14},"end":{"line":167,"column":17}},"50":{"start":{"line":175,"column":23},"end":{"line":181,"column":96}},"51":{"start":{"line":176,"column":49},"end":{"line":176,"column":53}},"52":{"start":{"line":177,"column":23},"end":{"line":177,"column":42}},"53":{"start":{"line":178,"column":23},"end":{"line":178,"column":43}},"54":{"start":{"line":181,"column":56},"end":{"line":181,"column":94}},"55":{"start":{"line":184,"column":17},"end":{"line":190,"column":50}},"56":{"start":{"line":188,"column":27},"end":{"line":188,"column":69}},"57":{"start":{"line":189,"column":35},"end":{"line":189,"column":55}},"58":{"start":{"line":190,"column":33},"end":{"line":190,"column":49}},"59":{"start":{"line":193,"column":17},"end":{"line":218,"column":8}},"60":{"start":{"line":202,"column":8},"end":{"line":204,"column":9}},"61":{"start":{"line":203,"column":10},"end":{"line":203,"column":26}},"62":{"start":{"line":207,"column":8},"end":{"line":214,"column":9}},"63":{"start":{"line":208,"column":10},"end":{"line":213,"column":13}},"64":{"start":{"line":217,"column":8},"end":{"line":217,"column":51}},"65":{"start":{"line":221,"column":4},"end":{"line":227,"column":9}},"66":{"start":{"line":222,"column":22},"end":{"line":222,"column":60}},"67":{"start":{"line":224,"column":8},"end":{"line":224,"column":52}},"68":{"start":{"line":224,"column":22},"end":{"line":224,"column":52}},"69":{"start":{"line":225,"column":8},"end":{"line":225,"column":54}},"70":{"start":{"line":225,"column":26},"end":{"line":225,"column":54}},"71":{"start":{"line":226,"column":8},"end":{"line":226,"column":75}},"72":{"start":{"line":230,"column":4},"end":{"line":236,"column":39}},"73":{"start":{"line":231,"column":17},"end":{"line":231,"column":24}},"74":{"start":{"line":235,"column":31},"end":{"line":235,"column":81}},"75":{"start":{"line":239,"column":4},"end":{"line":248,"column":7}},"76":{"start":{"line":240,"column":6},"end":{"line":244,"column":37}},"77":{"start":{"line":241,"column":25},"end":{"line":241,"column":35}},"78":{"start":{"line":242,"column":25},"end":{"line":242,"column":35}},"79":{"start":{"line":243,"column":25},"end":{"line":243,"column":35}},"80":{"start":{"line":244,"column":25},"end":{"line":244,"column":35}},"81":{"start":{"line":246,"column":6},"end":{"line":247,"column":60}},"82":{"start":{"line":247,"column":32},"end":{"line":247,"column":58}},"83":{"start":{"line":252,"column":6},"end":{"line":252,"column":63}},"84":{"start":{"line":252,"column":25},"end":{"line":252,"column":63}},"85":{"start":{"line":253,"column":6},"end":{"line":253,"column":41}},"86":{"start":{"line":254,"column":6},"end":{"line":254,"column":41}},"87":{"start":{"line":258,"column":6},"end":{"line":258,"column":33}},"88":{"start":{"line":259,"column":6},"end":{"line":259,"column":33}},"89":{"start":{"line":263,"column":6},"end":{"line":263,"column":51}},"90":{"start":{"line":263,"column":25},"end":{"line":263,"column":51}},"91":{"start":{"line":264,"column":6},"end":{"line":264,"column":30}},"92":{"start":{"line":265,"column":6},"end":{"line":265,"column":30}},"93":{"start":{"line":268,"column":4},"end":{"line":270,"column":6}},"94":{"start":{"line":269,"column":6},"end":{"line":269,"column":24}},"95":{"start":{"line":273,"column":2},"end":{"line":290,"column":4}},"96":{"start":{"line":285,"column":12},"end":{"line":285,"column":37}}},"fnMap":{"0":{"name":"(anonymous_0)","decl":{"start":{"line":52,"column":25},"end":{"line":52,"column":26}},"loc":{"start":{"line":58,"column":6},"end":{"line":291,"column":1}},"line":58},"1":{"name":"(anonymous_1)","decl":{"start":{"line":62,"column":12},"end":{"line":62,"column":13}},"loc":{"start":{"line":62,"column":18},"end":{"line":271,"column":3}},"line":62},"2":{"name":"(anonymous_2)","decl":{"start":{"line":77,"column":18},"end":{"line":77,"column":19}},"loc":{"start":{"line":77,"column":29},"end":{"line":79,"column":7}},"line":77},"3":{"name":"(anonymous_3)","decl":{"start":{"line":102,"column":37},"end":{"line":102,"column":38}},"loc":{"start":{"line":102,"column":67},"end":{"line":108,"column":7}},"line":102},"4":{"name":"(anonymous_4)","decl":{"start":{"line":104,"column":48},"end":{"line":104,"column":49}},"loc":{"start":{"line":104,"column":60},"end":{"line":106,"column":11}},"line":104},"5":{"name":"(anonymous_5)","decl":{"start":{"line":115,"column":35},"end":{"line":115,"column":36}},"loc":{"start":{"line":115,"column":56},"end":{"line":133,"column":5}},"line":115},"6":{"name":"(anonymous_6)","decl":{"start":{"line":137,"column":37},"end":{"line":137,"column":38}},"loc":{"start":{"line":137,"column":67},"end":{"line":171,"column":7}},"line":137},"7":{"name":"(anonymous_7)","decl":{"start":{"line":139,"column":51},"end":{"line":139,"column":52}},"loc":{"start":{"line":139,"column":79},"end":{"line":169,"column":11}},"line":139},"8":{"name":"(anonymous_8)","decl":{"start":{"line":143,"column":47},"end":{"line":143,"column":48}},"loc":{"start":{"line":143,"column":87},"end":{"line":168,"column":13}},"line":143},"9":{"name":"(anonymous_9)","decl":{"start":{"line":176,"column":44},"end":{"line":176,"column":45}},"loc":{"start":{"line":176,"column":49},"end":{"line":176,"column":53}},"line":176},"10":{"name":"(anonymous_10)","decl":{"start":{"line":177,"column":18},"end":{"line":177,"column":19}},"loc":{"start":{"line":177,"column":23},"end":{"line":177,"column":42}},"line":177},"11":{"name":"(anonymous_11)","decl":{"start":{"line":178,"column":18},"end":{"line":178,"column":19}},"loc":{"start":{"line":178,"column":23},"end":{"line":178,"column":43}},"line":178},"12":{"name":"(anonymous_12)","decl":{"start":{"line":181,"column":51},"end":{"line":181,"column":52}},"loc":{"start":{"line":181,"column":56},"end":{"line":181,"column":94}},"line":181},"13":{"name":"(anonymous_13)","decl":{"start":{"line":188,"column":22},"end":{"line":188,"column":23}},"loc":{"start":{"line":188,"column":27},"end":{"line":188,"column":69}},"line":188},"14":{"name":"(anonymous_14)","decl":{"start":{"line":189,"column":30},"end":{"line":189,"column":31}},"loc":{"start":{"line":189,"column":35},"end":{"line":189,"column":55}},"line":189},"15":{"name":"(anonymous_15)","decl":{"start":{"line":190,"column":28},"end":{"line":190,"column":29}},"loc":{"start":{"line":190,"column":33},"end":{"line":190,"column":49}},"line":190},"16":{"name":"(anonymous_16)","decl":{"start":{"line":201,"column":19},"end":{"line":201,"column":20}},"loc":{"start":{"line":201,"column":33},"end":{"line":205,"column":7}},"line":201},"17":{"name":"(anonymous_17)","decl":{"start":{"line":206,"column":23},"end":{"line":206,"column":24}},"loc":{"start":{"line":206,"column":37},"end":{"line":215,"column":7}},"line":206},"18":{"name":"(anonymous_18)","decl":{"start":{"line":216,"column":22},"end":{"line":216,"column":23}},"loc":{"start":{"line":216,"column":28},"end":{"line":218,"column":7}},"line":216},"19":{"name":"(anonymous_19)","decl":{"start":{"line":222,"column":17},"end":{"line":222,"column":18}},"loc":{"start":{"line":222,"column":22},"end":{"line":222,"column":60}},"line":222},"20":{"name":"(anonymous_20)","decl":{"start":{"line":223,"column":20},"end":{"line":223,"column":21}},"loc":{"start":{"line":223,"column":25},"end":{"line":227,"column":7}},"line":223},"21":{"name":"(anonymous_21)","decl":{"start":{"line":231,"column":12},"end":{"line":231,"column":13}},"loc":{"start":{"line":231,"column":17},"end":{"line":231,"column":24}},"line":231},"22":{"name":"(anonymous_22)","decl":{"start":{"line":235,"column":26},"end":{"line":235,"column":27}},"loc":{"start":{"line":235,"column":31},"end":{"line":235,"column":81}},"line":235},"23":{"name":"(anonymous_23)","decl":{"start":{"line":239,"column":26},"end":{"line":239,"column":27}},"loc":{"start":{"line":239,"column":32},"end":{"line":248,"column":5}},"line":239},"24":{"name":"(anonymous_24)","decl":{"start":{"line":241,"column":20},"end":{"line":241,"column":21}},"loc":{"start":{"line":241,"column":25},"end":{"line":241,"column":35}},"line":241},"25":{"name":"(anonymous_25)","decl":{"start":{"line":242,"column":20},"end":{"line":242,"column":21}},"loc":{"start":{"line":242,"column":25},"end":{"line":242,"column":35}},"line":242},"26":{"name":"(anonymous_26)","decl":{"start":{"line":243,"column":20},"end":{"line":243,"column":21}},"loc":{"start":{"line":243,"column":25},"end":{"line":243,"column":35}},"line":243},"27":{"name":"(anonymous_27)","decl":{"start":{"line":244,"column":20},"end":{"line":244,"column":21}},"loc":{"start":{"line":244,"column":25},"end":{"line":244,"column":35}},"line":244},"28":{"name":"(anonymous_28)","decl":{"start":{"line":247,"column":27},"end":{"line":247,"column":28}},"loc":{"start":{"line":247,"column":32},"end":{"line":247,"column":58}},"line":247},"29":{"name":"dragstarted","decl":{"start":{"line":251,"column":13},"end":{"line":251,"column":24}},"loc":{"start":{"line":251,"column":32},"end":{"line":255,"column":5}},"line":251},"30":{"name":"dragged","decl":{"start":{"line":257,"column":13},"end":{"line":257,"column":20}},"loc":{"start":{"line":257,"column":28},"end":{"line":260,"column":5}},"line":257},"31":{"name":"dragended","decl":{"start":{"line":262,"column":13},"end":{"line":262,"column":22}},"loc":{"start":{"line":262,"column":30},"end":{"line":266,"column":5}},"line":262},"32":{"name":"(anonymous_32)","decl":{"start":{"line":268,"column":11},"end":{"line":268,"column":12}},"loc":{"start":{"line":268,"column":17},"end":{"line":270,"column":5}},"line":268},"33":{"name":"(anonymous_33)","decl":{"start":{"line":284,"column":43},"end":{"line":284,"column":44}},"loc":{"start":{"line":285,"column":12},"end":{"line":285,"column":37}},"line":285}},"branchMap":{"0":{"loc":{"start":{"line":56,"column":2},"end":{"line":56,"column":13}},"type":"default-arg","locations":[{"start":{"line":56,"column":10},"end":{"line":56,"column":13}}],"line":56},"1":{"loc":{"start":{"line":57,"column":2},"end":{"line":57,"column":14}},"type":"default-arg","locations":[{"start":{"line":57,"column":11},"end":{"line":57,"column":14}}],"line":57},"2":{"loc":{"start":{"line":63,"column":4},"end":{"line":63,"column":44}},"type":"if","locations":[{"start":{"line":63,"column":4},"end":{"line":63,"column":44}},{"start":{},"end":{}}],"line":63},"3":{"loc":{"start":{"line":63,"column":8},"end":{"line":63,"column":35}},"type":"binary-expr","locations":[{"start":{"line":63,"column":8},"end":{"line":63,"column":22}},{"start":{"line":63,"column":26},"end":{"line":63,"column":35}}],"line":63},"4":{"loc":{"start":{"line":101,"column":4},"end":{"line":109,"column":5}},"type":"if","locations":[{"start":{"line":101,"column":4},"end":{"line":109,"column":5}},{"start":{},"end":{}}],"line":101},"5":{"loc":{"start":{"line":103,"column":8},"end":{"line":107,"column":9}},"type":"if","locations":[{"start":{"line":103,"column":8},"end":{"line":107,"column":9}},{"start":{},"end":{}}],"line":103},"6":{"loc":{"start":{"line":136,"column":4},"end":{"line":172,"column":5}},"type":"if","locations":[{"start":{"line":136,"column":4},"end":{"line":172,"column":5}},{"start":{},"end":{}}],"line":136},"7":{"loc":{"start":{"line":138,"column":8},"end":{"line":170,"column":9}},"type":"if","locations":[{"start":{"line":138,"column":8},"end":{"line":170,"column":9}},{"start":{},"end":{}}],"line":138},"8":{"loc":{"start":{"line":141,"column":12},"end":{"line":141,"column":38}},"type":"if","locations":[{"start":{"line":141,"column":12},"end":{"line":141,"column":38}},{"start":{},"end":{}}],"line":141},"9":{"loc":{"start":{"line":144,"column":14},"end":{"line":144,"column":54}},"type":"if","locations":[{"start":{"line":144,"column":14},"end":{"line":144,"column":54}},{"start":{},"end":{}}],"line":144},"10":{"loc":{"start":{"line":177,"column":23},"end":{"line":177,"column":42}},"type":"cond-expr","locations":[{"start":{"line":177,"column":34},"end":{"line":177,"column":37}},{"start":{"line":177,"column":40},"end":{"line":177,"column":42}}],"line":177},"11":{"loc":{"start":{"line":178,"column":23},"end":{"line":178,"column":43}},"type":"cond-expr","locations":[{"start":{"line":178,"column":34},"end":{"line":178,"column":37}},{"start":{"line":178,"column":40},"end":{"line":178,"column":43}}],"line":178},"12":{"loc":{"start":{"line":181,"column":56},"end":{"line":181,"column":94}},"type":"cond-expr","locations":[{"start":{"line":181,"column":67},"end":{"line":181,"column":69}},{"start":{"line":181,"column":72},"end":{"line":181,"column":94}}],"line":181},"13":{"loc":{"start":{"line":181,"column":72},"end":{"line":181,"column":94}},"type":"cond-expr","locations":[{"start":{"line":181,"column":87},"end":{"line":181,"column":89}},{"start":{"line":181,"column":92},"end":{"line":181,"column":94}}],"line":181},"14":{"loc":{"start":{"line":188,"column":27},"end":{"line":188,"column":69}},"type":"cond-expr","locations":[{"start":{"line":188,"column":38},"end":{"line":188,"column":60}},{"start":{"line":188,"column":63},"end":{"line":188,"column":69}}],"line":188},"15":{"loc":{"start":{"line":189,"column":35},"end":{"line":189,"column":55}},"type":"cond-expr","locations":[{"start":{"line":189,"column":46},"end":{"line":189,"column":49}},{"start":{"line":189,"column":52},"end":{"line":189,"column":55}}],"line":189},"16":{"loc":{"start":{"line":190,"column":33},"end":{"line":190,"column":49}},"type":"cond-expr","locations":[{"start":{"line":190,"column":44},"end":{"line":190,"column":45}},{"start":{"line":190,"column":48},"end":{"line":190,"column":49}}],"line":190},"17":{"loc":{"start":{"line":202,"column":8},"end":{"line":204,"column":9}},"type":"if","locations":[{"start":{"line":202,"column":8},"end":{"line":204,"column":9}},{"start":{},"end":{}}],"line":202},"18":{"loc":{"start":{"line":202,"column":12},"end":{"line":202,"column":54}},"type":"binary-expr","locations":[{"start":{"line":202,"column":12},"end":{"line":202,"column":21}},{"start":{"line":202,"column":25},"end":{"line":202,"column":38}},{"start":{"line":202,"column":42},"end":{"line":202,"column":54}}],"line":202},"19":{"loc":{"start":{"line":207,"column":8},"end":{"line":214,"column":9}},"type":"if","locations":[{"start":{"line":207,"column":8},"end":{"line":214,"column":9}},{"start":{},"end":{}}],"line":207},"20":{"loc":{"start":{"line":207,"column":12},"end":{"line":207,"column":38}},"type":"binary-expr","locations":[{"start":{"line":207,"column":12},"end":{"line":207,"column":21}},{"start":{"line":207,"column":25},"end":{"line":207,"column":38}}],"line":207},"21":{"loc":{"start":{"line":210,"column":36},"end":{"line":210,"column":55}},"type":"binary-expr","locations":[{"start":{"line":210,"column":36},"end":{"line":210,"column":49}},{"start":{"line":210,"column":53},"end":{"line":210,"column":55}}],"line":210},"22":{"loc":{"start":{"line":210,"column":67},"end":{"line":210,"column":79}},"type":"binary-expr","locations":[{"start":{"line":210,"column":67},"end":{"line":210,"column":74}},{"start":{"line":210,"column":78},"end":{"line":210,"column":79}}],"line":210},"23":{"loc":{"start":{"line":222,"column":22},"end":{"line":222,"column":60}},"type":"cond-expr","locations":[{"start":{"line":222,"column":33},"end":{"line":222,"column":35}},{"start":{"line":222,"column":38},"end":{"line":222,"column":60}}],"line":222},"24":{"loc":{"start":{"line":222,"column":38},"end":{"line":222,"column":60}},"type":"cond-expr","locations":[{"start":{"line":222,"column":53},"end":{"line":222,"column":55}},{"start":{"line":222,"column":58},"end":{"line":222,"column":60}}],"line":222},"25":{"loc":{"start":{"line":224,"column":8},"end":{"line":224,"column":52}},"type":"if","locations":[{"start":{"line":224,"column":8},"end":{"line":224,"column":52}},{"start":{},"end":{}}],"line":224},"26":{"loc":{"start":{"line":225,"column":8},"end":{"line":225,"column":54}},"type":"if","locations":[{"start":{"line":225,"column":8},"end":{"line":225,"column":54}},{"start":{},"end":{}}],"line":225},"27":{"loc":{"start":{"line":226,"column":15},"end":{"line":226,"column":74}},"type":"cond-expr","locations":[{"start":{"line":226,"column":29},"end":{"line":226,"column":51}},{"start":{"line":226,"column":54},"end":{"line":226,"column":74}}],"line":226},"28":{"loc":{"start":{"line":235,"column":31},"end":{"line":235,"column":81}},"type":"cond-expr","locations":[{"start":{"line":235,"column":42},"end":{"line":235,"column":48}},{"start":{"line":235,"column":51},"end":{"line":235,"column":81}}],"line":235},"29":{"loc":{"start":{"line":235,"column":51},"end":{"line":235,"column":81}},"type":"cond-expr","locations":[{"start":{"line":235,"column":66},"end":{"line":235,"column":72}},{"start":{"line":235,"column":75},"end":{"line":235,"column":81}}],"line":235},"30":{"loc":{"start":{"line":252,"column":6},"end":{"line":252,"column":63}},"type":"if","locations":[{"start":{"line":252,"column":6},"end":{"line":252,"column":63}},{"start":{},"end":{}}],"line":252},"31":{"loc":{"start":{"line":263,"column":6},"end":{"line":263,"column":51}},"type":"if","locations":[{"start":{"line":263,"column":6},"end":{"line":263,"column":51}},{"start":{},"end":{}}],"line":263},"32":{"loc":{"start":{"line":276,"column":7},"end":{"line":288,"column":7}},"type":"binary-expr","locations":[{"start":{"line":276,"column":7},"end":{"line":276,"column":22}},{"start":{"line":277,"column":8},"end":{"line":287,"column":14}}],"line":276}},"s":{"0":1,"1":1,"2":1,"3":1,"4":4,"5":4,"6":4,"7":4,"8":4,"9":0,"10":0,"11":0,"12":0,"13":0,"14":0,"15":0,"16":0,"17":0,"18":0,"19":0,"20":0,"21":0,"22":0,"23":0,"24":0,"25":0,"26":0,"27":0,"28":0,"29":0,"30":0,"31":0,"32":0,"33":0,"34":0,"35":0,"36":0,"37":0,"38":0,"39":0,"40":0,"41":0,"42":0,"43":0,"44":0,"45":0,"46":0,"47":0,"48":0,"49":0,"50":0,"51":0,"52":0,"53":0,"54":0,"55":0,"56":0,"57":0,"58":0,"59":0,"60":0,"61":0,"62":0,"63":0,"64":0,"65":0,"66":0,"67":0,"68":0,"69":0,"70":0,"71":0,"72":0,"73":0,"74":0,"75":0,"76":0,"77":0,"78":0,"79":0,"80":0,"81":0,"82":0,"83":0,"84":0,"85":0,"86":0,"87":0,"88":0,"89":0,"90":0,"91":0,"92":0,"93":0,"94":0,"95":4,"96":0},"f":{"0":4,"1":4,"2":0,"3":0,"4":0,"5":0,"6":0,"7":0,"8":0,"9":0,"10":0,"11":0,"12":0,"13":0,"14":0,"15":0,"16":0,"17":0,"18":0,"19":0,"20":0,"21":0,"22":0,"23":0,"24":0,"25":0,"26":0,"27":0,"28":0,"29":0,"30":0,"31":0,"32":0,"33":0},"b":{"0":[4],"1":[4],"2":[4,0],"3":[4,0],"4":[0,0],"5":[0,0],"6":[0,0],"7":[0,0],"8":[0,0],"9":[0,0],"10":[0,0],"11":[0,0],"12":[0,0],"13":[0,0],"14":[0,0],"15":[0,0],"16":[0,0],"17":[0,0],"18":[0,0,0],"19":[0,0],"20":[0,0],"21":[0,0],"22":[0,0],"23":[0,0],"24":[0,0],"25":[0,0],"26":[0,0],"27":[0,0],"28":[0,0],"29":[0,0],"30":[0,0],"31":[0,0],"32":[4,0]},"_coverageSchema":"1a1c01bbd47fc00a2c39e90264f33305004495a9","hash":"c52cedcce7a6512e3ab31b5d1dee6b526eedcb16"}
,"/Users/betaknight/infinity_game/src/frontend/app.js": {"path":"/Users/betaknight/infinity_game/src/frontend/app.js","statementMap":{"0":{"start":{"line":6,"column":12},"end":{"line":6,"column":41}},"1":{"start":{"line":7,"column":11},"end":{"line":7,"column":27}},"2":{"start":{"line":8,"column":13},"end":{"line":8,"column":25}},"3":{"start":{"line":11,"column":0},"end":{"line":20,"column":3}},"4":{"start":{"line":12,"column":21},"end":{"line":12,"column":60}},"5":{"start":{"line":13,"column":2},"end":{"line":19,"column":3}},"6":{"start":{"line":14,"column":4},"end":{"line":14,"column":39}},"7":{"start":{"line":16,"column":4},"end":{"line":16,"column":38}},"8":{"start":{"line":18,"column":4},"end":{"line":18,"column":38}},"9":{"start":{"line":23,"column":0},"end":{"line":31,"column":3}},"10":{"start":{"line":24,"column":2},"end":{"line":30,"column":3}},"11":{"start":{"line":25,"column":4},"end":{"line":25,"column":24}},"12":{"start":{"line":26,"column":4},"end":{"line":26,"column":29}},"13":{"start":{"line":28,"column":4},"end":{"line":28,"column":47}},"14":{"start":{"line":29,"column":4},"end":{"line":29,"column":50}},"15":{"start":{"line":34,"column":2},"end":{"line":50,"column":3}},"16":{"start":{"line":35,"column":26},"end":{"line":35,"column":66}},"17":{"start":{"line":36,"column":20},"end":{"line":36,"column":48}},"18":{"start":{"line":37,"column":26},"end":{"line":37,"column":69}},"19":{"start":{"line":39,"column":4},"end":{"line":43,"column":7}},"20":{"start":{"line":45,"column":4},"end":{"line":47,"column":5}},"21":{"start":{"line":46,"column":6},"end":{"line":46,"column":31}},"22":{"start":{"line":49,"column":4},"end":{"line":49,"column":55}},"23":{"start":{"line":53,"column":19},"end":{"line":53,"column":21}},"24":{"start":{"line":54,"column":17},"end":{"line":54,"column":19}},"25":{"start":{"line":57,"column":17},"end":{"line":57,"column":59}},"26":{"start":{"line":58,"column":2},"end":{"line":58,"column":41}},"27":{"start":{"line":60,"column":2},"end":{"line":105,"column":7}},"28":{"start":{"line":62,"column":23},"end":{"line":62,"column":45}},"29":{"start":{"line":63,"column":6},"end":{"line":66,"column":7}},"30":{"start":{"line":64,"column":8},"end":{"line":64,"column":67}},"31":{"start":{"line":65,"column":8},"end":{"line":65,"column":15}},"32":{"start":{"line":68,"column":6},"end":{"line":68,"column":58}},"33":{"start":{"line":69,"column":6},"end":{"line":69,"column":45}},"34":{"start":{"line":72,"column":6},"end":{"line":72,"column":34}},"35":{"start":{"line":73,"column":6},"end":{"line":76,"column":7}},"36":{"start":{"line":74,"column":8},"end":{"line":74,"column":69}},"37":{"start":{"line":75,"column":8},"end":{"line":75,"column":15}},"38":{"start":{"line":78,"column":17},"end":{"line":78,"column":19}},"39":{"start":{"line":81,"column":8},"end":{"line":94,"column":9}},"40":{"start":{"line":82,"column":10},"end":{"line":85,"column":67}},"41":{"start":{"line":87,"column":29},"end":{"line":87,"column":45}},"42":{"start":{"line":88,"column":10},"end":{"line":91,"column":11}},"43":{"start":{"line":89,"column":25},"end":{"line":89,"column":74}},"44":{"start":{"line":90,"column":12},"end":{"line":90,"column":97}},"45":{"start":{"line":93,"column":10},"end":{"line":93,"column":36}},"46":{"start":{"line":97,"column":6},"end":{"line":97,"column":57}},"47":{"start":{"line":97,"column":37},"end":{"line":97,"column":55}},"48":{"start":{"line":98,"column":6},"end":{"line":98,"column":30}},"49":{"start":{"line":100,"column":6},"end":{"line":100,"column":41}},"50":{"start":{"line":101,"column":6},"end":{"line":101,"column":23}},"51":{"start":{"line":104,"column":6},"end":{"line":104,"column":68}},"52":{"start":{"line":109,"column":2},"end":{"line":122,"column":5}},"53":{"start":{"line":110,"column":19},"end":{"line":110,"column":66}},"54":{"start":{"line":111,"column":22},"end":{"line":111,"column":38}},"55":{"start":{"line":113,"column":4},"end":{"line":113,"column":38}},"56":{"start":{"line":113,"column":31},"end":{"line":113,"column":38}},"57":{"start":{"line":115,"column":4},"end":{"line":115,"column":80}},"58":{"start":{"line":116,"column":4},"end":{"line":121,"column":5}},"59":{"start":{"line":117,"column":21},"end":{"line":117,"column":53}},"60":{"start":{"line":118,"column":6},"end":{"line":118,"column":27}},"61":{"start":{"line":119,"column":6},"end":{"line":119,"column":33}},"62":{"start":{"line":120,"column":6},"end":{"line":120,"column":33}},"63":{"start":{"line":126,"column":15},"end":{"line":126,"column":63}},"64":{"start":{"line":128,"column":2},"end":{"line":178,"column":5}},"65":{"start":{"line":129,"column":4},"end":{"line":129,"column":23}},"66":{"start":{"line":131,"column":17},"end":{"line":131,"column":75}},"67":{"start":{"line":132,"column":4},"end":{"line":132,"column":62}},"68":{"start":{"line":132,"column":15},"end":{"line":132,"column":62}},"69":{"start":{"line":134,"column":29},"end":{"line":134,"column":59}},"70":{"start":{"line":135,"column":21},"end":{"line":135,"column":43}},"71":{"start":{"line":137,"column":4},"end":{"line":139,"column":5}},"72":{"start":{"line":138,"column":6},"end":{"line":138,"column":59}},"73":{"start":{"line":141,"column":4},"end":{"line":141,"column":38}},"74":{"start":{"line":142,"column":4},"end":{"line":142,"column":25}},"75":{"start":{"line":144,"column":20},"end":{"line":144,"column":24}},"76":{"start":{"line":146,"column":4},"end":{"line":157,"column":7}},"77":{"start":{"line":147,"column":21},"end":{"line":147,"column":68}},"78":{"start":{"line":148,"column":28},"end":{"line":148,"column":49}},"79":{"start":{"line":150,"column":6},"end":{"line":156,"column":7}},"80":{"start":{"line":151,"column":8},"end":{"line":151,"column":26}},"81":{"start":{"line":153,"column":8},"end":{"line":155,"column":10}},"82":{"start":{"line":159,"column":4},"end":{"line":160,"column":68}},"83":{"start":{"line":160,"column":6},"end":{"line":160,"column":68}},"84":{"start":{"line":163,"column":17},"end":{"line":163,"column":33}},"85":{"start":{"line":165,"column":4},"end":{"line":165,"column":50}},"86":{"start":{"line":167,"column":4},"end":{"line":170,"column":5}},"87":{"start":{"line":168,"column":6},"end":{"line":168,"column":59}},"88":{"start":{"line":169,"column":6},"end":{"line":169,"column":13}},"89":{"start":{"line":173,"column":4},"end":{"line":173,"column":69}},"90":{"start":{"line":175,"column":4},"end":{"line":175,"column":42}},"91":{"start":{"line":176,"column":4},"end":{"line":176,"column":17}},"92":{"start":{"line":177,"column":4},"end":{"line":177,"column":21}},"93":{"start":{"line":182,"column":15},"end":{"line":182,"column":17}},"94":{"start":{"line":185,"column":4},"end":{"line":192,"column":5}},"95":{"start":{"line":186,"column":18},"end":{"line":186,"column":26}},"96":{"start":{"line":187,"column":6},"end":{"line":191,"column":7}},"97":{"start":{"line":188,"column":8},"end":{"line":188,"column":43}},"98":{"start":{"line":189,"column":13},"end":{"line":191,"column":7}},"99":{"start":{"line":190,"column":8},"end":{"line":190,"column":18}},"100":{"start":{"line":195,"column":2},"end":{"line":195,"column":15}},"101":{"start":{"line":196,"column":2},"end":{"line":196,"column":14}},"102":{"start":{"line":200,"column":15},"end":{"line":200,"column":56}},"103":{"start":{"line":201,"column":2},"end":{"line":201,"column":41}},"104":{"start":{"line":203,"column":2},"end":{"line":342,"column":7}},"105":{"start":{"line":205,"column":25},"end":{"line":205,"column":39}},"106":{"start":{"line":206,"column":6},"end":{"line":206,"column":26}},"107":{"start":{"line":208,"column":6},"end":{"line":211,"column":7}},"108":{"start":{"line":209,"column":8},"end":{"line":209,"column":57}},"109":{"start":{"line":210,"column":8},"end":{"line":210,"column":15}},"110":{"start":{"line":213,"column":6},"end":{"line":338,"column":9}},"111":{"start":{"line":214,"column":23},"end":{"line":214,"column":40}},"112":{"start":{"line":215,"column":27},"end":{"line":215,"column":48}},"113":{"start":{"line":216,"column":32},"end":{"line":219,"column":9}},"114":{"start":{"line":217,"column":24},"end":{"line":217,"column":33}},"115":{"start":{"line":221,"column":24},"end":{"line":221,"column":62}},"116":{"start":{"line":222,"column":29},"end":{"line":222,"column":56}},"117":{"start":{"line":224,"column":28},"end":{"line":224,"column":56}},"118":{"start":{"line":227,"column":23},"end":{"line":227,"column":52}},"119":{"start":{"line":230,"column":25},"end":{"line":230,"column":52}},"120":{"start":{"line":231,"column":8},"end":{"line":233,"column":12}},"121":{"start":{"line":234,"column":8},"end":{"line":234,"column":56}},"122":{"start":{"line":235,"column":8},"end":{"line":235,"column":41}},"123":{"start":{"line":236,"column":8},"end":{"line":236,"column":47}},"124":{"start":{"line":237,"column":8},"end":{"line":237,"column":42}},"125":{"start":{"line":239,"column":8},"end":{"line":239,"column":37}},"126":{"start":{"line":240,"column":8},"end":{"line":240,"column":85}},"127":{"start":{"line":242,"column":26},"end":{"line":242,"column":58}},"128":{"start":{"line":243,"column":8},"end":{"line":243,"column":36}},"129":{"start":{"line":244,"column":8},"end":{"line":244,"column":44}},"130":{"start":{"line":246,"column":24},"end":{"line":246,"column":54}},"131":{"start":{"line":247,"column":8},"end":{"line":247,"column":45}},"132":{"start":{"line":248,"column":8},"end":{"line":248,"column":42}},"133":{"start":{"line":250,"column":26},"end":{"line":250,"column":58}},"134":{"start":{"line":251,"column":8},"end":{"line":251,"column":36}},"135":{"start":{"line":253,"column":8},"end":{"line":253,"column":38}},"136":{"start":{"line":254,"column":8},"end":{"line":254,"column":36}},"137":{"start":{"line":255,"column":8},"end":{"line":255,"column":38}},"138":{"start":{"line":258,"column":26},"end":{"line":258,"column":58}},"139":{"start":{"line":259,"column":8},"end":{"line":259,"column":44}},"140":{"start":{"line":260,"column":8},"end":{"line":260,"column":44}},"141":{"start":{"line":261,"column":8},"end":{"line":311,"column":10}},"142":{"start":{"line":262,"column":25},"end":{"line":264,"column":19}},"143":{"start":{"line":265,"column":10},"end":{"line":268,"column":11}},"144":{"start":{"line":266,"column":12},"end":{"line":266,"column":37}},"145":{"start":{"line":267,"column":12},"end":{"line":267,"column":19}},"146":{"start":{"line":270,"column":30},"end":{"line":270,"column":78}},"147":{"start":{"line":272,"column":10},"end":{"line":310,"column":11}},"148":{"start":{"line":273,"column":29},"end":{"line":275,"column":13}},"149":{"start":{"line":276,"column":29},"end":{"line":276,"column":43}},"150":{"start":{"line":278,"column":12},"end":{"line":281,"column":13}},"151":{"start":{"line":279,"column":14},"end":{"line":279,"column":65}},"152":{"start":{"line":280,"column":14},"end":{"line":280,"column":21}},"153":{"start":{"line":283,"column":31},"end":{"line":283,"column":52}},"154":{"start":{"line":285,"column":14},"end":{"line":285,"column":71}},"155":{"start":{"line":286,"column":30},"end":{"line":286,"column":67}},"156":{"start":{"line":288,"column":14},"end":{"line":288,"column":69}},"157":{"start":{"line":290,"column":28},"end":{"line":290,"column":46}},"158":{"start":{"line":291,"column":30},"end":{"line":291,"column":115}},"159":{"start":{"line":292,"column":30},"end":{"line":292,"column":85}},"160":{"start":{"line":293,"column":31},"end":{"line":293,"column":89}},"161":{"start":{"line":294,"column":12},"end":{"line":294,"column":49}},"162":{"start":{"line":295,"column":12},"end":{"line":295,"column":45}},"163":{"start":{"line":296,"column":12},"end":{"line":296,"column":45}},"164":{"start":{"line":298,"column":12},"end":{"line":302,"column":15}},"165":{"start":{"line":304,"column":12},"end":{"line":306,"column":14}},"166":{"start":{"line":308,"column":12},"end":{"line":308,"column":51}},"167":{"start":{"line":309,"column":12},"end":{"line":309,"column":60}},"168":{"start":{"line":312,"column":8},"end":{"line":312,"column":38}},"169":{"start":{"line":314,"column":8},"end":{"line":314,"column":40}},"170":{"start":{"line":316,"column":31},"end":{"line":322,"column":9}},"171":{"start":{"line":317,"column":31},"end":{"line":317,"column":54}},"172":{"start":{"line":318,"column":10},"end":{"line":321,"column":12}},"173":{"start":{"line":324,"column":8},"end":{"line":330,"column":10}},"174":{"start":{"line":325,"column":10},"end":{"line":329,"column":11}},"175":{"start":{"line":326,"column":12},"end":{"line":326,"column":29}},"176":{"start":{"line":327,"column":12},"end":{"line":327,"column":49}},"177":{"start":{"line":328,"column":12},"end":{"line":328,"column":43}},"178":{"start":{"line":331,"column":8},"end":{"line":335,"column":10}},"179":{"start":{"line":332,"column":10},"end":{"line":332,"column":27}},"180":{"start":{"line":333,"column":10},"end":{"line":333,"column":47}},"181":{"start":{"line":334,"column":10},"end":{"line":334,"column":41}},"182":{"start":{"line":337,"column":8},"end":{"line":337,"column":38}},"183":{"start":{"line":341,"column":6},"end":{"line":341,"column":75}},"184":{"start":{"line":346,"column":20},"end":{"line":346,"column":49}},"185":{"start":{"line":347,"column":2},"end":{"line":405,"column":12}},"186":{"start":{"line":385,"column":49},"end":{"line":385,"column":54}},"187":{"start":{"line":386,"column":28},"end":{"line":386,"column":33}},"188":{"start":{"line":389,"column":16},"end":{"line":391,"column":31}},"189":{"start":{"line":407,"column":2},"end":{"line":407,"column":39}},"190":{"start":{"line":410,"column":21},"end":{"line":410,"column":58}},"191":{"start":{"line":411,"column":22},"end":{"line":411,"column":61}},"192":{"start":{"line":412,"column":25},"end":{"line":412,"column":66}},"193":{"start":{"line":414,"column":2},"end":{"line":428,"column":5}},"194":{"start":{"line":415,"column":17},"end":{"line":415,"column":33}},"195":{"start":{"line":416,"column":4},"end":{"line":416,"column":39}},"196":{"start":{"line":417,"column":4},"end":{"line":418,"column":56}},"197":{"start":{"line":420,"column":4},"end":{"line":427,"column":5}},"198":{"start":{"line":421,"column":6},"end":{"line":421,"column":153}},"199":{"start":{"line":422,"column":11},"end":{"line":427,"column":5}},"200":{"start":{"line":423,"column":6},"end":{"line":423,"column":43}},"201":{"start":{"line":425,"column":11},"end":{"line":427,"column":5}},"202":{"start":{"line":426,"column":6},"end":{"line":426,"column":147}},"203":{"start":{"line":430,"column":2},"end":{"line":439,"column":5}},"204":{"start":{"line":431,"column":22},"end":{"line":431,"column":39}},"205":{"start":{"line":432,"column":4},"end":{"line":433,"column":56}},"206":{"start":{"line":434,"column":4},"end":{"line":438,"column":5}},"207":{"start":{"line":435,"column":6},"end":{"line":435,"column":179}},"208":{"start":{"line":436,"column":11},"end":{"line":438,"column":5}},"209":{"start":{"line":437,"column":6},"end":{"line":437,"column":275}},"210":{"start":{"line":442,"column":2},"end":{"line":442,"column":27}},"211":{"start":{"line":445,"column":2},"end":{"line":464,"column":7}},"212":{"start":{"line":447,"column":22},"end":{"line":447,"column":42}},"213":{"start":{"line":448,"column":27},"end":{"line":448,"column":66}},"214":{"start":{"line":449,"column":6},"end":{"line":449,"column":79}},"215":{"start":{"line":451,"column":6},"end":{"line":454,"column":7}},"216":{"start":{"line":452,"column":8},"end":{"line":452,"column":52}},"217":{"start":{"line":453,"column":8},"end":{"line":453,"column":15}},"218":{"start":{"line":456,"column":6},"end":{"line":458,"column":9}},"219":{"start":{"line":457,"column":8},"end":{"line":457,"column":81}},"220":{"start":{"line":461,"column":6},"end":{"line":461,"column":51}},"221":{"start":{"line":462,"column":27},"end":{"line":462,"column":66}},"222":{"start":{"line":463,"column":6},"end":{"line":463,"column":81}},"223":{"start":{"line":466,"column":2},"end":{"line":498,"column":4}},"224":{"start":{"line":467,"column":17},"end":{"line":467,"column":60}},"225":{"start":{"line":468,"column":21},"end":{"line":468,"column":68}},"226":{"start":{"line":469,"column":19},"end":{"line":469,"column":64}},"227":{"start":{"line":470,"column":18},"end":{"line":470,"column":62}},"228":{"start":{"line":471,"column":18},"end":{"line":471,"column":72}},"229":{"start":{"line":472,"column":19},"end":{"line":472,"column":64}},"230":{"start":{"line":473,"column":22},"end":{"line":473,"column":72}},"231":{"start":{"line":475,"column":4},"end":{"line":478,"column":5}},"232":{"start":{"line":476,"column":6},"end":{"line":476,"column":77}},"233":{"start":{"line":477,"column":6},"end":{"line":477,"column":13}},"234":{"start":{"line":480,"column":21},"end":{"line":485,"column":5}},"235":{"start":{"line":487,"column":20},"end":{"line":487,"column":74}},"236":{"start":{"line":488,"column":4},"end":{"line":488,"column":52}},"237":{"start":{"line":490,"column":4},"end":{"line":497,"column":5}},"238":{"start":{"line":491,"column":6},"end":{"line":491,"column":45}},"239":{"start":{"line":492,"column":6},"end":{"line":492,"column":62}},"240":{"start":{"line":493,"column":6},"end":{"line":493,"column":28}},"241":{"start":{"line":495,"column":6},"end":{"line":495,"column":55}},"242":{"start":{"line":496,"column":6},"end":{"line":496,"column":58}},"243":{"start":{"line":501,"column":36},"end":{"line":501,"column":65}},"244":{"start":{"line":502,"column":2},"end":{"line":502,"column":53}},"245":{"start":{"line":503,"column":2},"end":{"line":503,"column":65}},"246":{"start":{"line":504,"column":2},"end":{"line":504,"column":55}},"247":{"start":{"line":507,"column":2},"end":{"line":507,"column":24}},"248":{"start":{"line":511,"column":20},"end":{"line":511,"column":64}},"249":{"start":{"line":512,"column":2},"end":{"line":512,"column":25}},"250":{"start":{"line":512,"column":18},"end":{"line":512,"column":25}},"251":{"start":{"line":515,"column":2},"end":{"line":556,"column":3}},"252":{"start":{"line":516,"column":23},"end":{"line":516,"column":54}},"253":{"start":{"line":517,"column":4},"end":{"line":517,"column":45}},"254":{"start":{"line":518,"column":4},"end":{"line":554,"column":6}},"255":{"start":{"line":555,"column":4},"end":{"line":555,"column":42}},"256":{"start":{"line":558,"column":2},"end":{"line":559,"column":70}},"257":{"start":{"line":560,"column":24},"end":{"line":560,"column":65}},"258":{"start":{"line":562,"column":2},"end":{"line":637,"column":3}},"259":{"start":{"line":563,"column":31},"end":{"line":563,"column":63}},"260":{"start":{"line":564,"column":23},"end":{"line":564,"column":53}},"261":{"start":{"line":565,"column":24},"end":{"line":565,"column":26}},"262":{"start":{"line":567,"column":4},"end":{"line":599,"column":5}},"263":{"start":{"line":568,"column":6},"end":{"line":568,"column":40}},"264":{"start":{"line":568,"column":31},"end":{"line":568,"column":40}},"265":{"start":{"line":570,"column":6},"end":{"line":571,"column":42}},"266":{"start":{"line":573,"column":6},"end":{"line":597,"column":7}},"267":{"start":{"line":574,"column":8},"end":{"line":574,"column":90}},"268":{"start":{"line":575,"column":8},"end":{"line":595,"column":9}},"269":{"start":{"line":577,"column":12},"end":{"line":579,"column":41}},"270":{"start":{"line":578,"column":27},"end":{"line":578,"column":75}},"271":{"start":{"line":580,"column":10},"end":{"line":594,"column":20}},"272":{"start":{"line":596,"column":8},"end":{"line":596,"column":34}},"273":{"start":{"line":598,"column":6},"end":{"line":598,"column":32}},"274":{"start":{"line":601,"column":4},"end":{"line":601,"column":76}},"275":{"start":{"line":604,"column":4},"end":{"line":612,"column":6}},"276":{"start":{"line":606,"column":6},"end":{"line":608,"column":9}},"277":{"start":{"line":607,"column":8},"end":{"line":607,"column":37}},"278":{"start":{"line":610,"column":20},"end":{"line":610,"column":45}},"279":{"start":{"line":611,"column":6},"end":{"line":611,"column":36}},"280":{"start":{"line":614,"column":4},"end":{"line":616,"column":6}},"281":{"start":{"line":615,"column":6},"end":{"line":615,"column":61}},"282":{"start":{"line":618,"column":4},"end":{"line":632,"column":6}},"283":{"start":{"line":619,"column":6},"end":{"line":631,"column":7}},"284":{"start":{"line":620,"column":8},"end":{"line":626,"column":10}},"285":{"start":{"line":627,"column":8},"end":{"line":627,"column":30}},"286":{"start":{"line":629,"column":8},"end":{"line":629,"column":56}},"287":{"start":{"line":630,"column":8},"end":{"line":630,"column":60}},"288":{"start":{"line":634,"column":4},"end":{"line":634,"column":51}},"289":{"start":{"line":635,"column":4},"end":{"line":636,"column":60}},"290":{"start":{"line":641,"column":20},"end":{"line":641,"column":65}},"291":{"start":{"line":642,"column":2},"end":{"line":642,"column":25}},"292":{"start":{"line":642,"column":18},"end":{"line":642,"column":25}},"293":{"start":{"line":644,"column":2},"end":{"line":839,"column":3}},"294":{"start":{"line":646,"column":24},"end":{"line":646,"column":53}},"295":{"start":{"line":647,"column":21},"end":{"line":647,"column":43}},"296":{"start":{"line":649,"column":4},"end":{"line":763,"column":5}},"297":{"start":{"line":651,"column":31},"end":{"line":760,"column":7}},"298":{"start":{"line":762,"column":6},"end":{"line":762,"column":47}},"299":{"start":{"line":766,"column":22},"end":{"line":766,"column":52}},"300":{"start":{"line":767,"column":15},"end":{"line":767,"column":17}},"301":{"start":{"line":769,"column":4},"end":{"line":797,"column":5}},"302":{"start":{"line":770,"column":6},"end":{"line":771,"column":66}},"303":{"start":{"line":773,"column":6},"end":{"line":794,"column":7}},"304":{"start":{"line":774,"column":8},"end":{"line":787,"column":9}},"305":{"start":{"line":775,"column":10},"end":{"line":775,"column":83}},"306":{"start":{"line":776,"column":10},"end":{"line":785,"column":11}},"307":{"start":{"line":777,"column":12},"end":{"line":784,"column":13}},"308":{"start":{"line":778,"column":14},"end":{"line":783,"column":16}},"309":{"start":{"line":786,"column":10},"end":{"line":786,"column":27}},"310":{"start":{"line":789,"column":8},"end":{"line":793,"column":9}},"311":{"start":{"line":790,"column":10},"end":{"line":792,"column":11}},"312":{"start":{"line":791,"column":12},"end":{"line":791,"column":75}},"313":{"start":{"line":796,"column":6},"end":{"line":796,"column":23}},"314":{"start":{"line":799,"column":4},"end":{"line":799,"column":31}},"315":{"start":{"line":802,"column":4},"end":{"line":834,"column":6}},"316":{"start":{"line":803,"column":6},"end":{"line":803,"column":77}},"317":{"start":{"line":805,"column":24},"end":{"line":805,"column":61}},"318":{"start":{"line":806,"column":25},"end":{"line":806,"column":62}},"319":{"start":{"line":807,"column":26},"end":{"line":807,"column":65}},"320":{"start":{"line":808,"column":29},"end":{"line":808,"column":70}},"321":{"start":{"line":811,"column":6},"end":{"line":814,"column":7}},"322":{"start":{"line":812,"column":8},"end":{"line":812,"column":32}},"323":{"start":{"line":813,"column":8},"end":{"line":813,"column":54}},"324":{"start":{"line":817,"column":6},"end":{"line":821,"column":7}},"325":{"start":{"line":818,"column":8},"end":{"line":818,"column":45}},"326":{"start":{"line":819,"column":8},"end":{"line":819,"column":49}},"327":{"start":{"line":820,"column":8},"end":{"line":820,"column":55}},"328":{"start":{"line":824,"column":6},"end":{"line":833,"column":14}},"329":{"start":{"line":825,"column":8},"end":{"line":827,"column":9}},"330":{"start":{"line":826,"column":10},"end":{"line":826,"column":42}},"331":{"start":{"line":829,"column":8},"end":{"line":832,"column":9}},"332":{"start":{"line":830,"column":10},"end":{"line":830,"column":31}},"333":{"start":{"line":831,"column":10},"end":{"line":831,"column":28}},"334":{"start":{"line":836,"column":4},"end":{"line":836,"column":61}},"335":{"start":{"line":837,"column":4},"end":{"line":838,"column":70}},"336":{"start":{"line":844,"column":23},"end":{"line":844,"column":68}},"337":{"start":{"line":846,"column":2},"end":{"line":858,"column":12}},"338":{"start":{"line":861,"column":0},"end":{"line":864,"column":2}},"339":{"start":{"line":862,"column":2},"end":{"line":862,"column":17}},"340":{"start":{"line":863,"column":2},"end":{"line":863,"column":21}}},"fnMap":{"0":{"name":"(anonymous_0)","decl":{"start":{"line":11,"column":25},"end":{"line":11,"column":26}},"loc":{"start":{"line":11,"column":35},"end":{"line":20,"column":1}},"line":11},"1":{"name":"(anonymous_1)","decl":{"start":{"line":23,"column":66},"end":{"line":23,"column":67}},"loc":{"start":{"line":23,"column":78},"end":{"line":31,"column":1}},"line":23},"2":{"name":"checkAdminAndSetupEquipment","decl":{"start":{"line":33,"column":15},"end":{"line":33,"column":42}},"loc":{"start":{"line":33,"column":49},"end":{"line":51,"column":1}},"line":33},"3":{"name":"loadTemplate","decl":{"start":{"line":56,"column":9},"end":{"line":56,"column":21}},"loc":{"start":{"line":56,"column":24},"end":{"line":106,"column":1}},"line":56},"4":{"name":"(anonymous_4)","decl":{"start":{"line":61,"column":10},"end":{"line":61,"column":11}},"loc":{"start":{"line":61,"column":32},"end":{"line":70,"column":5}},"line":61},"5":{"name":"(anonymous_5)","decl":{"start":{"line":71,"column":10},"end":{"line":71,"column":11}},"loc":{"start":{"line":71,"column":24},"end":{"line":102,"column":5}},"line":71},"6":{"name":"buildSection","decl":{"start":{"line":80,"column":15},"end":{"line":80,"column":27}},"loc":{"start":{"line":80,"column":34},"end":{"line":95,"column":7}},"line":80},"7":{"name":"(anonymous_7)","decl":{"start":{"line":97,"column":27},"end":{"line":97,"column":28}},"loc":{"start":{"line":97,"column":37},"end":{"line":97,"column":55}},"line":97},"8":{"name":"(anonymous_8)","decl":{"start":{"line":103,"column":11},"end":{"line":103,"column":12}},"loc":{"start":{"line":103,"column":20},"end":{"line":105,"column":5}},"line":103},"9":{"name":"populateSkillDropdowns","decl":{"start":{"line":108,"column":9},"end":{"line":108,"column":31}},"loc":{"start":{"line":108,"column":44},"end":{"line":123,"column":1}},"line":108},"10":{"name":"(anonymous_10)","decl":{"start":{"line":109,"column":23},"end":{"line":109,"column":24}},"loc":{"start":{"line":109,"column":33},"end":{"line":122,"column":3}},"line":109},"11":{"name":"attachCreateForm","decl":{"start":{"line":125,"column":9},"end":{"line":125,"column":25}},"loc":{"start":{"line":125,"column":28},"end":{"line":179,"column":1}},"line":125},"12":{"name":"(anonymous_12)","decl":{"start":{"line":128,"column":34},"end":{"line":128,"column":35}},"loc":{"start":{"line":128,"column":47},"end":{"line":178,"column":3}},"line":128},"13":{"name":"(anonymous_13)","decl":{"start":{"line":146,"column":25},"end":{"line":146,"column":26}},"loc":{"start":{"line":146,"column":35},"end":{"line":157,"column":5}},"line":146},"14":{"name":"flattenSkills","decl":{"start":{"line":181,"column":9},"end":{"line":181,"column":22}},"loc":{"start":{"line":181,"column":31},"end":{"line":197,"column":1}},"line":181},"15":{"name":"dive","decl":{"start":{"line":184,"column":11},"end":{"line":184,"column":15}},"loc":{"start":{"line":184,"column":21},"end":{"line":193,"column":3}},"line":184},"16":{"name":"loadCharacters","decl":{"start":{"line":199,"column":9},"end":{"line":199,"column":23}},"loc":{"start":{"line":199,"column":26},"end":{"line":343,"column":1}},"line":199},"17":{"name":"(anonymous_17)","decl":{"start":{"line":204,"column":10},"end":{"line":204,"column":11}},"loc":{"start":{"line":204,"column":24},"end":{"line":339,"column":5}},"line":204},"18":{"name":"(anonymous_18)","decl":{"start":{"line":213,"column":41},"end":{"line":213,"column":42}},"loc":{"start":{"line":213,"column":59},"end":{"line":338,"column":7}},"line":213},"19":{"name":"(anonymous_19)","decl":{"start":{"line":217,"column":10},"end":{"line":217,"column":11}},"loc":{"start":{"line":217,"column":24},"end":{"line":217,"column":33}},"line":217},"20":{"name":"(anonymous_20)","decl":{"start":{"line":261,"column":28},"end":{"line":261,"column":29}},"loc":{"start":{"line":261,"column":41},"end":{"line":311,"column":9}},"line":261},"21":{"name":"(anonymous_21)","decl":{"start":{"line":316,"column":31},"end":{"line":316,"column":32}},"loc":{"start":{"line":316,"column":42},"end":{"line":322,"column":9}},"line":316},"22":{"name":"(anonymous_22)","decl":{"start":{"line":324,"column":28},"end":{"line":324,"column":29}},"loc":{"start":{"line":324,"column":35},"end":{"line":330,"column":9}},"line":324},"23":{"name":"(anonymous_23)","decl":{"start":{"line":331,"column":28},"end":{"line":331,"column":29}},"loc":{"start":{"line":331,"column":35},"end":{"line":335,"column":9}},"line":331},"24":{"name":"(anonymous_24)","decl":{"start":{"line":340,"column":11},"end":{"line":340,"column":12}},"loc":{"start":{"line":340,"column":20},"end":{"line":342,"column":5}},"line":340},"25":{"name":"attachEquipmentCreator","decl":{"start":{"line":345,"column":9},"end":{"line":345,"column":31}},"loc":{"start":{"line":345,"column":34},"end":{"line":508,"column":1}},"line":345},"26":{"name":"(anonymous_26)","decl":{"start":{"line":385,"column":39},"end":{"line":385,"column":40}},"loc":{"start":{"line":385,"column":49},"end":{"line":385,"column":54}},"line":385},"27":{"name":"(anonymous_27)","decl":{"start":{"line":386,"column":18},"end":{"line":386,"column":19}},"loc":{"start":{"line":386,"column":28},"end":{"line":386,"column":33}},"line":386},"28":{"name":"(anonymous_28)","decl":{"start":{"line":388,"column":14},"end":{"line":388,"column":15}},"loc":{"start":{"line":389,"column":16},"end":{"line":391,"column":31}},"line":389},"29":{"name":"(anonymous_29)","decl":{"start":{"line":414,"column":40},"end":{"line":414,"column":41}},"loc":{"start":{"line":414,"column":46},"end":{"line":428,"column":3}},"line":414},"30":{"name":"(anonymous_30)","decl":{"start":{"line":430,"column":41},"end":{"line":430,"column":42}},"loc":{"start":{"line":430,"column":47},"end":{"line":439,"column":3}},"line":430},"31":{"name":"(anonymous_31)","decl":{"start":{"line":446,"column":10},"end":{"line":446,"column":11}},"loc":{"start":{"line":446,"column":24},"end":{"line":459,"column":5}},"line":446},"32":{"name":"(anonymous_32)","decl":{"start":{"line":456,"column":35},"end":{"line":456,"column":36}},"loc":{"start":{"line":456,"column":47},"end":{"line":458,"column":7}},"line":456},"33":{"name":"(anonymous_33)","decl":{"start":{"line":460,"column":11},"end":{"line":460,"column":12}},"loc":{"start":{"line":460,"column":20},"end":{"line":464,"column":5}},"line":460},"34":{"name":"(anonymous_34)","decl":{"start":{"line":466,"column":56},"end":{"line":466,"column":57}},"loc":{"start":{"line":466,"column":68},"end":{"line":498,"column":3}},"line":466},"35":{"name":"displayAllEquipment","decl":{"start":{"line":510,"column":15},"end":{"line":510,"column":34}},"loc":{"start":{"line":510,"column":37},"end":{"line":638,"column":1}},"line":510},"36":{"name":"(anonymous_36)","decl":{"start":{"line":578,"column":20},"end":{"line":578,"column":21}},"loc":{"start":{"line":578,"column":27},"end":{"line":578,"column":75}},"line":578},"37":{"name":"(anonymous_37)","decl":{"start":{"line":604,"column":31},"end":{"line":604,"column":32}},"loc":{"start":{"line":604,"column":72},"end":{"line":612,"column":5}},"line":604},"38":{"name":"(anonymous_38)","decl":{"start":{"line":606,"column":57},"end":{"line":606,"column":58}},
[...]
line":16,"column":8},"end":{"line":20,"column":9}},"type":"if","locations":[{"start":{"line":16,"column":8},"end":{"line":20,"column":9}},{"start":{"line":18,"column":15},"end":{"line":20,"column":9}}],"line":16},"1":{"loc":{"start":{"line":29,"column":4},"end":{"line":31,"column":5}},"type":"if","locations":[{"start":{"line":29,"column":4},"end":{"line":31,"column":5}},{"start":{},"end":{}}],"line":29},"2":{"loc":{"start":{"line":35,"column":4},"end":{"line":35,"column":27}},"type":"if","locations":[{"start":{"line":35,"column":4},"end":{"line":35,"column":27}},{"start":{},"end":{}}],"line":35},"3":{"loc":{"start":{"line":55,"column":6},"end":{"line":59,"column":7}},"type":"if","locations":[{"start":{"line":55,"column":6},"end":{"line":59,"column":7}},{"start":{},"end":{}}],"line":55},"4":{"loc":{"start":{"line":57,"column":19},"end":{"line":57,"column":41}},"type":"binary-expr","locations":[{"start":{"line":57,"column":19},"end":{"line":57,"column":36}},{"start":{"line":57,"column":40},"end":{"line":57,"column":41}}],"line":57},"5":{"loc":{"start":{"line":67,"column":6},"end":{"line":75,"column":7}},"type":"if","locations":[{"start":{"line":67,"column":6},"end":{"line":75,"column":7}},{"start":{},"end":{}}],"line":67},"6":{"loc":{"start":{"line":71,"column":23},"end":{"line":71,"column":55}},"type":"binary-expr","locations":[{"start":{"line":71,"column":23},"end":{"line":71,"column":50}},{"start":{"line":71,"column":54},"end":{"line":71,"column":55}}],"line":71},"7":{"loc":{"start":{"line":99,"column":4},"end":{"line":99,"column":27}},"type":"if","locations":[{"start":{"line":99,"column":4},"end":{"line":99,"column":27}},{"start":{},"end":{}}],"line":99},"8":{"loc":{"start":{"line":101,"column":22},"end":{"line":101,"column":65}},"type":"binary-expr","locations":[{"start":{"line":101,"column":22},"end":{"line":101,"column":60}},{"start":{"line":101,"column":64},"end":{"line":101,"column":65}}],"line":101},"9":{"loc":{"start":{"line":104,"column":4},"end":{"line":104,"column":27}},"type":"if","locations":[{"start":{"line":104,"column":4},"end":{"line":104,"column":27}},{"start":{},"end":{}}],"line":104},"10":{"loc":{"start":{"line":117,"column":17},"end":{"line":117,"column":77}},"type":"binary-expr","locations":[{"start":{"line":117,"column":17},"end":{"line":117,"column":72}},{"start":{"line":117,"column":76},"end":{"line":117,"column":77}}],"line":117},"11":{"loc":{"start":{"line":134,"column":4},"end":{"line":134,"column":27}},"type":"if","locations":[{"start":{"line":134,"column":4},"end":{"line":134,"column":27}},{"start":{},"end":{}}],"line":134},"12":{"loc":{"start":{"line":137,"column":6},"end":{"line":137,"column":66}},"type":"binary-expr","locations":[{"start":{"line":137,"column":6},"end":{"line":137,"column":61}},{"start":{"line":137,"column":65},"end":{"line":137,"column":66}}],"line":137},"13":{"loc":{"start":{"line":138,"column":21},"end":{"line":138,"column":77}},"type":"cond-expr","locations":[{"start":{"line":138,"column":42},"end":{"line":138,"column":49}},{"start":{"line":138,"column":52},"end":{"line":138,"column":77}}],"line":138},"14":{"loc":{"start":{"line":140,"column":4},"end":{"line":140,"column":30}},"type":"if","locations":[{"start":{"line":140,"column":4},"end":{"line":140,"column":30}},{"start":{},"end":{}}],"line":140},"15":{"loc":{"start":{"line":160,"column":11},"end":{"line":160,"column":54}},"type":"binary-expr","locations":[{"start":{"line":160,"column":11},"end":{"line":160,"column":49}},{"start":{"line":160,"column":53},"end":{"line":160,"column":54}}],"line":160}},"s":{"0":0,"1":0,"2":0,"3":0,"4":0,"5":0,"6":0,"7":0,"8":0,"9":0,"10":0,"11":0,"12":0,"13":0,"14":0,"15":0,"16":0,"17":0,"18":0,"19":0,"20":0,"21":0,"22":0,"23":0,"24":0,"25":0,"26":0,"27":0,"28":0,"29":0,"30":0,"31":0,"32":0,"33":0,"34":0,"35":0,"36":0,"37":0,"38":0,"39":0,"40":0,"41":0,"42":0,"43":0,"44":0,"45":0,"46":0,"47":0,"48":0,"49":0,"50":0,"51":0,"52":0,"53":0,"54":0,"55":0,"56":0,"57":0,"58":0,"59":0,"60":0,"61":0,"62":0,"63":0,"64":0,"65":0,"66":0,"67":0,"68":0},"f":{"0":0,"1":0,"2":0,"3":0,"4":0,"5":0,"6":0,"7":0,"8":0},"b":{"0":[0,0],"1":[0,0],"2":[0,0],"3":[0,0],"4":[0,0],"5":[0,0],"6":[0,0],"7":[0,0],"8":[0,0],"9":[0,0],"10":[0,0],"11":[0,0],"12":[0,0],"13":[0,0],"14":[0,0],"15":[0,0]}}
,"/Users/betaknight/infinity_game/src/pages/CharacterPage.jsx": {"path":"/Users/betaknight/infinity_game/src/pages/CharacterPage.jsx","statementMap":{"0":{"start":{"line":8,"column":18},"end":{"line":19,"column":1}},"1":{"start":{"line":21,"column":29},"end":{"line":141,"column":1}},"2":{"start":{"line":22,"column":26},"end":{"line":22,"column":37}},"3":{"start":{"line":23,"column":70},"end":{"line":23,"column":95}},"4":{"start":{"line":24,"column":42},"end":{"line":24,"column":56}},"5":{"start":{"line":25,"column":44},"end":{"line":25,"column":58}},"6":{"start":{"line":27,"column":2},"end":{"line":27,"column":54}},"7":{"start":{"line":27,"column":15},"end":{"line":27,"column":54}},"8":{"start":{"line":28,"column":2},"end":{"line":28,"column":46}},"9":{"start":{"line":28,"column":13},"end":{"line":28,"column":46}},"10":{"start":{"line":29,"column":2},"end":{"line":29,"column":55}},"11":{"start":{"line":29,"column":18},"end":{"line":29,"column":55}},"12":{"start":{"line":31,"column":27},"end":{"line":34,"column":3}},"13":{"start":{"line":32,"column":4},"end":{"line":32,"column":26}},"14":{"start":{"line":33,"column":4},"end":{"line":33,"column":27}},"15":{"start":{"line":36,"column":27},"end":{"line":38,"column":3}},"16":{"start":{"line":37,"column":4},"end":{"line":37,"column":28}},"17":{"start":{"line":40,"column":27},"end":{"line":42,"column":3}},"18":{"start":{"line":41,"column":4},"end":{"line":41,"column":27}},"19":{"start":{"line":44,"column":2},"end":{"line":140,"column":4}},"20":{"start":{"line":53,"column":12},"end":{"line":59,"column":21}},"21":{"start":{"line":55,"column":29},"end":{"line":55,"column":51}}},"fnMap":{"0":{"name":"(anonymous_0)","decl":{"start":{"line":21,"column":29},"end":{"line":21,"column":30}},"loc":{"start":{"line":21,"column":35},"end":{"line":141,"column":1}},"line":21},"1":{"name":"(anonymous_1)","decl":{"start":{"line":31,"column":27},"end":{"line":31,"column":28}},"loc":{"start":{"line":31,"column":37},"end":{"line":34,"column":3}},"line":31},"2":{"name":"(anonymous_2)","decl":{"start":{"line":36,"column":27},"end":{"line":36,"column":28}},"loc":{"start":{"line":36,"column":38},"end":{"line":38,"column":3}},"line":36},"3":{"name":"(anonymous_3)","decl":{"start":{"line":40,"column":27},"end":{"line":40,"column":28}},"loc":{"start":{"line":40,"column":33},"end":{"line":42,"column":3}},"line":40},"4":{"name":"(anonymous_4)","decl":{"start":{"line":52,"column":25},"end":{"line":52,"column":26}},"loc":{"start":{"line":53,"column":12},"end":{"line":59,"column":21}},"line":53},"5":{"name":"(anonymous_5)","decl":{"start":{"line":55,"column":23},"end":{"line":55,"column":24}},"loc":{"start":{"line":55,"column":29},"end":{"line":55,"column":51}},"line":55}},"branchMap":{"0":{"loc":{"start":{"line":27,"column":2},"end":{"line":27,"column":54}},"type":"if","locations":[{"start":{"line":27,"column":2},"end":{"line":27,"column":54}},{"start":{},"end":{}}],"line":27},"1":{"loc":{"start":{"line":28,"column":2},"end":{"line":28,"column":46}},"type":"if","locations":[{"start":{"line":28,"column":2},"end":{"line":28,"column":46}},{"start":{},"end":{}}],"line":28},"2":{"loc":{"start":{"line":29,"column":2},"end":{"line":29,"column":55}},"type":"if","locations":[{"start":{"line":29,"column":2},"end":{"line":29,"column":55}},{"start":{},"end":{}}],"line":29},"3":{"loc":{"start":{"line":56,"column":25},"end":{"line":56,"column":62}},"type":"cond-expr","locations":[{"start":{"line":56,"column":49},"end":{"line":56,"column":57}},{"start":{"line":56,"column":60},"end":{"line":56,"column":62}}],"line":56},"4":{"loc":{"start":{"line":63,"column":9},"end":{"line":71,"column":9}},"type":"binary-expr","locations":[{"start":{"line":63,"column":9},"end":{"line":63,"column":21}},{"start":{"line":64,"column":10},"end":{"line":70,"column":16}}],"line":63},"5":{"loc":{"start":{"line":73,"column":9},"end":{"line":81,"column":9}},"type":"binary-expr","locations":[{"start":{"line":73,"column":9},"end":{"line":73,"column":22}},{"start":{"line":74,"column":10},"end":{"line":80,"column":12}}],"line":73},"6":{"loc":{"start":{"line":76,"column":29},"end":{"line":76,"column":72}},"type":"binary-expr","locations":[{"start":{"line":76,"column":29},"end":{"line":76,"column":67}},{"start":{"line":76,"column":71},"end":{"line":76,"column":72}}],"line":76}},"s":{"0":0,"1":0,"2":0,"3":0,"4":0,"5":0,"6":0,"7":0,"8":0,"9":0,"10":0,"11":0,"12":0,"13":0,"14":0,"15":0,"16":0,"17":0,"18":0,"19":0,"20":0,"21":0},"f":{"0":0,"1":0,"2":0,"3":0,"4":0,"5":0},"b":{"0":[0,0],"1":[0,0],"2":[0,0],"3":[0,0],"4":[0,0],"5":[0,0],"6":[0,0]}}
,"/Users/betaknight/infinity_game/src/test/TestCharacterPage.jsx": {"path":"/Users/betaknight/infinity_game/src/test/TestCharacterPage.jsx","statementMap":{"0":{"start":{"line":7,"column":22},"end":{"line":44,"column":1}},"1":{"start":{"line":46,"column":33},"end":{"line":238,"column":1}},"2":{"start":{"line":47,"column":36},"end":{"line":47,"column":59}},"3":{"start":{"line":48,"column":42},"end":{"line":48,"column":56}},"4":{"start":{"line":49,"column":44},"end":{"line":49,"column":58}},"5":{"start":{"line":51,"column":27},"end":{"line":54,"column":3}},"6":{"start":{"line":52,"column":4},"end":{"line":52,"column":26}},"7":{"start":{"line":53,"column":4},"end":{"line":53,"column":27}},"8":{"start":{"line":56,"column":27},"end":{"line":58,"column":3}},"9":{"start":{"line":57,"column":4},"end":{"line":57,"column":28}},"10":{"start":{"line":60,"column":27},"end":{"line":62,"column":3}},"11":{"start":{"line":61,"column":4},"end":{"line":61,"column":27}},"12":{"start":{"line":64,"column":29},"end":{"line":91,"column":3}},"13":{"start":{"line":65,"column":22},"end":{"line":65,"column":59}},"14":{"start":{"line":66,"column":18},"end":{"line":66,"column":45}},"15":{"start":{"line":68,"column":4},"end":{"line":68,"column":27}},"16":{"start":{"line":68,"column":20},"end":{"line":68,"column":27}},"17":{"start":{"line":70,"column":4},"end":{"line":90,"column":7}},"18":{"start":{"line":71,"column":22},"end":{"line":71,"column":31}},"19":{"start":{"line":74,"column":6},"end":{"line":86,"column":7}},"20":{"start":{"line":76,"column":8},"end":{"line":76,"column":61}},"21":{"start":{"line":76,"column":35},"end":{"line":76,"column":61}},"22":{"start":{"line":77,"column":8},"end":{"line":77,"column":73}},"23":{"start":{"line":77,"column":41},"end":{"line":77,"column":73}},"24":{"start":{"line":78,"column":8},"end":{"line":78,"column":93}},"25":{"start":{"line":78,"column":51},"end":{"line":78,"column":93}},"26":{"start":{"line":80,"column":8},"end":{"line":81,"column":73}},"27":{"start":{"line":84,"column":8},"end":{"line":84,"column":61}},"28":{"start":{"line":84,"column":35},"end":{"line":84,"column":61}},"29":{"start":{"line":85,"column":8},"end":{"line":85,"column":89}},"30":{"start":{"line":88,"column":6},"end":{"line":88,"column":51}},"31":{"start":{"line":89,"column":6},"end":{"line":89,"column":21}},"32":{"start":{"line":93,"column":31},"end":{"line":121,"column":3}},"33":{"start":{"line":94,"column":4},"end":{"line":120,"column":7}},"34":{"start":{"line":95,"column":22},"end":{"line":95,"column":31}},"35":{"start":{"line":99,"column":6},"end":{"line":117,"column":7}},"36":{"start":{"line":101,"column":8},"end":{"line":101,"column":82}},"37":{"start":{"line":102,"column":25},"end":{"line":102,"column":91}},"38":{"start":{"line":104,"column":8},"end":{"line":104,"column":39}},"39":{"start":{"line":104,"column":27},"end":{"line":104,"column":39}},"40":{"start":{"line":106,"column":8},"end":{"line":106,"column":82}},"41":{"start":{"line":107,"column":8},"end":{"line":107,"column":56}},"42":{"start":{"line":110,"column":8},"end":{"line":110,"column":62}},"43":{"start":{"line":111,"column":25},"end":{"line":111,"column":91}},"44":{"start":{"line":113,"column":8},"end":{"line":113,"column":39}},"45":{"start":{"line":113,"column":27},"end":{"line":113,"column":39}},"46":{"start":{"line":115,"column":8},"end":{"line":115,"column":66}},"47":{"start":{"line":116,"column":8},"end":{"line":116,"column":56}},"48":{"start":{"line":119,"column":6},"end":{"line":119,"column":21}},"49":{"start":{"line":123,"column":2},"end":{"line":237,"column":4}},"50":{"start":{"line":127,"column":31},"end":{"line":127,"column":58}},"51":{"start":{"line":139,"column":14},"end":{"line":145,"column":23}},"52":{"start":{"line":141,"column":31},"end":{"line":141,"column":53}}},"fnMap":{"0":{"name":"(anonymous_0)","decl":{"start":{"line":46,"column":33},"end":{"line":46,"column":34}},"loc":{"start":{"line":46,"column":39},"end":{"line":238,"column":1}},"line":46},"1":{"name":"(anonymous_1)","decl":{"start":{"line":51,"column":27},"end":{"line":51,"column":28}},"loc":{"start":{"line":51,"column":37},"end":{"line":54,"column":3}},"line":51},"2":{"name":"(anonymous_2)","decl":{"start":{"line":56,"column":27},"end":{"line":56,"column":28}},"loc":{"start":{"line":56,"column":38},"end":{"line":58,"column":3}},"line":56},"3":{"name":"(anonymous_3)","decl":{"start":{"line":60,"column":27},"end":{"line":60,"column":28}},"loc":{"start":{"line":60,"column":33},"end":{"line":62,"column":3}},"line":60},"4":{"name":"(anonymous_4)","decl":{"start":{"line":64,"column":29},"end":{"line":64,"column":30}},"loc":{"start":{"line":64,"column":74},"end":{"line":91,"column":3}},"line":64},"5":{"name":"(anonymous_5)","decl":{"start":{"line":70,"column":17},"end":{"line":70,"column":18}},"loc":{"start":{"line":70,"column":25},"end":{"line":90,"column":5}},"line":70},"6":{"name":"(anonymous_6)","decl":{"start":{"line":93,"column":31},"end":{"line":93,"column":32}},"loc":{"start":{"line":93,"column":76},"end":{"line":121,"column":3}},"line":93},"7":{"name":"(anonymous_7)","decl":{"start":{"line":94,"column":17},"end":{"line":94,"column":18}},"loc":{"start":{"line":94,"column":25},"end":{"line":120,"column":5}},"line":94},"8":{"name":"(anonymous_8)","decl":{"start":{"line":127,"column":25},"end":{"line":127,"column":26}},"loc":{"start":{"line":127,"column":31},"end":{"line":127,"column":58}},"line":127},"9":{"name":"(anonymous_9)","decl":{"start":{"line":138,"column":91},"end":{"line":138,"column":92}},"loc":{"start":{"line":139,"column":14},"end":{"line":145,"column":23}},"line":139},"10":{"name":"(anonymous_10)","decl":{"start":{"line":141,"column":25},"end":{"line":141,"column":26}},"loc":{"start":{"line":141,"column":31},"end":{"line":141,"column":53}},"line":141}},"branchMap":{"0":{"loc":{"start":{"line":68,"column":4},"end":{"line":68,"column":27}},"type":"if","locations":[{"start":{"line":68,"column":4},"end":{"line":68,"column":27}},{"start":{},"end":{}}],"line":68},"1":{"loc":{"start":{"line":74,"column":6},"end":{"line":86,"column":7}},"type":"if","locations":[{"start":{"line":74,"column":6},"end":{"line":86,"column":7}},{"start":{"line":82,"column":13},"end":{"line":86,"column":7}}],"line":74},"2":{"loc":{"start":{"line":74,"column":10},"end":{"line":74,"column":26}},"type":"binary-expr","locations":[{"start":{"line":74,"column":10},"end":{"line":74,"column":14}},{"start":{"line":74,"column":18},"end":{"line":74,"column":26}}],"line":74},"3":{"loc":{"start":{"line":76,"column":8},"end":{"line":76,"column":61}},"type":"if","locations":[{"start":{"line":76,"column":8},"end":{"line":76,"column":61}},{"start":{},"end":{}}],"line":76},"4":{"loc":{"start":{"line":77,"column":8},"end":{"line":77,"column":73}},"type":"if","locations":[{"start":{"line":77,"column":8},"end":{"line":77,"column":73}},{"start":{},"end":{}}],"line":77},"5":{"loc":{"start":{"line":78,"column":8},"end":{"line":78,"column":93}},"type":"if","locations":[{"start":{"line":78,"column":8},"end":{"line":78,"column":93}},{"start":{},"end":{}}],"line":78},"6":{"loc":{"start":{"line":81,"column":11},"end":{"line":81,"column":63}},"type":"binary-expr","locations":[{"start":{"line":81,"column":11},"end":{"line":81,"column":58}},{"start":{"line":81,"column":62},"end":{"line":81,"column":63}}],"line":81},"7":{"loc":{"start":{"line":84,"column":8},"end":{"line":84,"column":61}},"type":"if","locations":[{"start":{"line":84,"column":8},"end":{"line":84,"column":61}},{"start":{},"end":{}}],"line":84},"8":{"loc":{"start":{"line":85,"column":43},"end":{"line":85,"column":79}},"type":"binary-expr","locations":[{"start":{"line":85,"column":43},"end":{"line":85,"column":74}},{"start":{"line":85,"column":78},"end":{"line":85,"column":79}}],"line":85},"9":{"loc":{"start":{"line":99,"column":6},"end":{"line":117,"column":7}},"type":"if","locations":[{"start":{"line":99,"column":6},"end":{"line":117,"column":7}},{"start":{"line":108,"column":13},"end":{"line":117,"column":7}}],"line":99},"10":{"loc":{"start":{"line":99,"column":10},"end":{"line":99,"column":26}},"type":"binary-expr","locations":[{"start":{"line":99,"column":10},"end":{"line":99,"column":14}},{"start":{"line":99,"column":18},"end":{"line":99,"column":26}}],"line":99},"11":{"loc":{"start":{"line":101,"column":23},"end":{"line":101,"column":81}},"type":"binary-expr","locations":[{"start":{"line":101,"column":23},"end":{"line":101,"column":76}},{"start":{"line":101,"column":80},"end":{"line":101,"column":81}}],"line":101},"12":{"loc":{"start":{"line":102,"column":25},"end":{"line":102,"column":91}},"type":"cond-expr","locations":[{"start":{"line":102,"column":46},"end":{"line":102,"column":58}},{"start":{"line":102,"column":61},"end":{"line":102,"column":91}}],"line":102},"13":{"loc":{"start":{"line":104,"column":8},"end":{"line":104,"column":39}},"type":"if","locations":[{"start":{"line":104,"column":8},"end":{"line":104,"column":39}},{"start":{},"end":{}}],"line":104},"14":{"loc":{"start":{"line":110,"column":23},"end":{"line":110,"column":61}},"type":"binary-expr","locations":[{"start":{"line":110,"column":23},"end":{"line":110,"column":56}},{"start":{"line":110,"column":60},"end":{"line":110,"column":61}}],"line":110},"15":{"loc":{"start":{"line":111,"column":25},"end":{"line":111,"column":91}},"type":"cond-expr","locations":[{"start":{"line":111,"column":46},"end":{"line":111,"column":58}},{"start":{"line":111,"column":61},"end":{"line":111,"column":91}}],"line":111},"16":{"loc":{"start":{"line":113,"column":8},"end":{"line":113,"column":39}},"type":"if","locations":[{"start":{"line":113,"column":8},"end":{"line":113,"column":39}},{"start":{},"end":{}}],"line":113},"17":{"loc":{"start":{"line":142,"column":27},"end":{"line":142,"column":64}},"type":"cond-expr","locations":[{"start":{"line":142,"column":51},"end":{"line":142,"column":59}},{"start":{"line":142,"column":62},"end":{"line":142,"column":64}}],"line":142},"18":{"loc":{"start":{"line":149,"column":11},"end":{"line":157,"column":11}},"type":"binary-expr","locations":[{"start":{"line":149,"column":11},"end":{"line":149,"column":23}},{"start":{"line":150,"column":12},"end":{"line":156,"column":18}}],"line":149},"19":{"loc":{"start":{"line":159,"column":11},"end":{"line":167,"column":11}},"type":"binary-expr","locations":[{"start":{"line":159,"column":11},"end":{"line":159,"column":24}},{"start":{"line":160,"column":12},"end":{"line":166,"column":14}}],"line":159}},"s":{"0":0,"1":0,"2":0,"3":0,"4":0,"5":0,"6":0,"7":0,"8":0,"9":0,"10":0,"11":0,"12":0,"13":0,"14":0,"15":0,"16":0,"17":0,"18":0,"19":0,"20":0,"21":0,"22":0,"23":0,"24":0,"25":0,"26":0,"27":0,"28":0,"29":0,"30":0,"31":0,"32":0,"33":0,"34":0,"35":0,"36":0,"37":0,"38":0,"39":0,"40":0,"41":0,"42":0,"43":0,"44":0,"45":0,"46":0,"47":0,"48":0,"49":0,"50":0,"51":0,"52":0},"f":{"0":0,"1":0,"2":0,"3":0,"4":0,"5":0,"6":0,"7":0,"8":0,"9":0,"10":0},"b":{"0":[0,0],"1":[0,0],"2":[0,0],"3":[0,0],"4":[0,0],"5":[0,0],"6":[0,0],"7":[0,0],"8":[0,0],"9":[0,0],"10":[0,0],"11":[0,0],"12":[0,0],"13":[0,0],"14":[0,0],"15":[0,0],"16":[0,0],"17":[0,0],"18":[0,0],"19":[0,0]}}
}
