TN:
SF:src/App.jsx
FN:5,(anonymous_0)
FNF:1
FNH:0
FNDA:0,(anonymous_0)
DA:5,0
DA:6,0
LF:2
LH:0
BRF:0
BRH:0
end_of_record
TN:
SF:src/generate-token.js
FN:3,(anonymous_0)
FN:8,(anonymous_1)
FNF:2
FNH:0
FNDA:0,(anonymous_0)
FNDA:0,(anonymous_1)
DA:1,0
DA:2,0
DA:3,0
DA:5,0
DA:8,0
DA:9,0
DA:11,0
DA:21,0
DA:26,0
DA:37,0
DA:38,0
DA:42,0
DA:43,0
DA:45,0
DA:49,0
LF:15
LH:0
BRF:0
BRH:0
end_of_record
TN:
SF:src/character/character_rank.js
FN:3,createCharacter
FN:23,getAvailableSkills
FN:34,allocateSkillPoint
FNF:3
FNH:0
FNDA:0,createCharacter
FNDA:0,getAvailableSkills
FNDA:0,allocateSkillPoint
DA:1,0
DA:4,0
DA:5,0
DA:6,0
DA:8,0
DA:10,0
DA:11,0
DA:12,0
DA:14,0
DA:15,0
DA:20,0
DA:24,0
DA:25,0
DA:26,0
DA:28,0
DA:30,0
DA:35,0
DA:36,0
DA:37,0
DA:38,0
DA:41,0
LF:21
LH:0
BRDA:8,0,0,0
BRDA:8,0,1,0
BRDA:28,1,0,0
BRDA:28,1,1,0
BRDA:37,2,0,0
BRDA:37,2,1,0
BRF:6
BRH:0
end_of_record
TN:
SF:src/character/delete_character.js
FN:3,deleteCharacter
FN:17,(anonymous_1)
FNF:2
FNH:0
FNDA:0,deleteCharacter
FNDA:0,(anonymous_1)
DA:1,0
DA:4,0
DA:5,0
DA:6,0
DA:8,0
DA:13,0
DA:14,0
DA:15,0
DA:17,0
DA:18,0
DA:19,0
DA:23,0
LF:12
LH:0
BRDA:13,0,0,0
BRDA:13,0,1,0
BRF:2
BRH:0
end_of_record
TN:
SF:src/character/run_character.js
FN:10,(anonymous_0)
FN:20,(anonymous_1)
FN:22,(anonymous_2)
FN:23,askSkill
FN:24,(anonymous_4)
FNF:5
FNH:0
FNDA:0,(anonymous_0)
FNDA:0,(anonymous_1)
FNDA:0,(anonymous_2)
FNDA:0,askSkill
FNDA:0,(anonymous_4)
DA:1,0
DA:2,0
DA:3,0
DA:5,0
DA:10,0
DA:11,0
DA:12,0
DA:14,0
DA:15,0
DA:16,0
DA:17,0
DA:19,0
DA:20,0
DA:22,0
DA:24,0
DA:25,0
DA:26,0
DA:27,0
DA:28,0
DA:31,0
DA:32,0
DA:33,0
DA:34,0
DA:35,0
DA:36,0
DA:38,0
DA:39,0
DA:43,0
DA:47,0
DA:50,0
DA:52,0
LF:31
LH:0
BRDA:17,0,0,0
BRDA:17,0,1,0
BRDA:25,1,0,0
BRDA:25,1,1,0
BRDA:32,2,0,0
BRDA:32,2,1,0
BRDA:32,3,0,0
BRDA:32,3,1,0
BRDA:32,3,2,0
BRF:9
BRH:0
end_of_record
TN:
SF:src/components/CharacterTemplate.jsx
FN:124,(anonymous_0)
FN:129,(anonymous_1)
FN:130,(anonymous_2)
FN:162,(anonymous_3)
FN:186,(anonymous_4)
FN:230,(anonymous_5)
FN:251,(anonymous_6)
FN:257,(anonymous_7)
FN:265,(anonymous_8)
FN:277,(anonymous_9)
FN:283,(anonymous_10)
FN:291,(anonymous_11)
FNF:12
FNH:7
FNDA:9,(anonymous_0)
FNDA:5,(anonymous_1)
FNDA:5,(anonymous_2)
FNDA:1,(anonymous_3)
FNDA:0,(anonymous_4)
FNDA:0,(anonymous_5)
FNDA:18,(anonymous_6)
FNDA:0,(anonymous_7)
FNDA:1,(anonymous_8)
FNDA:12,(anonymous_9)
FNDA:0,(anonymous_10)
FNDA:0,(anonymous_11)
DA:5,1
DA:86,1
DA:121,1
DA:122,1
DA:124,1
DA:125,9
DA:126,9
DA:127,9
DA:129,9
DA:130,5
DA:131,5
DA:132,5
DA:133,5
DA:135,4
DA:136,3
DA:139,1
DA:146,1
DA:147,1
DA:150,4
DA:152,1
DA:153,1
DA:157,5
DA:158,5
DA:162,9
DA:163,1
DA:164,1
DA:165,1
DA:166,1
DA:168,1
DA:170,1
DA:178,1
DA:179,1
DA:180,1
DA:182,0
DA:186,9
DA:187,0
DA:188,0
DA:189,0
DA:190,0
DA:192,0
DA:193,0
DA:196,0
DA:206,0
DA:207,0
DA:208,0
DA:210,0
DA:214,9
DA:215,4
DA:216,3
DA:218,3
DA:220,3
DA:230,0
DA:252,18
DA:257,0
DA:265,1
DA:278,12
DA:283,0
DA:291,0
LF:58
LH:42
BRDA:135,0,0,3
BRDA:135,0,1,1
BRDA:157,1,0,5
BRDA:157,1,1,0
BRDA:164,2,0,1
BRDA:164,2,1,0
BRDA:168,3,0,0
BRDA:168,3,1,1
BRDA:192,4,0,0
BRDA:192,4,1,0
BRDA:202,5,0,0
BRDA:202,5,1,0
BRDA:214,6,0,5
BRDA:214,6,1,4
BRDA:215,7,0,1
BRDA:215,7,1,3
BRDA:216,8,0,0
BRDA:216,8,1,3
BRF:18
BRH:10
end_of_record
TN:
SF:src/components/SkillModal.jsx
FN:56,(anonymous_0)
FN:65,(anonymous_1)
FN:72,(anonymous_2)
FN:93,(anonymous_3)
FN:103,(anonymous_4)
FN:113,(anonymous_5)
FN:126,(anonymous_6)
FN:136,(anonymous_7)
FN:146,(anonymous_8)
FNF:9
FNH:9
FNDA:6,(anonymous_0)
FNDA:3,(anonymous_1)
FNDA:3,(anonymous_2)
FNDA:1,(anonymous_3)
FNDA:1,(anonymous_4)
FNDA:1,(anonymous_5)
FNDA:1,(anonymous_6)
FNDA:1,(anonymous_7)
FNDA:1,(anonymous_8)
DA:3,1
DA:56,1
DA:63,6
DA:65,6
DA:66,3
DA:67,3
DA:68,3
DA:72,6
DA:73,3
DA:74,3
DA:78,6
DA:93,1
DA:103,1
DA:113,1
DA:126,1
DA:136,1
DA:146,1
LF:17
LH:17
BRDA:63,0,0,0
BRDA:67,1,0,3
BRDA:67,1,1,0
BRDA:73,2,0,3
BRDA:73,2,1,0
BRDA:97,3,0,1
BRDA:97,3,1,5
BRDA:107,4,0,1
BRDA:107,4,1,5
BRDA:117,5,0,1
BRDA:117,5,1,5
BRDA:130,6,0,1
BRDA:130,6,1,5
BRDA:140,7,0,1
BRDA:140,7,1,5
BRDA:150,8,0,1
BRDA:150,8,1,5
BRF:17
BRH:14
end_of_record
TN:
SF:src/components/SkillTree.jsx
FN:52,(anonymous_0)
FN:62,(anonymous_1)
FN:77,(anonymous_2)
FN:102,(anonymous_3)
FN:104,(anonymous_4)
FN:115,(anonymous_5)
FN:137,(anonymous_6)
FN:139,(anonymous_7)
FN:143,(anonymous_8)
FN:176,(anonymous_9)
FN:177,(anonymous_10)
FN:178,(anonymous_11)
FN:181,(anonymous_12)
FN:188,(anonymous_13)
FN:189,(anonymous_14)
FN:190,(anonymous_15)
FN:201,(anonymous_16)
FN:206,(anonymous_17)
FN:216,(anonymous_18)
FN:222,(anonymous_19)
FN:223,(anonymous_20)
FN:231,(anonymous_21)
FN:235,(anonymous_22)
FN:239,(anonymous_23)
FN:241,(anonymous_24)
FN:242,(anonymous_25)
FN:243,(anonymous_26)
FN:244,(anonymous_27)
FN:247,(anonymous_28)
FN:251,dragstarted
FN:257,dragged
FN:262,dragended
FN:268,(anonymous_32)
FN:284,(anonymous_33)
FNF:34
FNH:2
FNDA:4,(anonymous_0)
FNDA:4,(anonymous_1)
FNDA:0,(anonymous_2)
FNDA:0,(anonymous_3)
FNDA:0,(anonymous_4)
FNDA:0,(anonymous_5)
FNDA:0,(anonymous_6)
FNDA:0,(anonymous_7)
FNDA:0,(anonymous_8)
FNDA:0,(anonymous_9)
FNDA:0,(anonymous_10)
FNDA:0,(anonymous_11)
FNDA:0,(anonymous_12)
FNDA:0,(anonymous_13)
FNDA:0,(anonymous_14)
FNDA:0,(anonymous_15)
FNDA:0,(anonymous_16)
FNDA:0,(anonymous_17)
FNDA:0,(anonymous_18)
FNDA:0,(anonymous_19)
FNDA:0,(anonymous_20)
FNDA:0,(anonymous_21)
FNDA:0,(anonymous_22)
FNDA:0,(anonymous_23)
FNDA:0,(anonymous_24)
FNDA:0,(anonymous_25)
FNDA:0,(anonymous_26)
FNDA:0,(anonymous_27)
FNDA:0,(anonymous_28)
FNDA:0,dragstarted
FNDA:0,dragged
FNDA:0,dragended
FNDA:0,(anonymous_32)
FNDA:0,(anonymous_33)
DA:4,1
DA:17,1
DA:30,1
DA:52,1
DA:59,4
DA:60,4
DA:62,4
DA:63,4
DA:66,0
DA:68,0
DA:72,0
DA:75,0
DA:78,0
DA:81,0
DA:84,0
DA:85,0
DA:88,0
DA:95,0
DA:98,0
DA:99,0
DA:101,0
DA:102,0
DA:103,0
DA:104,0
DA:105,0
DA:111,0
DA:112,0
DA:113,0
DA:115,0
DA:116,0
DA:117,0
DA:124,0
DA:125,0
DA:128,0
DA:136,0
DA:137,0
DA:138,0
DA:139,0
DA:140,0
DA:141,0
DA:143,0
DA:144,0
DA:146,0
DA:147,0
DA:149,0
DA:160,0
DA:163,0
DA:175,0
DA:176,0
DA:177,0
DA:178,0
DA:181,0
DA:184,0
DA:188,0
DA:189,0
DA:190,0
DA:193,0
DA:202,0
DA:203,0
DA:207,0
DA:208,0
DA:217,0
DA:221,0
DA:222,0
DA:224,0
DA:225,0
DA:226,0
DA:230,0
DA:231,0
DA:235,0
DA:239,0
DA:240,0
DA:241,0
DA:242,0
DA:243,0
DA:244,0
DA:246,0
DA:247,0
DA:252,0
DA:253,0
DA:254,0
DA:258,0
DA:259,0
DA:263,0
DA:264,0
DA:265,0
DA:268,0
DA:269,0
DA:273,4
DA:285,0
LF:90
LH:9
BRDA:56,0,0,4
BRDA:57,1,0,4
BRDA:63,2,0,4
BRDA:63,2,1,0
BRDA:63,3,0,4
BRDA:63,3,1,0
BRDA:101,4,0,0
BRDA:101,4,1,0
BRDA:103,5,0,0
BRDA:103,5,1,0
BRDA:136,6,0,0
BRDA:136,6,1,0
BRDA:138,7,0,0
BRDA:138,7,1,0
BRDA:141,8,0,0
BRDA:141,8,1,0
BRDA:144,9,0,0
BRDA:144,9,1,0
BRDA:177,10,0,0
BRDA:177,10,1,0
BRDA:178,11,0,0
BRDA:178,11,1,0
BRDA:181,12,0,0
BRDA:181,12,1,0
BRDA:181,13,0,0
BRDA:181,13,1,0
BRDA:188,14,0,0
BRDA:188,14,1,0
BRDA:189,15,0,0
BRDA:189,15,1,0
BRDA:190,16,0,0
BRDA:190,16,1,0
BRDA:202,17,0,0
BRDA:202,17,1,0
BRDA:202,18,0,0
BRDA:202,18,1,0
BRDA:202,18,2,0
BRDA:207,19,0,0
BRDA:207,19,1,0
BRDA:207,20,0,0
BRDA:207,20,1,0
BRDA:210,21,0,0
BRDA:210,21,1,0
BRDA:210,22,0,0
BRDA:210,22,1,0
BRDA:222,23,0,0
BRDA:222,23,1,0
BRDA:222,24,0,0
BRDA:222,24,1,0
BRDA:224,25,0,0
BRDA:224,25,1,0
BRDA:225,26,0,0
BRDA:225,26,1,0
BRDA:226,27,0,0
BRDA:226,27,1,0
BRDA:235,28,0,0
BRDA:235,28,1,0
BRDA:235,29,0,0
BRDA:235,29,1,0
BRDA:252,30,0,0
BRDA:252,30,1,0
BRDA:263,31,0,0
BRDA:263,31,1,0
BRDA:276,32,0,4
BRDA:276,32,1,0
BRF:65
BRH:5
end_of_record
TN:
SF:src/frontend/app.js
FN:11,(anonymous_0)
FN:23,(anonymous_1)
FN:33,checkAdminAndSetupEquipment
FN:56,loadTemplate
FN:61,(anonymous_4)
FN:71,(anonymous_5)
FN:80,buildSection
FN:97,(anonymous_7)
FN:103,(anonymous_8)
FN:108,populateSkillDropdowns
FN:109,(anonymous_10)
FN:125,attachCreateForm
FN:128,(anonymous_12)
FN:146,(anonymous_13)
FN:181,flattenSkills
FN:184,dive
FN:199,loadCharacters
FN:204,(anonymous_17)
FN:213,(anonymous_18)
FN:217,(anonymous_19)
FN:261,(anonymous_20)
FN:316,(anonymous_21)
FN:324,(anonymous_22)
FN:331,(anonymous_23)
FN:340,(anonymous_24)
FN:345,attachEquipmentCreator
FN:385,(anonymous_26)
FN:386,(anonymous_27)
FN:388,(anonymous_28)
FN:414,(anonymous_29)
FN:430,(anonymous_30)
FN:446,(anonymous_31)
FN:456,(anonymous_32)
FN:460,(anonymous_33)
FN:466,(anonymous_34)
FN:510,displayAllEquipment
FN:578,(anonymous_36)
FN:604,(anonymous_37)
FN:606,(anonymous_38)
FN:614,(anonymous_39)
FN:618,(anonymous_40)
FN:640,loadEquipmentTemplates
FN:802,(anonymous_42)
FN:824,(anonymous_43)
FN:842,createTemplateItemHtml
FN:861,(anonymous_45)
FNF:46
FNH:0
FNDA:0,(anonymous_0)
FNDA:0,(anonymous_1)
FNDA:0,checkAdminAndSetupEquipment
FNDA:0,loadTemplate
FNDA:0,(anonymous_4)
FNDA:0,(anonymous_5)
FNDA:0,buildSection
FNDA:0,(anonymous_7)
FNDA:0,(anonymous_8)
FNDA:0,populateSkillDropdowns
FNDA:0,(anonymous_10)
FNDA:0,attachCreateForm
FNDA:0,(anonymous_12)
FNDA:0,(anonymous_13)
FNDA:0,flattenSkills
FNDA:0,dive
FNDA:0,loadCharacters
FNDA:0,(anonymous_17)
FNDA:0,(anonymous_18)
FNDA:0,(anonymous_19)
FNDA:0,(anonymous_20)
FNDA:0,(anonymous_21)
FNDA:0,(anonymous_22)
FNDA:0,(anonymous_23)
FNDA:0,(anonymous_24)
FNDA:0,attachEquipmentCreator
FNDA:0,(anonymous_26)
FNDA:0,(anonymous_27)
FNDA:0,(anonymous_28)
FNDA:0,(anonymous_29)
FNDA:0,(anonymous_30)
FNDA:0,(anonymous_31)
FNDA:0,(anonymous_32)
FNDA:0,(anonymous_33)
FNDA:0,(anonymous_34)
FNDA:0,displayAllEquipment
FNDA:0,(anonymous_36)
FNDA:0,(anonymous_37)
FNDA:0,(anonymous_38)
FNDA:0,(anonymous_39)
FNDA:0,(anonymous_40)
FNDA:0,loadEquipmentTemplates
FNDA:0,(anonymous_42)
FNDA:0,(anonymous_43)
FNDA:0,createTemplateItemHtml
FNDA:0,(anonymous_45)
DA:6,0
DA:7,0
DA:8,0
DA:11,0
DA:12,0
DA:13,0
DA:14,0
DA:16,0
DA:18,0
DA:23,0
DA:24,0
DA:25,0
DA:26,0
DA:28,0
DA:29,0
DA:34,0
DA:35,0
DA:36,0
DA:37,0
DA:39,0
DA:45,0
DA:46,0
DA:49,0
DA:53,0
DA:54,0
DA:57,0
DA:58,0
DA:60,0
DA:62,0
DA:63,0
DA:64,0
DA:65,0
DA:68,0
DA:69,0
DA:72,0
DA:73,0
DA:74,0
DA:75,0
DA:78,0
DA:81,0
DA:82,0
DA:87,0
DA:88,0
DA:89,0
DA:90,0
DA:93,0
DA:97,0
DA:98,0
DA:100,0
DA:101,0
DA:104,0
DA:109,0
DA:110,0
DA:111,0
DA:113,0
DA:115,0
DA:116,0
DA:117,0
DA:118,0
DA:119,0
DA:120,0
DA:126,0
DA:128,0
DA:129,0
DA:131,0
DA:132,0
DA:134,0
DA:135,0
DA:137,0
DA:138,0
DA:141,0
DA:142,0
DA:144,0
DA:146,0
DA:147,0
DA:148,0
DA:150,0
DA:151,0
DA:153,0
DA:159,0
DA:160,0
DA:163,0
DA:165,0
DA:167,0
DA:168,0
DA:169,0
DA:173,0
DA:175,0
DA:176,0
DA:177,0
DA:182,0
DA:185,0
DA:186,0
DA:187,0
DA:188,0
DA:189,0
DA:190,0
DA:195,0
DA:196,0
DA:200,0
DA:201,0
DA:203,0
DA:205,0
DA:206,0
DA:208,0
DA:209,0
DA:210,0
DA:213,0
DA:214,0
DA:215,0
DA:216,0
DA:217,0
DA:221,0
DA:222,0
DA:224,0
DA:227,0
DA:230,0
DA:231,0
DA:234,0
DA:235,0
DA:236,0
DA:237,0
DA:239,0
DA:240,0
DA:242,0
DA:243,0
DA:244,0
DA:246,0
DA:247,0
DA:248,0
DA:250,0
DA:251,0
DA:253,0
DA:254,0
DA:255,0
DA:258,0
DA:259,0
DA:260,0
DA:261,0
DA:262,0
DA:265,0
DA:266,0
DA:267,0
DA:270,0
DA:272,0
DA:273,0
DA:276,0
DA:278,0
DA:279,0
DA:280,0
DA:283,0
DA:285,0
DA:286,0
DA:288,0
DA:290,0
DA:291,0
DA:292,0
DA:293,0
DA:294,0
DA:295,0
DA:296,0
DA:298,0
DA:304,0
DA:308,0
DA:309,0
DA:312,0
DA:314,0
DA:316,0
DA:317,0
DA:318,0
DA:324,0
DA:325,0
DA:326,0
DA:327,0
DA:328,0
DA:331,0
DA:332,0
DA:333,0
DA:334,0
DA:337,0
DA:341,0
DA:346,0
DA:347,0
DA:385,0
DA:386,0
DA:389,0
DA:407,0
DA:410,0
DA:411,0
DA:412,0
DA:414,0
DA:415,0
DA:416,0
DA:417,0
DA:420,0
DA:421,0
DA:422,0
DA:423,0
DA:425,0
DA:426,0
DA:430,0
DA:431,0
DA:432,0
DA:434,0
DA:435,0
DA:436,0
DA:437,0
DA:442,0
DA:445,0
DA:447,0
DA:448,0
DA:449,0
DA:451,0
DA:452,0
DA:453,0
DA:456,0
DA:457,0
DA:461,0
DA:462,0
DA:463,0
DA:466,0
DA:467,0
DA:468,0
DA:469,0
DA:470,0
DA:471,0
DA:472,0
DA:473,0
DA:475,0
DA:476,0
DA:477,0
DA:480,0
DA:487,0
DA:488,0
DA:490,0
DA:491,0
DA:492,0
DA:493,0
DA:495,0
DA:496,0
DA:501,0
DA:502,0
DA:503,0
DA:504,0
DA:507,0
DA:511,0
DA:512,0
DA:515,0
DA:516,0
DA:517,0
DA:518,0
DA:555,0
DA:558,0
DA:560,0
DA:562,0
DA:563,0
DA:564,0
DA:565,0
DA:567,0
DA:568,0
DA:570,0
DA:573,0
DA:574,0
DA:575,0
DA:577,0
DA:578,0
DA:580,0
DA:596,0
DA:598,0
DA:601,0
DA:604,0
DA:606,0
DA:607,0
DA:610,0
DA:611,0
DA:614,0
DA:615,0
DA:618,0
DA:619,0
DA:620,0
DA:627,0
DA:629,0
DA:630,0
DA:634,0
DA:635,0
DA:641,0
DA:642,0
DA:644,0
DA:646,0
DA:647,0
DA:649,0
DA:651,0
DA:762,0
DA:766,0
DA:767,0
DA:769,0
DA:770,0
DA:773,0
DA:774,0
DA:775,0
DA:776,0
DA:777,0
DA:778,0
DA:786,0
DA:789,0
DA:790,0
DA:791,0
DA:796,0
DA:799,0
DA:802,0
DA:803,0
DA:805,0
DA:806,0
DA:807,0
DA:808,0
DA:811,0
DA:812,0
DA:813,0
DA:817,0
DA:818,0
DA:819,0
DA:820,0
DA:824,0
DA:825,0
DA:826,0
DA:829,0
DA:830,0
DA:831,0
DA:836,0
DA:837,0
DA:844,0
DA:846,0
DA:861,0
DA:862,0
DA:863,0
LF:335
LH:0
BRDA:13,0,0,0
BRDA:13,0,1,0
BRDA:45,1,0,0
BRDA:45,1,1,0
BRDA:45,2,0,0
BRDA:45,2,1,0
BRDA:63,3,0,0
BRDA:63,3,1,0
BRDA:63,4,0,0
BRDA:63,4,1,0
BRDA:73,5,0,0
BRDA:73,5,1,0
BRDA:81,6,0,0
BRDA:81,6,1,0
BRDA:89,7,0,0
BRDA:89,7,1,0
BRDA:113,8,0,0
BRDA:113,8,1,0
BRDA:113,9,0,0
BRDA:113,9,1,0
BRDA:132,10,0,0
BRDA:132,10,1,0
BRDA:137,11,0,0
BRDA:137,11,1,0
BRDA:137,12,0,0
BRDA:137,12,1,0
BRDA:150,13,0,0
BRDA:150,13,1,0
BRDA:159,14,0,0
BRDA:159,14,1,0
BRDA:167,15,0,0
BRDA:167,15,1,0
BRDA:187,16,0,0
BRDA:187,16,1,0
BRDA:188,17,0,0
BRDA:188,17,1,0
BRDA:189,18,0,0
BRDA:189,18,1,0
BRDA:189,19,0,0
BRDA:189,19,1,0
BRDA:208,20,0,0
BRDA:208,20,1,0
BRDA:214,21,0,0
BRDA:214,21,1,0
BRDA:221,22,0,0
BRDA:221,22,1,0
BRDA:265,23,0,0
BRDA:265,23,1,0
BRDA:278,24,0,0
BRDA:278,24,1,0
BRDA:325,25,0,0
BRDA:325,25,1,0
BRDA:389,26,0,0
BRDA:389,26,1,0
BRDA:390,27,0,0
BRDA:390,27,1,0
BRDA:420,28,0,0
BRDA:420,28,1,0
BRDA:422,29,0,0
BRDA:422,29,1,0
BRDA:425,30,0,0
BRDA:425,30,1,0
BRDA:434,31,0,0
BRDA:434,31,1,0
BRDA:436,32,0,0
BRDA:436,32,1,0
BRDA:447,33,0,0
BRDA:447,33,1,0
BRDA:451,34,0,0
BRDA:451,34,1,0
BRDA:475,35,0,0
BRDA:475,35,1,0
BRDA:475,36,0,0
BRDA:475,36,1,0
BRDA:475,36,2,0
BRDA:475,36,3,0
BRDA:512,37,0,0
BRDA:512,37,1,0
BRDA:515,38,0,0
BRDA:515,38,1,0
BRDA:564,39,0,0
BRDA:564,39,1,0
BRDA:568,40,0,0
BRDA:568,40,1,0
BRDA:577,41,0,0
BRDA:577,41,1,0
BRDA:578,42,0,0
BRDA:578,42,1,0
BRDA:601,43,0,0
BRDA:601,43,1,0
BRDA:642,44,0,0
BRDA:642,44,1,0
BRDA:649,45,0,0
BRDA:649,45,1,0
BRDA:773,46,0,0
BRDA:773,46,1,0
BRDA:811,47,0,0
BRDA:811,47,1,0
BRDA:817,48,0,0
BRDA:817,48,1,0
BRDA:817,49,0,0
BRDA:817,49,1,0
BRDA:819,50,0,0
BRDA:819,50,1,0
BRDA:825,51,0,0
BRDA:825,51,1,0
BRDA:829,52,0,0
BRDA:829,52,1,0
BRDA:849,53,0,0
BRDA:849,53,1,0
BRDA:853,54,0,0
BRDA:853,54,1,0
BRF:112
BRH:0
end_of_record
TN:
SF:src/frontend/server.js
FN:18,(anonymous_0)
FN:22,(anonymous_1)
FNF:2
FNH:0
FNDA:0,(anonymous_0)
FNDA:0,(anonymous_1)
DA:1,0
DA:2,0
DA:3,0
DA:4,0
DA:5,0
DA:6,0
DA:8,0
DA:9,0
DA:12,0
DA:15,0
DA:18,0
DA:19,0
DA:22,0
DA:23,0
LF:14
LH:0
BRF:0
BRH:0
end_of_record
TN:
SF:src/frontend/vite.config.js
FNF:0
FNH:0
LF:0
LH:0
BRF:0
BRH:0
end_of_record
TN:
SF:src/frontend/equipment/equipmentTree.js
FNF:0
FNH:0
LF:0
LH:0
BRF:0
BRH:0
end_of_record
TN:
SF:src/frontend/mystical/arcane_tree.js
FNF:0
FNH:0
LF:0
LH:0
BRF:0
BRH:0
end_of_record
TN:
SF:src/frontend/mystical/Arcane/arcane.js
FN:29,(anonymous_0)
FN:43,loadCharacter
FN:64,renderArcaneTree
FN:86,(anonymous_3)
FN:100,(anonymous_4)
FN:142,(anonymous_5)
FN:148,drawTree
FN:167,(anonymous_7)
FN:168,(anonymous_8)
FN:169,(anonymous_9)
FN:170,(anonymous_10)
FN:171,(anonymous_11)
FN:176,getNode
FN:177,(anonymous_13)
FN:186,(anonymous_14)
FN:190,(anonymous_15)
FN:191,(anonymous_16)
FN:211,(anonymous_17)
FN:219,(anonymous_18)
FN:220,(anonymous_19)
FN:229,(anonymous_20)
FN:230,(anonymous_21)
FN:237,(anonymous_22)
FN:252,(anonymous_23)
FN:258,(anonymous_24)
FN:262,(anonymous_25)
FN:301,(anonymous_26)
FN:312,(anonymous_27)
FN:323,(anonymous_28)
FN:328,(anonymous_29)
FN:333,(anonymous_30)
FN:349,(anonymous_31)
FN:354,(anonymous_32)
FN:359,(anonymous_33)
FN:380,(anonymous_34)
FN:391,(anonymous_35)
FNF:36
FNH:0
FNDA:0,(anonymous_0)
FNDA:0,loadCharacter
FNDA:0,renderArcaneTree
FNDA:0,(anonymous_3)
FNDA:0,(anonymous_4)
FNDA:0,(anonymous_5)
FNDA:0,drawTree
FNDA:0,(anonymous_7)
FNDA:0,(anonymous_8)
FNDA:0,(anonymous_9)
FNDA:0,(anonymous_10)
FNDA:0,(anonymous_11)
FNDA:0,getNode
FNDA:0,(anonymous_13)
FNDA:0,(anonymous_14)
FNDA:0,(anonymous_15)
FNDA:0,(anonymous_16)
FNDA:0,(anonymous_17)
FNDA:0,(anonymous_18)
FNDA:0,(anonymous_19)
FNDA:0,(anonymous_20)
FNDA:0,(anonymous_21)
FNDA:0,(anonymous_22)
FNDA:0,(anonymous_23)
FNDA:0,(anonymous_24)
FNDA:0,(anonymous_25)
FNDA:0,(anonymous_26)
FNDA:0,(anonymous_27)
FNDA:0,(anonymous_28)
FNDA:0,(anonymous_29)
FNDA:0,(anonymous_30)
FNDA:0,(anonymous_31)
FNDA:0,(anonymous_32)
FNDA:0,(anonymous_33)
FNDA:0,(anonymous_34)
FNDA:0,(anonymous_35)
DA:12,0
DA:16,0
DA:21,0
DA:22,0
DA:23,0
DA:25,0
DA:26,0
DA:29,0
DA:30,0
DA:31,0
DA:33,0
DA:44,0
DA:45,0
DA:46,0
DA:47,0
DA:48,0
DA:50,0
DA:51,0
DA:53,0
DA:54,0
DA:65,0
DA:66,0
DA:68,0
DA:69,0
DA:71,0
DA:81,0
DA:82,0
DA:83,0
DA:84,0
DA:86,0
DA:87,0
DA:88,0
DA:89,0
DA:91,0
DA:92,0
DA:94,0
DA:95,0
DA:96,0
DA:97,0
DA:98,0
DA:100,0
DA:101,0
DA:102,0
DA:103,0
DA:105,0
DA:107,0
DA:109,0
DA:110,0
DA:112,0
DA:113,0
DA:126,0
DA:129,0
DA:139,0
DA:142,0
DA:143,0
DA:145,0
DA:149,0
DA:150,0
DA:152,0
DA:154,0
DA:159,0
DA:161,0
DA:167,0
DA:168,0
DA:169,0
DA:170,0
DA:172,0
DA:173,0
DA:177,0
DA:180,0
DA:186,0
DA:188,0
DA:190,0
DA:192,0
DA:194,0
DA:201,0
DA:208,0
DA:209,0
DA:210,0
DA:211,0
DA:212,0
DA:214,0
DA:217,0
DA:219,0
DA:220,0
DA:227,0
DA:229,0
DA:230,0
DA:237,0
DA:238,0
DA:239,0
DA:246,0
DA:252,0
DA:253,0
DA:258,0
DA:259,0
DA:262,0
DA:263,0
DA:265,0
DA:266,0
DA:267,0
DA:268,0
DA:269,0
DA:270,0
DA:271,0
DA:273,0
DA:274,0
DA:275,0
DA:276,0
DA:277,0
DA:278,0
DA:279,0
DA:280,0
DA:281,0
DA:282,0
DA:283,0
DA:285,0
DA:286,0
DA:287,0
DA:288,0
DA:289,0
DA:290,0
DA:291,0
DA:293,0
DA:301,0
DA:302,0
DA:303,0
DA:304,0
DA:305,0
DA:306,0
DA:307,0
DA:308,0
DA:309,0
DA:310,0
DA:311,0
DA:312,0
DA:313,0
DA:314,0
DA:315,0
DA:316,0
DA:318,0
DA:321,0
DA:323,0
DA:326,0
DA:328,0
DA:331,0
DA:334,0
DA:345,0
DA:347,0
DA:349,0
DA:352,0
DA:354,0
DA:357,0
DA:360,0
DA:371,0
DA:372,0
DA:373,0
DA:374,0
DA:375,0
DA:376,0
DA:377,0
DA:378,0
DA:379,0
DA:380,0
DA:382,0
DA:383,0
DA:384,0
DA:385,0
DA:388,0
DA:392,0
DA:395,0
LF:171
LH:0
BRDA:30,0,0,0
BRDA:30,0,1,0
BRDA:31,1,0,0
BRDA:31,1,1,0
BRDA:46,2,0,0
BRDA:46,2,1,0
BRDA:107,3,0,0
BRDA:107,3,1,0
BRDA:143,4,0,0
BRDA:143,4,1,0
BRDA:173,5,0,0
BRDA:173,5,1,0
BRDA:192,6,0,0
BRDA:192,6,1,0
BRDA:208,7,0,0
BRDA:208,7,1,0
BRDA:208,8,0,0
BRDA:208,8,1,0
BRDA:209,9,0,0
BRDA:209,9,1,0
BRDA:210,10,0,0
BRDA:210,10,1,0
BRDA:211,11,0,0
BRDA:211,11,1,0
BRDA:211,12,0,0
BRDA:211,12,1,0
BRDA:212,13,0,0
BRDA:212,13,1,0
BRDA:214,14,0,0
BRDA:214,14,1,0
BRDA:229,15,0,0
BRDA:229,15,1,0
BRDA:238,16,0,0
BRDA:238,16,1,0
BRDA:263,17,0,0
BRDA:263,17,1,0
BRDA:270,18,0,0
BRDA:270,18,1,0
BRDA:271,19,0,0
BRDA:271,19,1,0
BRDA:301,20,0,0
BRDA:308,21,0,0
BRDA:308,21,1,0
BRDA:309,22,0,0
BRDA:309,22,1,0
BRF:45
BRH:0
end_of_record
TN:
SF:src/frontend/mystical/Arcane/equations/arcane-accuracy.js
FN:1,getMagicAccuracy
FN:15,rollMagicHit
FNF:2
FNH:0
FNDA:0,getMagicAccuracy
FNDA:0,rollMagicHit
DA:3,0
DA:5,0
DA:7,0
DA:8,0
DA:10,0
DA:12,0
DA:16,0
DA:18,0
DA:19,0
DA:21,0
DA:23,0
LF:11
LH:0
BRDA:1,0,0,0
BRDA:1,1,0,0
BRDA:1,2,0,0
BRDA:3,3,0,0
BRDA:3,3,1,0
BRDA:3,4,0,0
BRDA:3,4,1,0
BRDA:10,5,0,0
BRDA:10,5,1,0
BRDA:16,6,0,0
BRDA:16,6,1,0
BRF:11
BRH:0
end_of_record
TN:
SF:src/frontend/mystical/Arcane/equations/tier_1/earth-functions.js
FN:2,(anonymous_0)
FN:13,(anonymous_1)
FN:24,(anonymous_2)
FN:35,(anonymous_3)
FN:43,(anonymous_4)
FN:54,(anonymous_5)
FN:65,(anonymous_6)
FN:76,(anonymous_7)
FN:84,(anonymous_8)
FNF:9
FNH:0
FNDA:0,(anonymous_0)
FNDA:0,(anonymous_1)
FNDA:0,(anonymous_2)
FNDA:0,(anonymous_3)
FNDA:0,(anonymous_4)
FNDA:0,(anonymous_5)
FNDA:0,(anonymous_6)
FNDA:0,(anonymous_7)
FNDA:0,(anonymous_8)
DA:1,0
DA:3,0
DA:5,0
DA:6,0
DA:14,0
DA:16,0
DA:17,0
DA:25,0
DA:26,0
DA:27,0
DA:36,0
DA:44,0
DA:45,0
DA:55,0
DA:66,0
DA:77,0
DA:85,0
LF:17
LH:0
BRDA:3,0,0,0
BRDA:3,0,1,0
BRDA:14,1,0,0
BRDA:14,1,1,0
BRDA:29,2,0,0
BRDA:29,2,1,0
BRDA:48,3,0,0
BRDA:48,3,1,0
BRDA:59,4,0,0
BRDA:59,4,1,0
BRDA:70,5,0,0
BRDA:70,5,1,0
BRDA:80,6,0,0
BRDA:80,6,1,0
BRDA:88,7,0,0
BRDA:88,7,1,0
BRF:16
BRH:0
end_of_record
TN:
SF:src/frontend/mystical/Arcane/equations/tier_1/fire-functions.js
FN:2,(anonymous_0)
FN:14,(anonymous_1)
FN:27,(anonymous_2)
FN:34,(anonymous_3)
FN:44,(anonymous_4)
FN:54,(anonymous_5)
FN:61,(anonymous_6)
FN:71,(anonymous_7)
FNF:8
FNH:0
FNDA:0,(anonymous_0)
FNDA:0,(anonymous_1)
FNDA:0,(anonymous_2)
FNDA:0,(anonymous_3)
FNDA:0,(anonymous_4)
FNDA:0,(anonymous_5)
FNDA:0,(anonymous_6)
FNDA:0,(anonymous_7)
DA:1,0
DA:3,0
DA:5,0
DA:7,0
DA:15,0
DA:16,0
DA:18,0
DA:28,0
DA:35,0
DA:45,0
DA:55,0
DA:62,0
DA:72,0
LF:13
LH:0
BRDA:2,0,0,0
BRDA:3,1,0,0
BRDA:3,1,1,0
BRDA:14,2,0,0
BRDA:21,3,0,0
BRDA:21,3,1,0
BRDA:34,4,0,0
BRDA:38,5,0,0
BRDA:38,5,1,0
BRDA:48,6,0,0
BRDA:48,6,1,0
BRDA:61,7,0,0
BRDA:65,8,0,0
BRDA:65,8,1,0
BRDA:71,9,0,0
BRDA:75,10,0,0
BRDA:75,10,1,0
BRF:17
BRH:0
end_of_record
TN:
SF:src/frontend/mystical/Arcane/equations/tier_1/frost-functions.js
FN:2,(anonymous_0)
FN:19,(anonymous_1)
FN:38,(anonymous_2)
FN:47,(anonymous_3)
FN:56,(anonymous_4)
FN:67,(anonymous_5)
FN:79,(anonymous_6)
FNF:7
FNH:0
FNDA:0,(anonymous_0)
FNDA:0,(anonymous_1)
FNDA:0,(anonymous_2)
FNDA:0,(anonymous_3)
FNDA:0,(anonymous_4)
FNDA:0,(anonymous_5)
FNDA:0,(anonymous_6)
DA:1,0
DA:3,0
DA:5,0
DA:7,0
DA:20,0
DA:21,0
DA:22,0
DA:24,0
DA:25,0
DA:27,0
DA:29,0
DA:39,0
DA:48,0
DA:57,0
DA:69,0
DA:71,0
DA:80,0
LF:17
LH:0
BRDA:2,0,0,0
BRDA:3,1,0,0
BRDA:3,1,1,0
BRDA:19,2,0,0
BRDA:34,3,0,0
BRDA:34,3,1,0
BRDA:67,4,0,0
BRDA:75,5,0,0
BRDA:75,5,1,0
BRF:9
BRH:0
end_of_record
TN:
SF:src/frontend/mystical/Arcane/equations/tier_1/lightning-functions.js
FN:2,(anonymous_0)
FN:21,(anonymous_1)
FN:32,(anonymous_2)
FN:43,(anonymous_3)
FN:54,(anonymous_4)
FN:74,(anonymous_5)
FN:86,(anonymous_6)
FN:97,(anonymous_7)
FNF:8
FNH:0
FNDA:0,(anonymous_0)
FNDA:0,(anonymous_1)
FNDA:0,(anonymous_2)
FNDA:0,(anonymous_3)
FNDA:0,(anonymous_4)
FNDA:0,(anonymous_5)
FNDA:0,(anonymous_6)
FNDA:0,(anonymous_7)
DA:1,0
DA:3,0
DA:5,0
DA:6,0
DA:22,0
DA:23,0
DA:24,0
DA:33,0
DA:44,0
DA:55,0
DA:56,0
DA:57,0
DA:58,0
DA:59,0
DA:61,0
DA:75,0
DA:76,0
DA:77,0
DA:87,0
DA:98,0
LF:20
LH:0
BRDA:3,0,0,0
BRDA:3,0,1,0
BRDA:11,1,0,0
BRDA:11,1,1,0
BRDA:26,2,0,0
BRDA:26,2,1,0
BRDA:37,3,0,0
BRDA:37,3,1,0
BRDA:48,4,0,0
BRDA:48,4,1,0
BRDA:54,5,0,0
BRDA:68,6,0,0
BRDA:68,6,1,0
BRDA:80,7,0,0
BRDA:80,7,1,0
BRDA:91,8,0,0
BRDA:91,8,1,0
BRDA:101,9,0,0
BRDA:101,9,1,0
BRF:19
BRH:0
end_of_record
TN:
SF:src/frontend/mystical/Arcane/equations/tier_1/poison-functions.js
FN:3,(anonymous_0)
FN:15,(anonymous_1)
FN:29,(anonymous_2)
FN:43,(anonymous_3)
FN:61,(anonymous_4)
FN:76,(anonymous_5)
FN:90,(anonymous_6)
FN:100,(anonymous_7)
FN:115,(anonymous_8)
FNF:9
FNH:0
FNDA:0,(anonymous_0)
FNDA:0,(anonymous_1)
FNDA:0,(anonymous_2)
FNDA:0,(anonymous_3)
FNDA:0,(anonymous_4)
FNDA:0,(anonymous_5)
FNDA:0,(anonymous_6)
FNDA:0,(anonymous_7)
FNDA:0,(anonymous_8)
DA:1,0
DA:4,0
DA:6,0
DA:7,0
DA:16,0
DA:17,0
DA:30,0
DA:44,0
DA:62,0
DA:77,0
DA:91,0
DA:101,0
DA:116,0
LF:13
LH:0
BRDA:4,0,0,0
BRDA:4,0,1,0
BRDA:22,1,0,0
BRDA:22,1,1,0
BRDA:36,2,0,0
BRDA:36,2,1,0
BRDA:54,3,0,0
BRDA:54,3,1,0
BRDA:69,4,0,0
BRDA:69,4,1,0
BRDA:83,5,0,0
BRDA:83,5,1,0
BRDA:108,6,0,0
BRDA:108,6,1,0
BRDA:122,7,0,0
BRDA:122,7,1,0
BRF:16
BRH:0
end_of_record
TN:
SF:src/frontend/mystical/Arcane/equations/tier_1/water-functions.js
FN:2,(anonymous_0)
FN:24,(anonymous_1)
FN:36,(anonymous_2)
FN:45,(anonymous_3)
FN:53,(anonymous_4)
FN:69,(anonymous_5)
FN:80,(anonymous_6)
FN:94,(anonymous_7)
FN:107,(anonymous_8)
FN:115,(anonymous_9)
FN:125,(anonymous_10)
FNF:11
FNH:0
FNDA:0,(anonymous_0)
FNDA:0,(anonymous_1)
FNDA:0,(anonymous_2)
FNDA:0,(anonymous_3)
FNDA:0,(anonymous_4)
FNDA:0,(anonymous_5)
FNDA:0,(anonymous_6)
FNDA:0,(anonymous_7)
FNDA:0,(anonymous_8)
FNDA:0,(anonymous_9)
FNDA:0,(anonymous_10)
DA:1,0
DA:3,0
DA:5,0
DA:7,0
DA:25,0
DA:26,0
DA:27,0
DA:37,0
DA:46,0
DA:54,0
DA:55,0
DA:56,0
DA:57,0
DA:58,0
DA:70,0
DA:81,0
DA:82,0
DA:83,0
DA:95,0
DA:96,0
DA:97,0
DA:108,0
DA:116,0
DA:117,0
DA:118,0
DA:126,0
DA:127,0
DA:128,0
LF:28
LH:0
BRDA:3,0,0,0
BRDA:3,0,1,0
BRDA:30,1,0,0
BRDA:30,1,1,0
BRDA:63,2,0,0
BRDA:63,2,1,0
BRDA:74,3,0,0
BRDA:74,3,1,0
BRDA:88,4,0,0
BRDA:88,4,1,0
BRDA:101,5,0,0
BRDA:101,5,1,0
BRDA:133,6,0,0
BRDA:133,6,1,0
BRF:14
BRH:0
end_of_record
TN:
SF:src/frontend/mystical/Arcane/equations/tier_1/wind-functions.js
FN:9,(anonymous_0)
FN:62,(anonymous_1)
FN:80,(anonymous_2)
FN:98,(anonymous_3)
FN:116,(anonymous_4)
FN:137,(anonymous_5)
FN:155,(anonymous_6)
FN:168,(anonymous_7)
FN:179,(anonymous_8)
FN:190,(anonymous_9)
FN:201,(anonymous_10)
FNF:11
FNH:0
FNDA:0,(anonymous_0)
FNDA:0,(anonymous_1)
FNDA:0,(anonymous_2)
FNDA:0,(anonymous_3)
FNDA:0,(anonymous_4)
FNDA:0,(anonymous_5)
FNDA:0,(anonymous_6)
FNDA:0,(anonymous_7)
FNDA:0,(anonymous_8)
FNDA:0,(anonymous_9)
FNDA:0,(anonymous_10)
DA:7,0
DA:11,0
DA:14,0
DA:15,0
DA:16,0
DA:17,0
DA:18,0
DA:19,0
DA:22,0
DA:25,0
DA:27,0
DA:28,0
DA:31,0
DA:33,0
DA:34,0
DA:37,0
DA:38,0
DA:41,0
DA:42,0
DA:45,0
DA:49,0
DA:52,0
DA:54,0
DA:57,0
DA:63,0
DA:64,0
DA:66,0
DA:69,0
DA:71,0
DA:81,0
DA:88,0
DA:90,0
DA:99,0
DA:106,0
DA:108,0
DA:117,0
DA:118,0
DA:119,0
DA:120,0
DA:122,0
DA:125,0
DA:127,0
DA:138,0
DA:145,0
DA:147,0
DA:156,0
DA:157,0
DA:158,0
DA:169,0
DA:180,0
DA:191,0
DA:202,0
LF:52
LH:0
BRDA:11,0,0,0
BRDA:11,0,1,0
BRDA:15,1,0,0
BRDA:15,1,1,0
BRDA:16,2,0,0
BRDA:16,2,1,0
BRDA:17,3,0,0
BRDA:17,3,1,0
BRDA:18,4,0,0
BRDA:18,4,1,0
BRDA:19,5,0,0
BRDA:19,5,1,0
BRDA:22,6,0,0
BRDA:22,6,1,0
BRDA:31,7,0,0
BRDA:31,7,1,0
BRDA:31,7,2,0
BRDA:31,7,3,0
BRDA:31,7,4,0
BRDA:31,7,5,0
BRF:20
BRH:0
end_of_record
TN:
SF:src/frontend/mystical/Arcane/equations/tier_1/wood-functions.js
FN:3,(anonymous_0)
FN:15,(anonymous_1)
FN:26,(anonymous_2)
FN:39,(anonymous_3)
FN:51,(anonymous_4)
FN:63,(anonymous_5)
FN:76,(anonymous_6)
FN:89,(anonymous_7)
FN:101,(anonymous_8)
FN:113,(anonymous_9)
FN:125,(anonymous_10)
FNF:11
FNH:0
FNDA:0,(anonymous_0)
FNDA:0,(anonymous_1)
FNDA:0,(anonymous_2)
FNDA:0,(anonymous_3)
FNDA:0,(anonymous_4)
FNDA:0,(anonymous_5)
FNDA:0,(anonymous_6)
FNDA:0,(anonymous_7)
FNDA:0,(anonymous_8)
FNDA:0,(anonymous_9)
FNDA:0,(anonymous_10)
DA:1,0
DA:4,0
DA:6,0
DA:7,0
DA:16,0
DA:18,0
DA:19,0
DA:27,0
DA:40,0
DA:52,0
DA:64,0
DA:77,0
DA:90,0
DA:102,0
DA:114,0
DA:126,0
LF:16
LH:0
BRDA:4,0,0,0
BRDA:4,0,1,0
BRDA:16,1,0,0
BRDA:16,1,1,0
BRDA:33,2,0,0
BRDA:33,2,1,0
BRDA:45,3,0,0
BRDA:45,3,1,0
BRDA:57,4,0,0
BRDA:57,4,1,0
BRDA:70,5,0,0
BRDA:70,5,1,0
BRDA:83,6,0,0
BRDA:83,6,1,0
BRDA:95,7,0,0
BRDA:95,7,1,0
BRDA:107,8,0,0
BRDA:107,8,1,0
BRDA:119,9,0,0
BRDA:119,9,1,0
BRDA:131,10,0,0
BRDA:131,10,1,0
BRF:22
BRH:0
end_of_record
TN:
SF:src/frontend/mystical/Arcane/tier_1/earth.js
FN:4,defineEarthSkills
FN:16,(anonymous_1)
FN:32,(anonymous_2)
FN:48,(anonymous_3)
FN:65,(anonymous_4)
FN:82,(anonymous_5)
FN:98,(anonymous_6)
FN:113,(anonymous_7)
FNF:8
FNH:0
FNDA:0,defineEarthSkills
FNDA:0,(anonymous_1)
FNDA:0,(anonymous_2)
FNDA:0,(anonymous_3)
FNDA:0,(anonymous_4)
FNDA:0,(anonymous_5)
FNDA:0,(anonymous_6)
FNDA:0,(anonymous_7)
DA:5,0
DA:16,0
DA:21,0
DA:32,0
DA:37,0
DA:49,0
DA:54,0
DA:66,0
DA:71,0
DA:82,0
DA:87,0
DA:98,0
DA:103,0
DA:114,0
LF:14
LH:0
BRF:0
BRH:0
end_of_record
TN:
SF:src/frontend/mystical/Arcane/tier_1/fire.js
FN:4,defineFireSkills
FN:16,(anonymous_1)
FN:32,(anonymous_2)
FN:48,(anonymous_3)
FN:64,(anonymous_4)
FN:81,(anonymous_5)
FN:97,(anonymous_6)
FN:113,(anonymous_7)
FNF:8
FNH:0
FNDA:0,defineFireSkills
FNDA:0,(anonymous_1)
FNDA:0,(anonymous_2)
FNDA:0,(anonymous_3)
FNDA:0,(anonymous_4)
FNDA:0,(anonymous_5)
FNDA:0,(anonymous_6)
FNDA:0,(anonymous_7)
DA:5,0
DA:16,0
DA:21,0
DA:32,0
DA:37,0
DA:48,0
DA:53,0
DA:65,0
DA:70,0
DA:81,0
DA:86,0
DA:97,0
DA:102,0
DA:113,0
LF:14
LH:0
BRF:0
BRH:0
end_of_record
TN:
SF:src/frontend/mystical/Arcane/tier_1/frost.js
FN:4,defineFrostSkills
FN:16,(anonymous_1)
FN:32,(anonymous_2)
FN:48,(anonymous_3)
FN:64,(anonymous_4)
FN:80,(anonymous_5)
FNF:6
FNH:0
FNDA:0,defineFrostSkills
FNDA:0,(anonymous_1)
FNDA:0,(anonymous_2)
FNDA:0,(anonymous_3)
FNDA:0,(anonymous_4)
FNDA:0,(anonymous_5)
DA:5,0
DA:16,0
DA:21,0
DA:32,0
DA:37,0
DA:48,0
DA:53,0
DA:64,0
DA:69,0
DA:81,0
DA:86,0
LF:11
LH:0
BRF:0
BRH:0
end_of_record
TN:
SF:src/frontend/mystical/Arcane/tier_1/lightning.js
FN:4,defineLightningSkills
FN:16,(anonymous_1)
FN:32,(anonymous_2)
FN:48,(anonymous_3)
FN:65,(anonymous_4)
FN:82,(anonymous_5)
FN:98,(anonymous_6)
FN:114,(anonymous_7)
FNF:8
FNH:0
FNDA:0,defineLightningSkills
FNDA:0,(anonymous_1)
FNDA:0,(anonymous_2)
FNDA:0,(anonymous_3)
FNDA:0,(anonymous_4)
FNDA:0,(anonymous_5)
FNDA:0,(anonymous_6)
FNDA:0,(anonymous_7)
DA:5,0
DA:16,0
DA:21,0
DA:32,0
DA:37,0
DA:49,0
DA:54,0
DA:66,0
DA:71,0
DA:82,0
DA:87,0
DA:98,0
DA:103,0
DA:114,0
LF:14
LH:0
BRF:0
BRH:0
end_of_record
TN:
SF:src/frontend/mystical/Arcane/tier_1/poison.js
FN:4,definePoisonSkills
FN:16,(anonymous_1)
FN:32,(anonymous_2)
FN:48,(anonymous_3)
FN:64,(anonymous_4)
FN:80,(anonymous_5)
FN:96,(anonymous_6)
FN:112,(anonymous_7)
FN:128,(anonymous_8)
FNF:9
FNH:0
FNDA:0,definePoisonSkills
FNDA:0,(anonymous_1)
FNDA:0,(anonymous_2)
FNDA:0,(anonymous_3)
FNDA:0,(anonymous_4)
FNDA:0,(anonymous_5)
FNDA:0,(anonymous_6)
FNDA:0,(anonymous_7)
FNDA:0,(anonymous_8)
DA:5,0
DA:16,0
DA:21,0
DA:32,0
DA:37,0
DA:48,0
DA:53,0
DA:64,0
DA:69,0
DA:80,0
DA:85,0
DA:96,0
DA:101,0
DA:112,0
DA:117,0
DA:129,0
LF:16
LH:0
BRF:0
BRH:0
end_of_record
TN:
SF:src/frontend/mystical/Arcane/tier_1/tier_1_index.js
FN:11,defineAllTier1Skills
FNF:1
FNH:0
FNDA:0,defineAllTier1Skills
DA:12,0
DA:13,0
DA:14,0
DA:15,0
DA:16,0
DA:17,0
DA:18,0
DA:19,0
LF:8
LH:0
BRF:0
BRH:0
end_of_record
TN:
SF:src/frontend/mystical/Arcane/tier_1/water.js
FN:4,defineWaterSkills
FN:16,(anonymous_1)
FN:32,(anonymous_2)
FN:48,(anonymous_3)
FN:64,(anonymous_4)
FN:81,(anonymous_5)
FN:97,(anonymous_6)
FN:113,(anonymous_7)
FN:129,(anonymous_8)
FN:145,(anonymous_9)
FNF:10
FNH:0
FNDA:0,defineWaterSkills
FNDA:0,(anonymous_1)
FNDA:0,(anonymous_2)
FNDA:0,(anonymous_3)
FNDA:0,(anonymous_4)
FNDA:0,(anonymous_5)
FNDA:0,(anonymous_6)
FNDA:0,(anonymous_7)
FNDA:0,(anonymous_8)
FNDA:0,(anonymous_9)
DA:5,0
DA:16,0
DA:21,0
DA:32,0
DA:37,0
DA:48,0
DA:53,0
DA:65,0
DA:70,0
DA:81,0
DA:86,0
DA:97,0
DA:102,0
DA:113,0
DA:118,0
DA:129,0
DA:134,0
DA:146,0
LF:18
LH:0
BRF:0
BRH:0
end_of_record
TN:
SF:src/frontend/mystical/Arcane/tier_1/wind.js
FN:4,defineWindSkills
FN:16,(anonymous_1)
FN:33,(anonymous_2)
FN:49,(anonymous_3)
FN:65,(anonymous_4)
FN:82,(anonymous_5)
FN:98,(anonymous_6)
FN:114,(anonymous_7)
FN:130,(anonymous_8)
FN:146,(anonymous_9)
FN:162,(anonymous_10)
FNF:11
FNH:0
FNDA:0,defineWindSkills
FNDA:0,(anonymous_1)
FNDA:0,(anonymous_2)
FNDA:0,(anonymous_3)
FNDA:0,(anonymous_4)
FNDA:0,(anonymous_5)
FNDA:0,(anonymous_6)
FNDA:0,(anonymous_7)
FNDA:0,(anonymous_8)
FNDA:0,(anonymous_9)
FNDA:0,(anonymous_10)
DA:5,0
DA:17,0
DA:22,0
DA:33,0
DA:38,0
DA:49,0
DA:54,0
DA:66,0
DA:71,0
DA:82,0
DA:87,0
DA:98,0
DA:103,0
DA:114,0
DA:119,0
DA:130,0
DA:135,0
DA:146,0
DA:151,0
DA:162,0
LF:20
LH:0
BRF:0
BRH:0
end_of_record
TN:
SF:src/frontend/mystical/Arcane/tier_1/wood.js
FN:4,defineWoodSkills
FN:16,(anonymous_1)
FN:32,(anonymous_2)
FN:48,(anonymous_3)
FN:64,(anonymous_4)
FN:80,(anonymous_5)
FN:96,(anonymous_6)
FN:112,(anonymous_7)
FN:128,(anonymous_8)
FN:145,(anonymous_9)
FNF:10
FNH:0
FNDA:0,defineWoodSkills
FNDA:0,(anonymous_1)
FNDA:0,(anonymous_2)
FNDA:0,(anonymous_3)
FNDA:0,(anonymous_4)
FNDA:0,(anonymous_5)
FNDA:0,(anonymous_6)
FNDA:0,(anonymous_7)
FNDA:0,(anonymous_8)
FNDA:0,(anonymous_9)
DA:5,0
DA:16,0
DA:21,0
DA:32,0
DA:37,0
DA:48,0
DA:53,0
DA:64,0
DA:69,0
DA:80,0
DA:85,0
DA:96,0
DA:101,0
DA:112,0
DA:117,0
DA:129,0
DA:134,0
DA:146,0
LF:18
LH:0
BRF:0
BRH:0
end_of_record
TN:
SF:src/frontend/mystical/Presence/presence.js
FN:29,(anonymous_0)
FN:43,loadCharacter
FN:64,renderPresenceTree
FN:86,(anonymous_3)
FN:100,(anonymous_4)
FN:143,(anonymous_5)
FN:149,drawTree
FN:168,(anonymous_7)
FN:169,(anonymous_8)
FN:170,(anonymous_9)
FN:171,(anonymous_10)
FN:172,(anonymous_11)
FN:177,getNode
FN:178,(anonymous_13)
FN:187,(anonymous_14)
FN:191,(anonymous_15)
FN:192,(anonymous_16)
FN:212,(anonymous_17)
FN:220,(anonymous_18)
FN:221,(anonymous_19)
FN:230,(anonymous_20)
FN:231,(anonymous_21)
FN:238,(anonymous_22)
FN:253,(anonymous_23)
FN:259,(anonymous_24)
FN:263,(anonymous_25)
FN:302,(anonymous_26)
FN:313,(anonymous_27)
FN:324,(anonymous_28)
FN:329,(anonymous_29)
FN:334,(anonymous_30)
FN:350,(anonymous_31)
FN:355,(anonymous_32)
FN:360,(anonymous_33)
FN:381,(anonymous_34)
FN:392,(anonymous_35)
FNF:36
FNH:0
FNDA:0,(anonymous_0)
FNDA:0,loadCharacter
FNDA:0,renderPresenceTree
FNDA:0,(anonymous_3)
FNDA:0,(anonymous_4)
FNDA:0,(anonymous_5)
FNDA:0,drawTree
FNDA:0,(anonymous_7)
FNDA:0,(anonymous_8)
FNDA:0,(anonymous_9)
FNDA:0,(anonymous_10)
FNDA:0,(anonymous_11)
FNDA:0,getNode
FNDA:0,(anonymous_13)
FNDA:0,(anonymous_14)
FNDA:0,(anonymous_15)
FNDA:0,(anonymous_16)
FNDA:0,(anonymous_17)
FNDA:0,(anonymous_18)
FNDA:0,(anonymous_19)
FNDA:0,(anonymous_20)
FNDA:0,(anonymous_21)
FNDA:0,(anonymous_22)
FNDA:0,(anonymous_23)
FNDA:0,(anonymous_24)
FNDA:0,(anonymous_25)
FNDA:0,(anonymous_26)
FNDA:0,(anonymous_27)
FNDA:0,(anonymous_28)
FNDA:0,(anonymous_29)
FNDA:0,(anonymous_30)
FNDA:0,(anonymous_31)
FNDA:0,(anonymous_32)
FNDA:0,(anonymous_33)
FNDA:0,(anonymous_34)
FNDA:0,(anonymous_35)
DA:1,0
DA:5,0
DA:21,0
DA:22,0
DA:23,0
DA:25,0
DA:26,0
DA:29,0
DA:30,0
DA:31,0
DA:33,0
DA:44,0
DA:45,0
DA:46,0
DA:47,0
DA:48,0
DA:50,0
DA:51,0
DA:53,0
DA:54,0
DA:65,0
DA:66,0
DA:68,0
DA:69,0
DA:71,0
DA:81,0
DA:82,0
DA:83,0
DA:84,0
DA:86,0
DA:87,0
DA:88,0
DA:89,0
DA:91,0
DA:92,0
DA:94,0
DA:95,0
DA:96,0
DA:97,0
DA:98,0
DA:100,0
DA:101,0
DA:102,0
DA:103,0
DA:105,0
DA:107,0
DA:110,0
DA:111,0
DA:113,0
DA:114,0
DA:127,0
DA:130,0
DA:140,0
DA:143,0
DA:144,0
DA:146,0
DA:150,0
DA:151,0
DA:153,0
DA:155,0
DA:160,0
DA:162,0
DA:168,0
DA:169,0
DA:170,0
DA:171,0
DA:173,0
DA:174,0
DA:178,0
DA:181,0
DA:187,0
DA:189,0
DA:191,0
DA:193,0
DA:195,0
DA:202,0
DA:209,0
DA:210,0
DA:211,0
DA:212,0
DA:213,0
DA:215,0
DA:218,0
DA:220,0
DA:221,0
DA:228,0
DA:230,0
DA:231,0
DA:238,0
DA:239,0
DA:240,0
DA:247,0
DA:253,0
DA:254,0
DA:259,0
DA:260,0
DA:263,0
DA:264,0
DA:266,0
DA:267,0
DA:268,0
DA:269,0
DA:270,0
DA:271,0
DA:272,0
DA:274,0
DA:275,0
DA:276,0
DA:277,0
DA:278,0
DA:279,0
DA:280,0
DA:281,0
DA:282,0
DA:283,0
DA:284,0
DA:286,0
DA:287,0
DA:288,0
DA:289,0
DA:290,0
DA:291,0
DA:292,0
DA:294,0
DA:302,0
DA:303,0
DA:304,0
DA:305,0
DA:306,0
DA:307,0
DA:308,0
DA:309,0
DA:310,0
DA:311,0
DA:312,0
DA:313,0
DA:314,0
DA:315,0
DA:316,0
DA:317,0
DA:319,0
DA:322,0
DA:324,0
DA:327,0
DA:329,0
DA:332,0
DA:335,0
DA:346,0
DA:348,0
DA:350,0
DA:353,0
DA:355,0
DA:358,0
DA:361,0
DA:372,0
DA:373,0
DA:374,0
DA:375,0
DA:376,0
DA:377,0
DA:378,0
DA:379,0
DA:380,0
DA:381,0
DA:383,0
DA:384,0
DA:385,0
DA:386,0
DA:389,0
DA:393,0
DA:396,0
LF:171
LH:0
BRDA:30,0,0,0
BRDA:30,0,1,0
BRDA:31,1,0,0
BRDA:31,1,1,0
BRDA:46,2,0,0
BRDA:46,2,1,0
BRDA:107,3,0,0
BRDA:107,3,1,0
BRDA:144,4,0,0
BRDA:144,4,1,0
BRDA:174,5,0,0
BRDA:174,5,1,0
BRDA:193,6,0,0
BRDA:193,6,1,0
BRDA:209,7,0,0
BRDA:209,7,1,0
BRDA:209,8,0,0
BRDA:209,8,1,0
BRDA:210,9,0,0
BRDA:210,9,1,0
BRDA:211,10,0,0
BRDA:211,10,1,0
BRDA:212,11,0,0
BRDA:212,11,1,0
BRDA:212,12,0,0
BRDA:212,12,1,0
BRDA:213,13,0,0
BRDA:213,13,1,0
BRDA:215,14,0,0
BRDA:215,14,1,0
BRDA:230,15,0,0
BRDA:230,15,1,0
BRDA:239,16,0,0
BRDA:239,16,1,0
BRDA:264,17,0,0
BRDA:264,17,1,0
BRDA:271,18,0,0
BRDA:271,18,1,0
BRDA:272,19,0,0
BRDA:272,19,1,0
BRDA:302,20,0,0
BRDA:309,21,0,0
BRDA:309,21,1,0
BRDA:310,22,0,0
BRDA:310,22,1,0
BRF:45
BRH:0
end_of_record
TN:
SF:src/frontend/mystical/Presence/equations/presence_stat_bonus.js
FN:1,getPresenceStatBonus
FNF:1
FNH:0
FNDA:0,getPresenceStatBonus
DA:2,0
LF:1
LH:0
BRF:0
BRH:0
end_of_record
TN:
SF:src/frontend/mystical/Presence/equations/rank_1_functions.js
FN:4,(anonymous_0)
FN:13,(anonymous_1)
FN:22,(anonymous_2)
FN:31,(anonymous_3)
FN:39,(anonymous_4)
FN:47,(anonymous_5)
FN:56,(anonymous_6)
FN:65,(anonymous_7)
FN:74,(anonymous_8)
FN:83,(anonymous_9)
FN:91,(anonymous_10)
FN:100,(anonymous_11)
FN:109,(anonymous_12)
FN:117,(anonymous_13)
FN:126,(anonymous_14)
FN:135,(anonymous_15)
FNF:16
FNH:0
FNDA:0,(anonymous_0)
FNDA:0,(anonymous_1)
FNDA:0,(anonymous_2)
FNDA:0,(anonymous_3)
FNDA:0,(anonymous_4)
FNDA:0,(anonymous_5)
FNDA:0,(anonymous_6)
FNDA:0,(anonymous_7)
FNDA:0,(anonymous_8)
FNDA:0,(anonymous_9)
FNDA:0,(anonymous_10)
FNDA:0,(anonymous_11)
FNDA:0,(anonymous_12)
FNDA:0,(anonymous_13)
FNDA:0,(anonymous_14)
FNDA:0,(anonymous_15)
DA:1,0
DA:5,0
DA:14,0
DA:23,0
DA:32,0
DA:40,0
DA:48,0
DA:57,0
DA:66,0
DA:75,0
DA:84,0
DA:92,0
DA:101,0
DA:110,0
DA:118,0
DA:127,0
DA:136,0
LF:17
LH:0
BRF:0
BRH:0
end_of_record
TN:
SF:src/frontend/mystical/Presence/tier_1/rank_1.js
FN:4,defineRankOneSkills
FN:14,(anonymous_1)
FN:23,(anonymous_2)
FN:32,(anonymous_3)
FN:40,(anonymous_4)
FN:49,(anonymous_5)
FN:58,(anonymous_6)
FN:67,(anonymous_7)
FN:76,(anonymous_8)
FN:85,(anonymous_9)
FN:93,(anonymous_10)
FN:102,(anonymous_11)
FN:111,(anonymous_12)
FN:120,(anonymous_13)
FN:129,(anonymous_14)
FN:137,(anonymous_15)
FN:146,(anonymous_16)
FNF:17
FNH:0
FNDA:0,defineRankOneSkills
FNDA:0,(anonymous_1)
FNDA:0,(anonymous_2)
FNDA:0,(anonymous_3)
FNDA:0,(anonymous_4)
FNDA:0,(anonymous_5)
FNDA:0,(anonymous_6)
FNDA:0,(anonymous_7)
FNDA:0,(anonymous_8)
FNDA:0,(anonymous_9)
FNDA:0,(anonymous_10)
FNDA:0,(anonymous_11)
FNDA:0,(anonymous_12)
FNDA:0,(anonymous_13)
FNDA:0,(anonymous_14)
FNDA:0,(anonymous_15)
FNDA:0,(anonymous_16)
DA:8,0
DA:14,0
DA:17,0
DA:23,0
DA:26,0
DA:32,0
DA:35,0
DA:40,0
DA:43,0
DA:49,0
DA:52,0
DA:58,0
DA:61,0
DA:67,0
DA:70,0
DA:76,0
DA:79,0
DA:85,0
DA:88,0
DA:93,0
DA:96,0
DA:102,0
DA:105,0
DA:111,0
DA:114,0
DA:120,0
DA:123,0
DA:129,0
DA:132,0
DA:137,0
DA:140,0
DA:146,0
LF:32
LH:0
BRF:0
BRH:0
end_of_record
TN:
SF:src/frontend/mystical/Spirit/spirit.js
FN:47,(anonymous_0)
FN:61,loadCharacter
FN:82,renderSpiritTree
FN:105,(anonymous_3)
FN:119,(anonymous_4)
FN:160,(anonymous_5)
FN:168,drawTree
FN:185,(anonymous_7)
FN:186,(anonymous_8)
FN:187,(anonymous_9)
FN:188,(anonymous_10)
FN:189,(anonymous_11)
FN:196,getNode
FN:197,(anonymous_13)
FN:206,(anonymous_14)
FN:210,(anonymous_15)
FN:211,(anonymous_16)
FN:240,(anonymous_17)
FN:241,(anonymous_18)
FN:251,(anonymous_19)
FN:252,(anonymous_20)
FN:259,(anonymous_21)
FN:274,(anonymous_22)
FN:280,(anonymous_23)
FN:284,(anonymous_24)
FN:323,(anonymous_25)
FN:334,(anonymous_26)
FN:346,(anonymous_27)
FN:351,(anonymous_28)
FN:356,(anonymous_29)
FN:372,(anonymous_30)
FN:377,(anonymous_31)
FN:382,(anonymous_32)
FN:403,(anonymous_33)
FN:415,(anonymous_34)
FNF:35
FNH:0
FNDA:0,(anonymous_0)
FNDA:0,loadCharacter
FNDA:0,renderSpiritTree
FNDA:0,(anonymous_3)
FNDA:0,(anonymous_4)
FNDA:0,(anonymous_5)
FNDA:0,drawTree
FNDA:0,(anonymous_7)
FNDA:0,(anonymous_8)
FNDA:0,(anonymous_9)
FNDA:0,(anonymous_10)
FNDA:0,(anonymous_11)
FNDA:0,getNode
FNDA:0,(anonymous_13)
FNDA:0,(anonymous_14)
FNDA:0,(anonymous_15)
FNDA:0,(anonymous_16)
FNDA:0,(anonymous_17)
FNDA:0,(anonymous_18)
FNDA:0,(anonymous_19)
FNDA:0,(anonymous_20)
FNDA:0,(anonymous_21)
FNDA:0,(anonymous_22)
FNDA:0,(anonymous_23)
FNDA:0,(anonymous_24)
FNDA:0,(anonymous_25)
FNDA:0,(anonymous_26)
FNDA:0,(anonymous_27)
FNDA:0,(anonymous_28)
FNDA:0,(anonymous_29)
FNDA:0,(anonymous_30)
FNDA:0,(anonymous_31)
FNDA:0,(anonymous_32)
FNDA:0,(anonymous_33)
FNDA:0,(anonymous_34)
DA:1,0
DA:14,0
DA:39,0
DA:40,0
DA:41,0
DA:43,0
DA:44,0
DA:47,0
DA:48,0
DA:49,0
DA:51,0
DA:62,0
DA:63,0
DA:64,0
DA:65,0
DA:66,0
DA:68,0
DA:69,0
DA:71,0
DA:72,0
DA:83,0
DA:84,0
DA:86,0
DA:87,0
DA:90,0
DA:100,0
DA:101,0
DA:102,0
DA:103,0
DA:105,0
DA:106,0
DA:107,0
DA:108,0
DA:110,0
DA:111,0
DA:113,0
DA:114,0
DA:115,0
DA:116,0
DA:117,0
DA:119,0
DA:120,0
DA:121,0
DA:122,0
DA:124,0
DA:126,0
DA:128,0
DA:129,0
DA:131,0
DA:132,0
DA:142,0
DA:146,0
DA:156,0
DA:160,0
DA:161,0
DA:162,0
DA:165,0
DA:169,0
DA:170,0
DA:172,0
DA:177,0
DA:179,0
DA:185,0
DA:186,0
DA:187,0
DA:188,0
DA:190,0
DA:191,0
DA:193,0
DA:197,0
DA:200,0
DA:206,0
DA:208,0
DA:210,0
DA:212,0
DA:214,0
DA:221,0
DA:228,0
DA:229,0
DA:230,0
DA:231,0
DA:232,0
DA:234,0
DA:238,0
DA:240,0
DA:241,0
DA:249,0
DA:251,0
DA:252,0
DA:259,0
DA:260,0
DA:261,0
DA:268,0
DA:274,0
DA:275,0
DA:280,0
DA:281,0
DA:284,0
DA:285,0
DA:287,0
DA:288,0
DA:289,0
DA:290,0
DA:291,0
DA:292,0
DA:293,0
DA:295,0
DA:296,0
DA:297,0
DA:298,0
DA:299,0
DA:300,0
DA:301,0
DA:302,0
DA:303,0
DA:304,0
DA:305,0
DA:307,0
DA:308,0
DA:309,0
DA:310,0
DA:311,0
DA:312,0
DA:313,0
DA:315,0
DA:323,0
DA:324,0
DA:325,0
DA:326,0
DA:327,0
DA:328,0
DA:329,0
DA:330,0
DA:331,0
DA:332,0
DA:333,0
DA:334,0
DA:335,0
DA:336,0
DA:337,0
DA:338,0
DA:339,0
DA:341,0
DA:344,0
DA:346,0
DA:349,0
DA:351,0
DA:354,0
DA:357,0
DA:368,0
DA:370,0
DA:372,0
DA:375,0
DA:377,0
DA:380,0
DA:383,0
DA:394,0
DA:395,0
DA:396,0
DA:397,0
DA:398,0
DA:399,0
DA:400,0
DA:401,0
DA:402,0
DA:403,0
DA:405,0
DA:406,0
DA:408,0
DA:409,0
DA:412,0
DA:416,0
DA:419,0
LF:173
LH:0
BRDA:48,0,0,0
BRDA:48,0,1,0
BRDA:49,1,0,0
BRDA:49,1,1,0
BRDA:64,2,0,0
BRDA:64,2,1,0
BRDA:126,3,0,0
BRDA:126,3,1,0
BRDA:161,4,0,0
BRDA:161,4,1,0
BRDA:193,5,0,0
BRDA:193,5,1,0
BRDA:212,6,0,0
BRDA:212,6,1,0
BRDA:228,7,0,0
BRDA:228,7,1,0
BRDA:228,8,0,0
BRDA:228,8,1,0
BRDA:229,9,0,0
BRDA:229,9,1,0
BRDA:230,10,0,0
BRDA:230,10,1,0
BRDA:231,11,0,0
BRDA:231,11,1,0
BRDA:232,12,0,0
BRDA:232,12,1,0
BRDA:234,13,0,0
BRDA:234,13,1,0
BRDA:251,14,0,0
BRDA:251,14,1,0
BRDA:260,15,0,0
BRDA:260,15,1,0
BRDA:285,16,0,0
BRDA:285,16,1,0
BRDA:285,17,0,0
BRDA:285,17,1,0
BRDA:292,18,0,0
BRDA:292,18,1,0
BRDA:293,19,0,0
BRDA:293,19,1,0
BRDA:323,20,0,0
BRDA:330,21,0,0
BRDA:330,21,1,0
BRDA:331,22,0,0
BRDA:331,22,1,0
BRF:45
BRH:0
end_of_record
TN:
SF:src/frontend/mystical/Spirit/equations/young-functions.js
FN:1,getGuardianEffect
FN:11,getHexWarriorEffect
FN:20,getSpectreEffect
FN:33,(anonymous_3)
FN:41,(anonymous_4)
FN:50,(anonymous_5)
FN:59,(anonymous_6)
FN:68,(anonymous_7)
FN:76,(anonymous_8)
FN:85,(anonymous_9)
FN:93,(anonymous_10)
FN:102,(anonymous_11)
FN:110,(anonymous_12)
FN:120,(anonymous_13)
FNF:14
FNH:0
FNDA:0,getGuardianEffect
FNDA:0,getHexWarriorEffect
FNDA:0,getSpectreEffect
FNDA:0,(anonymous_3)
FNDA:0,(anonymous_4)
FNDA:0,(anonymous_5)
FNDA:0,(anonymous_6)
FNDA:0,(anonymous_7)
FNDA:0,(anonymous_8)
FNDA:0,(anonymous_9)
FNDA:0,(anonymous_10)
FNDA:0,(anonymous_11)
FNDA:0,(anonymous_12)
FNDA:0,(anonymous_13)
DA:2,0
DA:3,0
DA:4,0
DA:12,0
DA:13,0
DA:21,0
DA:22,0
DA:23,0
DA:32,0
DA:34,0
DA:42,0
DA:51,0
DA:52,0
DA:60,0
DA:69,0
DA:77,0
DA:86,0
DA:94,0
DA:103,0
DA:111,0
DA:121,0
LF:21
LH:0
BRDA:2,0,0,0
BRDA:2,0,1,0
BRDA:12,1,0,0
BRDA:12,1,1,0
BRDA:21,2,0,0
BRDA:21,2,1,0
BRDA:37,3,0,0
BRDA:37,3,1,0
BRDA:46,4,0,0
BRDA:46,4,1,0
BRDA:55,5,0,0
BRDA:55,5,1,0
BRDA:64,6,0,0
BRDA:64,6,1,0
BRDA:72,7,0,0
BRDA:72,7,1,0
BRDA:81,8,0,0
BRDA:81,8,1,0
BRDA:89,9,0,0
BRDA:89,9,1,0
BRDA:98,10,0,0
BRDA:98,10,1,0
BRDA:106,11,0,0
BRDA:106,11,1,0
BRDA:116,12,0,0
BRDA:116,12,1,0
BRDA:124,13,0,0
BRDA:124,13,1,0
BRF:28
BRH:0
end_of_record
TN:
SF:src/frontend/mystical/Spirit/tier_1/young.js
FN:4,defineSpiritSkills
FN:11,(anonymous_1)
FN:20,(anonymous_2)
FN:29,(anonymous_3)
FN:38,(anonymous_4)
FN:47,(anonymous_5)
FN:56,(anonymous_6)
FN:65,(anonymous_7)
FN:74,(anonymous_8)
FN:83,(anonymous_9)
FN:92,(anonymous_10)
FN:101,(anonymous_11)
FNF:12
FNH:0
FNDA:0,defineSpiritSkills
FNDA:0,(anonymous_1)
FNDA:0,(anonymous_2)
FNDA:0,(anonymous_3)
FNDA:0,(anonymous_4)
FNDA:0,(anonymous_5)
FNDA:0,(anonymous_6)
FNDA:0,(anonymous_7)
FNDA:0,(anonymous_8)
FNDA:0,(anonymous_9)
FNDA:0,(anonymous_10)
FNDA:0,(anonymous_11)
DA:5,0
DA:11,0
DA:14,0
DA:20,0
DA:23,0
DA:29,0
DA:32,0
DA:38,0
DA:41,0
DA:47,0
DA:50,0
DA:56,0
DA:59,0
DA:65,0
DA:68,0
DA:74,0
DA:77,0
DA:83,0
DA:86,0
DA:92,0
DA:95,0
DA:101,0
LF:22
LH:0
BRF:0
BRH:0
end_of_record
TN:
SF:src/frontend/mystical/Willpower/willpower.js
FN:29,(anonymous_0)
FN:43,loadCharacter
FN:64,renderWillpowerTree
FN:86,(anonymous_3)
FN:100,(anonymous_4)
FN:140,(anonymous_5)
FN:148,drawTree
FN:165,(anonymous_7)
FN:166,(anonymous_8)
FN:167,(anonymous_9)
FN:168,(anonymous_10)
FN:169,(anonymous_11)
FN:175,getNode
FN:176,(anonymous_13)
FN:185,(anonymous_14)
FN:189,(anonymous_15)
FN:190,(anonymous_16)
FN:212,(anonymous_17)
FN:221,(anonymous_18)
FN:222,(anonymous_19)
FN:231,(anonymous_20)
FN:232,(anonymous_21)
FN:239,(anonymous_22)
FN:254,(anonymous_23)
FN:260,(anonymous_24)
FN:264,(anonymous_25)
FN:303,(anonymous_26)
FN:314,(anonymous_27)
FN:326,(anonymous_28)
FN:331,(anonymous_29)
FN:336,(anonymous_30)
FN:352,(anonymous_31)
FN:357,(anonymous_32)
FN:362,(anonymous_33)
FN:383,(anonymous_34)
FN:394,(anonymous_35)
FNF:36
FNH:0
FNDA:0,(anonymous_0)
FNDA:0,loadCharacter
FNDA:0,renderWillpowerTree
FNDA:0,(anonymous_3)
FNDA:0,(anonymous_4)
FNDA:0,(anonymous_5)
FNDA:0,drawTree
FNDA:0,(anonymous_7)
FNDA:0,(anonymous_8)
FNDA:0,(anonymous_9)
FNDA:0,(anonymous_10)
FNDA:0,(anonymous_11)
FNDA:0,getNode
FNDA:0,(anonymous_13)
FNDA:0,(anonymous_14)
FNDA:0,(anonymous_15)
FNDA:0,(anonymous_16)
FNDA:0,(anonymous_17)
FNDA:0,(anonymous_18)
FNDA:0,(anonymous_19)
FNDA:0,(anonymous_20)
FNDA:0,(anonymous_21)
FNDA:0,(anonymous_22)
FNDA:0,(anonymous_23)
FNDA:0,(anonymous_24)
FNDA:0,(anonymous_25)
FNDA:0,(anonymous_26)
FNDA:0,(anonymous_27)
FNDA:0,(anonymous_28)
FNDA:0,(anonymous_29)
FNDA:0,(anonymous_30)
FNDA:0,(anonymous_31)
FNDA:0,(anonymous_32)
FNDA:0,(anonymous_33)
FNDA:0,(anonymous_34)
FNDA:0,(anonymous_35)
DA:1,0
DA:5,0
DA:21,0
DA:22,0
DA:23,0
DA:25,0
DA:26,0
DA:29,0
DA:30,0
DA:31,0
DA:33,0
DA:44,0
DA:45,0
DA:46,0
DA:47,0
DA:48,0
DA:50,0
DA:51,0
DA:53,0
DA:54,0
DA:65,0
DA:66,0
DA:68,0
DA:69,0
DA:71,0
DA:81,0
DA:82,0
DA:83,0
DA:84,0
DA:86,0
DA:87,0
DA:88,0
DA:89,0
DA:91,0
DA:92,0
DA:94,0
DA:95,0
DA:96,0
DA:97,0
DA:98,0
DA:100,0
DA:101,0
DA:102,0
DA:103,0
DA:105,0
DA:107,0
DA:110,0
DA:111,0
DA:113,0
DA:114,0
DA:124,0
DA:127,0
DA:137,0
DA:140,0
DA:141,0
DA:142,0
DA:145,0
DA:149,0
DA:150,0
DA:152,0
DA:157,0
DA:159,0
DA:165,0
DA:166,0
DA:167,0
DA:168,0
DA:170,0
DA:171,0
DA:172,0
DA:176,0
DA:179,0
DA:185,0
DA:187,0
DA:189,0
DA:191,0
DA:193,0
DA:200,0
DA:207,0
DA:208,0
DA:209,0
DA:211,0
DA:212,0
DA:214,0
DA:216,0
DA:219,0
DA:221,0
DA:222,0
DA:229,0
DA:231,0
DA:232,0
DA:239,0
DA:240,0
DA:241,0
DA:248,0
DA:254,0
DA:255,0
DA:260,0
DA:261,0
DA:264,0
DA:265,0
DA:267,0
DA:268,0
DA:269,0
DA:270,0
DA:271,0
DA:272,0
DA:273,0
DA:275,0
DA:276,0
DA:277,0
DA:278,0
DA:279,0
DA:280,0
DA:281,0
DA:282,0
DA:283,0
DA:284,0
DA:285,0
DA:287,0
DA:288,0
DA:289,0
DA:290,0
DA:291,0
DA:292,0
DA:293,0
DA:295,0
DA:303,0
DA:304,0
DA:305,0
DA:306,0
DA:307,0
DA:308,0
DA:309,0
DA:310,0
DA:311,0
DA:312,0
DA:313,0
DA:314,0
DA:315,0
DA:316,0
DA:317,0
DA:318,0
DA:319,0
DA:321,0
DA:324,0
DA:326,0
DA:329,0
DA:331,0
DA:334,0
DA:337,0
DA:348,0
DA:350,0
DA:352,0
DA:355,0
DA:357,0
DA:360,0
DA:363,0
DA:374,0
DA:375,0
DA:376,0
DA:377,0
DA:378,0
DA:379,0
DA:380,0
DA:381,0
DA:382,0
DA:383,0
DA:385,0
DA:386,0
DA:387,0
DA:388,0
DA:391,0
DA:395,0
DA:398,0
LF:174
LH:0
BRDA:30,0,0,0
BRDA:30,0,1,0
BRDA:31,1,0,0
BRDA:31,1,1,0
BRDA:46,2,0,0
BRDA:46,2,1,0
BRDA:107,3,0,0
BRDA:107,3,1,0
BRDA:141,4,0,0
BRDA:141,4,1,0
BRDA:172,5,0,0
BRDA:172,5,1,0
BRDA:191,6,0,0
BRDA:191,6,1,0
BRDA:207,7,0,0
BRDA:207,7,1,0
BRDA:207,8,0,0
BRDA:207,8,1,0
BRDA:208,9,0,0
BRDA:208,9,1,0
BRDA:209,10,0,0
BRDA:209,10,1,0
BRDA:212,11,0,0
BRDA:212,11,1,0
BRDA:214,12,0,0
BRDA:214,12,1,0
BRDA:214,13,0,0
BRDA:214,13,1,0
BRDA:216,14,0,0
BRDA:216,14,1,0
BRDA:231,15,0,0
BRDA:231,15,1,0
BRDA:240,16,0,0
BRDA:240,16,1,0
BRDA:265,17,0,0
BRDA:265,17,1,0
BRDA:265,18,0,0
BRDA:265,18,1,0
BRDA:272,19,0,0
BRDA:272,19,1,0
BRDA:273,20,0,0
BRDA:273,20,1,0
BRDA:303,21,0,0
BRDA:310,22,0,0
BRDA:310,22,1,0
BRDA:311,23,0,0
BRDA:311,23,1,0
BRF:47
BRH:0
end_of_record
TN:
SF:src/frontend/mystical/Willpower/equations/monk-functions.js
FN:2,(anonymous_0)
FN:10,(anonymous_1)
FN:18,(anonymous_2)
FN:26,(anonymous_3)
FN:35,(anonymous_4)
FN:43,(anonymous_5)
FN:51,(anonymous_6)
FN:60,(anonymous_7)
FN:69,(anonymous_8)
FN:77,(anonymous_9)
FN:87,(anonymous_10)
FN:96,(anonymous_11)
FN:105,(anonymous_12)
FN:114,(anonymous_13)
FN:126,(anonymous_14)
FN:137,(anonymous_15)
FNF:16
FNH:0
FNDA:0,(anonymous_0)
FNDA:0,(anonymous_1)
FNDA:0,(anonymous_2)
FNDA:0,(anonymous_3)
FNDA:0,(anonymous_4)
FNDA:0,(anonymous_5)
FNDA:0,(anonymous_6)
FNDA:0,(anonymous_7)
FNDA:0,(anonymous_8)
FNDA:0,(anonymous_9)
FNDA:0,(anonymous_10)
FNDA:0,(anonymous_11)
FNDA:0,(anonymous_12)
FNDA:0,(anonymous_13)
FNDA:0,(anonymous_14)
FNDA:0,(anonymous_15)
DA:1,0
DA:3,0
DA:11,0
DA:19,0
DA:27,0
DA:36,0
DA:44,0
DA:52,0
DA:61,0
DA:70,0
DA:78,0
DA:88,0
DA:97,0
DA:106,0
DA:115,0
DA:127,0
DA:138,0
LF:17
LH:0
BRDA:5,0,0,0
BRDA:5,0,1,0
BRF:2
BRH:0
end_of_record
TN:
SF:src/frontend/mystical/Willpower/tier_1/monk.js
FN:4,defineMonkSkills
FN:11,(anonymous_1)
FN:20,(anonymous_2)
FN:29,(anonymous_3)
FN:38,(anonymous_4)
FN:47,(anonymous_5)
FN:56,(anonymous_6)
FN:65,(anonymous_7)
FN:74,(anonymous_8)
FN:83,(anonymous_9)
FN:92,(anonymous_10)
FN:102,(anonymous_11)
FN:111,(anonymous_12)
FN:120,(anonymous_13)
FN:129,(anonymous_14)
FN:138,(anonymous_15)
FN:147,(anonymous_16)
FNF:17
FNH:0
FNDA:0,defineMonkSkills
FNDA:0,(anonymous_1)
FNDA:0,(anonymous_2)
FNDA:0,(anonymous_3)
FNDA:0,(anonymous_4)
FNDA:0,(anonymous_5)
FNDA:0,(anonymous_6)
FNDA:0,(anonymous_7)
FNDA:0,(anonymous_8)
FNDA:0,(anonymous_9)
FNDA:0,(anonymous_10)
FNDA:0,(anonymous_11)
FNDA:0,(anonymous_12)
FNDA:0,(anonymous_13)
FNDA:0,(anonymous_14)
FNDA:0,(anonymous_15)
FNDA:0,(anonymous_16)
DA:5,0
DA:11,0
DA:14,0
DA:20,0
DA:23,0
DA:29,0
DA:32,0
DA:38,0
DA:41,0
DA:47,0
DA:50,0
DA:56,0
DA:59,0
DA:65,0
DA:68,0
DA:74,0
DA:77,0
DA:83,0
DA:86,0
DA:92,0
DA:96,0
DA:102,0
DA:105,0
DA:111,0
DA:114,0
DA:120,0
DA:123,0
DA:129,0
DA:132,0
DA:138,0
DA:141,0
DA:147,0
LF:32
LH:0
BRF:0
BRH:0
end_of_record
TN:
SF:src/frontend/scripts/abbreviations.js
FNF:0
FNH:0
DA:1,0
DA:14,0
LF:2
LH:0
BRF:0
BRH:0
end_of_record
TN:
SF:src/frontend/scripts/mystical_arts.js
FN:10,getMysticalTier
FN:19,isSkillUnlocked
FNF:2
FNH:0
FNDA:0,getMysticalTier
FNDA:0,isSkillUnlocked
DA:2,0
DA:11,0
DA:12,0
DA:13,0
DA:14,0
DA:15,0
DA:20,0
LF:7
LH:0
BRDA:11,0,0,0
BRDA:11,0,1,0
BRDA:12,1,0,0
BRDA:12,1,1,0
BRDA:13,2,0,0
BRDA:13,2,1,0
BRDA:14,3,0,0
BRDA:14,3,1,0
BRF:8
BRH:0
end_of_record
TN:
SF:src/frontend/scripts/rbac.js
FN:3,(anonymous_0)
FN:9,(anonymous_1)
FN:23,(anonymous_2)
FN:32,(anonymous_3)
FN:39,(anonymous_4)
FN:43,(anonymous_5)
FN:49,(anonymous_6)
FN:56,(anonymous_7)
FNF:8
FNH:0
FNDA:0,(anonymous_0)
FNDA:0,(anonymous_1)
FNDA:0,(anonymous_2)
FNDA:0,(anonymous_3)
FNDA:0,(anonymous_4)
FNDA:0,(anonymous_5)
FNDA:0,(anonymous_6)
FNDA:0,(anonymous_7)
DA:4,0
DA:5,0
DA:10,0
DA:13,0
DA:14,0
DA:15,0
DA:17,0
DA:18,0
DA:24,0
DA:25,0
DA:33,0
DA:34,0
DA:35,0
DA:41,0
DA:44,0
DA:45,0
DA:49,0
DA:50,0
DA:51,0
DA:57,0
DA:65,0
DA:66,0
DA:67,0
DA:72,0
LF:24
LH:0
BRDA:24,0,0,0
BRDA:24,0,1,0
BRDA:24,1,0,0
BRDA:24,1,1,0
BRDA:26,2,0,0
BRDA:26,2,1,0
BRDA:33,3,0,0
BRDA:33,3,1,0
BRDA:33,4,0,0
BRDA:33,4,1,0
BRDA:34,5,0,0
BRDA:34,5,1,0
BRDA:35,6,0,0
BRDA:35,6,1,0
BRDA:45,7,0,0
BRDA:45,7,1,0
BRDA:51,8,0,0
BRDA:51,8,1,0
BRDA:66,9,0,0
BRDA:66,9,1,0
BRF:20
BRH:0
end_of_record
TN:
SF:src/frontend/scripts/skilltree_functions.js
FN:1,insertSkill
FNF:1
FNH:0
FNDA:0,insertSkill
DA:11,0
DA:13,0
DA:14,0
DA:15,0
DA:16,0
DA:17,0
DA:20,0
DA:21,0
DA:22,0
DA:23,0
DA:24,0
DA:27,0
DA:28,0
DA:29,0
DA:32,0
DA:39,0
LF:16
LH:0
BRDA:11,0,0,0
BRDA:11,0,1,0
BRDA:17,1,0,0
BRDA:17,1,1,0
BRDA:24,2,0,0
BRDA:24,2,1,0
BRDA:28,3,0,0
BRDA:28,3,1,0
BRDA:32,4,0,0
BRDA:32,4,1,0
BRF:10
BRH:0
end_of_record
TN:
SF:src/frontend/scripts/visible_stat_equations.js
FN:4,(anonymous_0)
FN:43,(anonymous_1)
FN:86,(anonymous_2)
FN:115,(anonymous_3)
FN:156,(anonymous_4)
FN:214,(anonymous_5)
FN:273,(anonymous_6)
FN:313,(anonymous_7)
FN:328,(anonymous_8)
FN:354,(anonymous_9)
FN:398,(anonymous_10)
FN:418,(anonymous_11)
FN:445,(anonymous_12)
FNF:13
FNH:0
FNDA:0,(anonymous_0)
FNDA:0,(anonymous_1)
FNDA:0,(anonymous_2)
FNDA:0,(anonymous_3)
FNDA:0,(anonymous_4)
FNDA:0,(anonymous_5)
FNDA:0,(anonymous_6)
FNDA:0,(anonymous_7)
FNDA:0,(anonymous_8)
FNDA:0,(anonymous_9)
FNDA:0,(anonymous_10)
FNDA:0,(anonymous_11)
FNDA:0,(anonymous_12)
DA:5,0
DA:6,0
DA:8,0
DA:9,0
DA:10,0
DA:11,0
DA:12,0
DA:13,0
DA:14,0
DA:15,0
DA:16,0
DA:17,0
DA:18,0
DA:19,0
DA:20,0
DA:21,0
DA:22,0
DA:23,0
DA:24,0
DA:25,0
DA:26,0
DA:27,0
DA:30,0
DA:31,0
DA:32,0
DA:33,0
DA:34,0
DA:35,0
DA:37,0
DA:44,0
DA:45,0
DA:47,0
DA:48,0
DA:49,0
DA:50,0
DA:51,0
DA:52,0
DA:53,0
DA:54,0
DA:55,0
DA:56,0
DA:57,0
DA:58,0
DA:59,0
DA:60,0
DA:61,0
DA:62,0
DA:63,0
DA:64,0
DA:65,0
DA:66,0
DA:67,0
DA:68,0
DA:69,0
DA:70,0
DA:71,0
DA:72,0
DA:73,0
DA:74,0
DA:75,0
DA:76,0
DA:77,0
DA:80,0
DA:87,0
DA:88,0
DA:90,0
DA:92,0
DA:93,0
DA:94,0
DA:97,0
DA:100,0
DA:102,0
DA:103,0
DA:105,0
DA:116,0
DA:118,0
DA:119,0
DA:121,0
DA:123,0
DA:124,0
DA:125,0
DA:126,0
DA:127,0
DA:128,0
DA:129,0
DA:130,0
DA:133,0
DA:134,0
DA:135,0
DA:136,0
DA:137,0
DA:138,0
DA:139,0
DA:140,0
DA:141,0
DA:145,0
DA:146,0
DA:147,0
DA:148,0
DA:149,0
DA:150,0
DA:151,0
DA:153,0
DA:157,0
DA:159,0
DA:160,0
DA:162,0
DA:163,0
DA:164,0
DA:165,0
DA:166,0
DA:167,0
DA:168,0
DA:169,0
DA:172,0
DA:173,0
DA:174,0
DA:175,0
DA:176,0
DA:177,0
DA:178,0
DA:179,0
DA:180,0
DA:181,0
DA:182,0
DA:184,0
DA:185,0
DA:186,0
DA:187,0
DA:188,0
DA:189,0
DA:190,0
DA:191,0
DA:194,0
DA:195,0
DA:196,0
DA:197,0
DA:198,0
DA:199,0
DA:200,0
DA:204,0
DA:205,0
DA:206,0
DA:207,0
DA:208,0
DA:209,0
DA:211,0
DA:215,0
DA:217,0
DA:218,0
DA:220,0
DA:221,0
DA:222,0
DA:223,0
DA:224,0
DA:225,0
DA:226,0
DA:227,0
DA:230,0
DA:231,0
DA:232,0
DA:233,0
DA:234,0
DA:237,0
DA:238,0
DA:239,0
DA:240,0
DA:241,0
DA:242,0
DA:243,0
DA:245,0
DA:246,0
DA:247,0
DA:248,0
DA:249,0
DA:250,0
DA:251,0
DA:252,0
DA:255,0
DA:256,0
DA:257,0
DA:258,0
DA:259,0
DA:262,0
DA:263,0
DA:264,0
DA:265,0
DA:266,0
DA:267,0
DA:268,0
DA:270,0
DA:274,0
DA:276,0
DA:278,0
DA:279,0
DA:280,0
DA:281,0
DA:282,0
DA:283,0
DA:284,0
DA:285,0
DA:286,0
DA:287,0
DA:290,0
DA:291,0
DA:292,0
DA:293,0
DA:294,0
DA:295,0
DA:296,0
DA:297,0
DA:298,0
DA:299,0
DA:300,0
DA:301,0
DA:302,0
DA:303,0
DA:305,0
DA:306,0
DA:307,0
DA:308,0
DA:310,0
DA:314,0
DA:316,0
DA:318,0
DA:319,0
DA:321,0
DA:322,0
DA:324,0
DA:329,0
DA:331,0
DA:333,0
DA:334,0
DA:335,0
DA:336,0
DA:337,0
DA:338,0
DA:339,0
DA:340,0
DA:341,0
DA:342,0
DA:344,0
DA:345,0
DA:347,0
DA:355,0
DA:357,0
DA:359,0
DA:360,0
DA:361,0
DA:362,0
DA:363,0
DA:364,0
DA:365,0
DA:366,0
DA:367,0
DA:369,0
DA:370,0
DA:372,0
DA:373,0
DA:374,0
DA:375,0
DA:376,0
DA:377,0
DA:378,0
DA:379,0
DA:382,0
DA:383,0
DA:385,0
DA:386,0
DA:387,0
DA:388,0
DA:389,0
DA:390,0
DA:391,0
DA:392,0
DA:395,0
DA:399,0
DA:401,0
DA:403,0
DA:405,0
DA:406,0
DA:407,0
DA:408,0
DA:410,0
DA:413,0
DA:415,0
DA:419,0
DA:421,0
DA:423,0
DA:424,0
DA:425,0
DA:426,0
DA:427,0
DA:429,0
DA:431,0
DA:432,0
DA:433,0
DA:434,0
DA:435,0
DA:436,0
DA:437,0
DA:438,0
DA:439,0
DA:440,0
DA:442,0
DA:447,0
DA:449,0
DA:451,0
DA:452,0
DA:453,0
DA:454,0
DA:455,0
DA:457,0
DA:458,0
DA:459,0
DA:461,0
DA:462,0
DA:464,0
DA:465,0
DA:467,0
DA:468,0
DA:469,0
DA:471,0
LF:323
LH:0
BRDA:8,0,0,0
BRDA:8,0,1,0
BRDA:9,1,0,0
BRDA:9,1,1,0
BRDA:10,2,0,0
BRDA:10,2,1,0
BRDA:11,3,0,0
BRDA:11,3,1,0
BRDA:12,4,0,0
BRDA:12,4,1,0
BRDA:13,5,0,0
BRDA:13,5,1,0
BRDA:14,6,0,0
BRDA:14,6,1,0
BRDA:15,7,0,0
BRDA:15,7,1,0
BRDA:17,8,0,0
BRDA:17,8,1,0
BRDA:18,9,0,0
BRDA:18,9,1,0
BRDA:19,10,0,0
BRDA:19,10,1,0
BRDA:20,11,0,0
BRDA:20,11,1,0
BRDA:21,12,0,0
BRDA:21,12,1,0
BRDA:22,13,0,0
BRDA:22,13,1,0
BRDA:23,14,0,0
BRDA:23,14,1,0
BRDA:24,15,0,0
BRDA:24,15,1,0
BRDA:25,16,0,0
BRDA:25,16,1,0
BRDA:26,17,0,0
BRDA:26,17,1,0
BRDA:30,18,0,0
BRDA:30,18,1,0
BRDA:31,19,0,0
BRDA:31,19,1,0
BRDA:32,20,0,0
BRDA:32,20,1,0
BRDA:33,21,0,0
BRDA:33,21,1,0
BRDA:34,22,0,0
BRDA:34,22,1,0
BRDA:35,23,0,0
BRDA:35,23,1,0
BRDA:47,24,0,0
BRDA:47,24,1,0
BRDA:48,25,0,0
BRDA:48,25,1,0
BRDA:49,26,0,0
BRDA:49,26,1,0
BRDA:50,27,0,0
BRDA:50,27,1,0
BRDA:51,28,0,0
BRDA:51,28,1,0
BRDA:52,29,0,0
BRDA:52,29,1,0
BRDA:53,30,0,0
BRDA:53,30,1,0
BRDA:55,31,0,0
BRDA:55,31,1,0
BRDA:55,32,0,0
BRDA:55,32,1,0
BRDA:56,33,0,0
BRDA:56,33,1,0
BRDA:57,34,0,0
BRDA:57,34,1,0
BRDA:58,35,0,0
BRDA:58,35,1,0
BRDA:59,36,0,0
BRDA:59,36,1,0
BRDA:60,37,0,0
BRDA:60,37,1,0
BRDA:61,38,0,0
BRDA:61,38,1,0
BRDA:62,39,0,0
BRDA:62,39,1,0
BRDA:63,40,0,0
BRDA:63,40,1,0
BRDA:64,41,0,0
BRDA:64,41,1,0
BRDA:66,42,0,0
BRDA:66,42,1,0
BRDA:67,43,0,0
BRDA:67,43,1,0
BRDA:68,44,0,0
BRDA:68,44,1,0
BRDA:69,45,0,0
BRDA:69,45,1,0
BRDA:70,46,0,0
BRDA:70,46,1,0
BRDA:71,47,0,0
BRDA:71,47,1,0
BRDA:72,48,0,0
BRDA:72,48,1,0
BRDA:73,49,0,0
BRDA:73,49,1,0
BRDA:74,50,0,0
BRDA:74,50,1,0
BRDA:75,51,0,0
BRDA:75,51,1,0
BRDA:76,52,0,0
BRDA:76,52,1,0
BRDA:97,53,0,0
BRDA:97,53,1,0
BRDA:103,54,0,0
BRDA:103,54,1,0
BRDA:118,55,0,0
BRDA:118,55,1,0
BRDA:119,56,0,0
BRDA:119,56,1,0
BRDA:121,57,0,0
BRDA:121,57,1,0
BRDA:124,58,0,0
BRDA:124,58,1,0
BRDA:125,59,0,0
BRDA:125,59,1,0
BRDA:126,60,0,0
BRDA:126,60,1,0
BRDA:127,61,0,0
BRDA:127,61,1,0
BRDA:128,62,0,0
BRDA:128,62,1,0
BRDA:129,63,0,0
BRDA:129,63,1,0
BRDA:130,64,0,0
BRDA:130,64,1,0
BRDA:134,65,0,0
BRDA:134,65,1,0
BRDA:135,66,0,0
BRDA:135,66,1,0
BRDA:136,67,0,0
BRDA:136,67,1,0
BRDA:137,68,0,0
BRDA:137,68,1,0
BRDA:138,69,0,0
BRDA:138,69,1,0
BRDA:139,70,0,0
BRDA:139,70,1,0
BRDA:140,71,0,0
BRDA:140,71,1,0
BRDA:141,72,0,0
BRDA:141,72,1,0
BRDA:145,73,0,0
BRDA:145,73,1,0
BRDA:146,74,0,0
BRDA:146,74,1,0
BRDA:147,75,0,0
BRDA:147,75,1,0
BRDA:148,76,0,0
BRDA:148,76,1,0
BRDA:149,77,0,0
BRDA:149,77,1,0
BRDA:150,78,0,0
BRDA:150,78,1,0
BRDA:151,79,0,0
BRDA:151,79,1,0
BRDA:159,80,0,0
BRDA:159,80,1,0
BRDA:160,81,0,0
BRDA:160,81,1,0
BRDA:162,82,0,0
BRDA:162,82,1,0
BRDA:163,83,0,0
BRDA:163,83,1,0
BRDA:164,84,0,0
BRDA:164,84,1,0
BRDA:165,85,0,0
BRDA:165,85,1,0
BRDA:166,86,0,0
BRDA:166,86,1,0
BRDA:167,87,0,0
BRDA:167,87,1,0
BRDA:168,88,0,0
BRDA:168,88,1,0
BRDA:169,89,0,0
BRDA:169,89,1,0
BRDA:172,90,0,0
BRDA:172,90,1,0
BRDA:173,91,0,0
BRDA:173,91,1,0
BRDA:174,92,0,0
BRDA:174,92,1,0
BRDA:175,93,0,0
BRDA:175,93,1,0
BRDA:176,94,0,0
BRDA:176,94,1,0
BRDA:177,95,0,0
BRDA:177,95,1,0
BRDA:178,96,0,0
BRDA:178,96,1,0
BRDA:179,97,0,0
BRDA:179,97,1,0
BRDA:180,98,0,0
BRDA:180,98,1,0
BRDA:181,99,0,0
BRDA:181,99,1,0
BRDA:182,100,0,0
BRDA:182,100,1,0
BRDA:184,101,0,0
BRDA:184,101,1,0
BRDA:185,102,0,0
BRDA:185,102,1,0
BRDA:186,103,0,0
BRDA:186,103,1,0
BRDA:187,104,0,0
BRDA:187,104,1,0
BRDA:188,105,0,0
BRDA:188,105,1,0
BRDA:189,106,0,0
BRDA:189,106,1,0
BRDA:190,107,0,0
BRDA:190,107,1,0
BRDA:191,108,0,0
BRDA:191,108,1,0
BRDA:194,109,0,0
BRDA:194,109,1,0
BRDA:195,110,0,0
BRDA:195,110,1,0
BRDA:196,111,0,0
BRDA:196,111,1,0
BRDA:197,112,0,0
BRDA:197,112,1,0
BRDA:198,113,0,0
BRDA:198,113,1,0
BRDA:199,114,0,0
BRDA:199,114,1,0
BRDA:200,115,0,0
BRDA:200,115,1,0
BRDA:204,116,0,0
BRDA:204,116,1,0
BRDA:205,117,0,0
BRDA:205,117,1,0
BRDA:206,118,0,0
BRDA:206,118,1,0
BRDA:207,119,0,0
BRDA:207,119,1,0
BRDA:208,120,0,0
BRDA:208,120,1,0
BRDA:209,121,0,0
BRDA:209,121,1,0
BRDA:217,122,0,0
BRDA:217,122,1,0
BRDA:218,123,0,0
BRDA:218,123,1,0
BRDA:220,124,0,0
BRDA:220,124,1,0
BRDA:221,125,0,0
BRDA:221,125,1,0
BRDA:222,126,0,0
BRDA:222,126,1,0
BRDA:223,127,0,0
BRDA:223,127,1,0
BRDA:224,128,0,0
BRDA:224,128,1,0
BRDA:225,129,0,0
BRDA:225,129,1,0
BRDA:226,130,0,0
BRDA:226,130,1,0
BRDA:227,131,0,0
BRDA:227,131,1,0
BRDA:230,132,0,0
BRDA:230,132,1,0
BRDA:231,133,0,0
BRDA:231,133,1,0
BRDA:232,134,0,0
BRDA:232,134,1,0
BRDA:233,135,0,0
BRDA:233,135,1,0
BRDA:234,136,0,0
BRDA:234,136,1,0
BRDA:237,137,0,0
BRDA:237,137,1,0
BRDA:238,138,0,0
BRDA:238,138,1,0
BRDA:239,139,0,0
BRDA:239,139,1,0
BRDA:240,140,0,0
BRDA:240,140,1,0
BRDA:241,141,0,0
BRDA:241,141,1,0
BRDA:242,142,0,0
BRDA:242,142,1,0
BRDA:243,143,0,0
BRDA:243,143,1,0
BRDA:245,144,0,0
BRDA:245,144,1,0
BRDA:246,145,0,0
BRDA:246,145,1,0
BRDA:247,146,0,0
BRDA:247,146,1,0
BRDA:248,147,0,0
BRDA:248,147,1,0
BRDA:249,148,0,0
BRDA:249,148,1,0
BRDA:250,149,0,0
BRDA:250,149,1,0
BRDA:251,150,0,0
BRDA:251,150,1,0
BRDA:252,151,0,0
BRDA:252,151,1,0
BRDA:255,152,0,0
BRDA:255,152,1,0
BRDA:256,153,0,0
BRDA:256,153,1,0
BRDA:257,154,0,0
BRDA:257,154,1,0
BRDA:258,155,0,0
BRDA:258,155,1,0
BRDA:259,156,0,0
BRDA:259,156,1,0
BRDA:262,157,0,0
BRDA:262,157,1,0
BRDA:263,158,0,0
BRDA:263,158,1,0
BRDA:264,159,0,0
BRDA:264,159,1,0
BRDA:265,160,0,0
BRDA:265,160,1,0
BRDA:266,161,0,0
BRDA:266,161,1,0
BRDA:267,162,0,0
BRDA:267,162,1,0
BRDA:268,163,0,0
BRDA:268,163,1,0
BRDA:276,164,0,0
BRDA:276,164,1,0
BRDA:278,165,0,0
BRDA:278,165,1,0
BRDA:279,166,0,0
BRDA:279,166,1,0
BRDA:280,167,0,0
BRDA:280,167,1,0
BRDA:281,168,0,0
BRDA:281,168,1,0
BRDA:282,169,0,0
BRDA:282,169,1,0
BRDA:283,170,0,0
BRDA:283,170,1,0
BRDA:284,171,0,0
BRDA:284,171,1,0
BRDA:285,172,0,0
BRDA:285,172,1,0
BRDA:286,173,0,0
BRDA:286,173,1,0
BRDA:287,174,0,0
BRDA:287,174,1,0
BRDA:290,175,0,0
BRDA:290,175,1,0
BRDA:291,176,0,0
BRDA:291,176,1,0
BRDA:292,177,0,0
BRDA:292,177,1,0
BRDA:293,178,0,0
BRDA:293,178,1,0
BRDA:294,179,0,0
BRDA:294,179,1,0
BRDA:295,180,0,0
BRDA:295,180,1,0
BRDA:296,181,0,0
BRDA:296,181,1,0
BRDA:297,182,0,0
BRDA:297,182,1,0
BRDA:298,183,0,0
BRDA:298,183,1,0
BRDA:299,184,0,0
BRDA:299,184,1,0
BRDA:300,185,0,0
BRDA:300,185,1,0
BRDA:301,186,0,0
BRDA:301,186,1,0
BRDA:302,187,0,0
BRDA:302,187,1,0
BRDA:303,188,0,0
BRDA:303,188,1,0
BRDA:305,189,0,0
BRDA:305,189,1,0
BRDA:306,190,0,0
BRDA:306,190,1,0
BRDA:307,191,0,0
BRDA:307,191,1,0
BRDA:308,192,0,0
BRDA:308,192,1,0
BRDA:316,193,0,0
BRDA:316,193,1,0
BRDA:318,194,0,0
BRDA:318,194,1,0
BRDA:319,195,0,0
BRDA:319,195,1,0
BRDA:321,196,0,0
BRDA:321,196,1,0
BRDA:331,197,0,0
BRDA:331,197,1,0
BRDA:333,198,0,0
BRDA:333,198,1,0
BRDA:334,199,0,0
BRDA:334,199,1,0
BRDA:335,200,0,0
BRDA:335,200,1,0
BRDA:336,201,0,0
BRDA:336,201,1,0
BRDA:337,202,0,0
BRDA:337,202,1,0
BRDA:338,203,0,0
BRDA:338,203,1,0
BRDA:339,204,0,0
BRDA:339,204,1,0
BRDA:340,205,0,0
BRDA:340,205,1,0
BRDA:341,206,0,0
BRDA:341,206,1,0
BRDA:342,207,0,0
BRDA:342,207,1,0
BRDA:357,208,0,0
BRDA:357,208,1,0
BRDA:359,209,0,0
BRDA:359,209,1,0
BRDA:360,210,0,0
BRDA:360,210,1,0
BRDA:361,211,0,0
BRDA:361,211,1,0
BRDA:362,212,0,0
BRDA:362,212,1,0
BRDA:363,213,0,0
BRDA:363,213,1,0
BRDA:364,214,0,0
BRDA:364,214,1,0
BRDA:365,215,0,0
BRDA:365,215,1,0
BRDA:366,216,0,0
BRDA:366,216,1,0
BRDA:367,217,0,0
BRDA:367,217,1,0
BRDA:369,218,0,0
BRDA:369,218,1,0
BRDA:369,219,0,0
BRDA:369,219,1,0
BRDA:370,220,0,0
BRDA:370,220,1,0
BRDA:372,221,0,0
BRDA:372,221,1,0
BRDA:373,222,0,0
BRDA:373,222,1,0
BRDA:374,223,0,0
BRDA:374,223,1,0
BRDA:375,224,0,0
BRDA:375,224,1,0
BRDA:376,225,0,0
BRDA:376,225,1,0
BRDA:377,226,0,0
BRDA:377,226,1,0
BRDA:378,227,0,0
BRDA:378,227,1,0
BRDA:379,228,0,0
BRDA:379,228,1,0
BRDA:382,229,0,0
BRDA:382,229,1,0
BRDA:383,230,0,0
BRDA:383,230,1,0
BRDA:385,231,0,0
BRDA:385,231,1,0
BRDA:386,232,0,0
BRDA:386,232,1,0
BRDA:387,233,0,0
BRDA:387,233,1,0
BRDA:388,234,0,0
BRDA:388,234,1,0
BRDA:389,235,0,0
BRDA:389,235,1,0
BRDA:390,236,0,0
BRDA:390,236,1,0
BRDA:391,237,0,0
BRDA:391,237,1,0
BRDA:392,238,0,0
BRDA:392,238,1,0
BRDA:401,239,0,0
BRDA:401,239,1,0
BRDA:403,240,0,0
BRDA:403,240,1,0
BRDA:405,241,0,0
BRDA:405,241,1,0
BRDA:406,242,0,0
BRDA:406,242,1,0
BRDA:407,243,0,0
BRDA:407,243,1,0
BRDA:408,244,0,0
BRDA:408,244,1,0
BRDA:410,245,0,0
BRDA:410,245,1,0
BRDA:421,246,0,0
BRDA:421,246,1,0
BRDA:423,247,0,0
BRDA:423,247,1,0
BRDA:424,248,0,0
BRDA:424,248,1,0
BRDA:425,249,0,0
BRDA:425,249,1,0
BRDA:426,250,0,0
BRDA:426,250,1,0
BRDA:427,251,0,0
BRDA:427,251,1,0
BRDA:429,252,0,0
BRDA:429,252,1,0
BRDA:431,253,0,0
BRDA:431,253,1,0
BRDA:432,254,0,0
BRDA:432,254,1,0
BRDA:433,255,0,0
BRDA:433,255,1,0
BRDA:434,256,0,0
BRDA:434,256,1,0
BRDA:435,257,0,0
BRDA:435,257,1,0
BRDA:436,258,0,0
BRDA:436,258,1,0
BRDA:437,259,0,0
BRDA:437,259,1,0
BRDA:438,260,0,0
BRDA:438,260,1,0
BRDA:439,261,0,0
BRDA:439,261,1,0
BRDA:440,262,0,0
BRDA:440,262,1,0
BRDA:449,263,0,0
BRDA:449,263,1,0
BRDA:451,264,0,0
BRDA:451,264,1,0
BRDA:452,265,0,0
BRDA:452,265,1,0
BRDA:453,266,0,0
BRDA:453,266,1,0
BRDA:454,267,0,0
BRDA:454,267,1,0
BRDA:455,268,0,0
BRDA:455,268,1,0
BRDA:457,269,0,0
BRDA:457,269,1,0
BRDA:458,270,0,0
BRDA:458,270,1,0
BRDA:459,271,0,0
BRDA:459,271,1,0
BRDA:461,272,0,0
BRDA:461,272,1,0
BRDA:462,273,0,0
BRDA:462,273,1,0
BRDA:464,274,0,0
BRDA:464,274,1,0
BRDA:465,275,0,0
BRDA:465,275,1,0
BRDA:467,276,0,0
BRDA:467,276,1,0
BRDA:468,277,0,0
BRDA:468,277,1,0
BRDA:469,278,0,0
BRDA:469,278,1,0
BRDA:471,279,0,0
BRDA:471,279,1,0
BRF:560
BRH:0
end_of_record
TN:
SF:src/frontend/skilltree/levelUp/levelingFunctions.js
FN:8,getCharacterData
FN:14,saveCharacterData
FN:18,upgradeMysticalSkill
FN:43,upgradePrimarySkill
FN:60,downgradeMysticalSkill
FN:111,downgradePrimarySkill
FN:135,calculateRank
FN:188,(anonymous_7)
FN:212,updateCoreStatTotals
FN:229,(anonymous_9)
FN:241,(anonymous_10)
FNF:11
FNH:0
FNDA:0,getCharacterData
FNDA:0,saveCharacterData
FNDA:0,upgradeMysticalSkill
FNDA:0,upgradePrimarySkill
FNDA:0,downgradeMysticalSkill
FNDA:0,downgradePrimarySkill
FNDA:0,calculateRank
FNDA:0,(anonymous_7)
FNDA:0,updateCoreStatTotals
FNDA:0,(anonymous_9)
FNDA:0,(anonymous_10)
DA:5,0
DA:6,0
DA:9,0
DA:10,0
DA:11,0
DA:15,0
DA:26,0
DA:27,0
DA:28,0
DA:30,0
DA:31,0
DA:32,0
DA:33,0
DA:35,0
DA:36,0
DA:37,0
DA:39,0
DA:40,0
DA:44,0
DA:45,0
DA:46,0
DA:48,0
DA:49,0
DA:52,0
DA:53,0
DA:54,0
DA:56,0
DA:57,0
DA:68,0
DA:69,0
DA:70,0
DA:75,0
DA:76,0
DA:78,0
DA:79,0
DA:84,0
DA:85,0
DA:88,0
DA:89,0
DA:92,0
DA:93,0
DA:96,0
DA:97,0
DA:99,0
DA:104,0
DA:107,0
DA:108,0
DA:112,0
DA:113,0
DA:115,0
DA:116,0
DA:118,0
DA:120,0
DA:121,0
DA:124,0
DA:125,0
DA:128,0
DA:131,0
DA:132,0
DA:136,0
DA:137,0
DA:140,0
DA:141,0
DA:143,0
DA:144,0
DA:147,0
DA:148,0
DA:149,0
DA:150,0
DA:151,0
DA:152,0
DA:153,0
DA:156,0
DA:158,0
DA:159,0
DA:160,0
DA:164,0
DA:165,0
DA:167,0
DA:168,0
DA:169,0
DA:170,0
DA:171,0
DA:175,0
DA:184,0
DA:185,0
DA:188,0
DA:189,0
DA:190,0
DA:191,0
DA:192,0
DA:194,0
DA:195,0
DA:196,0
DA:200,0
DA:201,0
DA:202,0
DA:203,0
DA:204,0
DA:205,0
DA:206,0
DA:207,0
DA:208,0
DA:209,0
DA:213,0
DA:214,0
DA:216,0
DA:224,0
DA:225,0
DA:226,0
DA:229,0
DA:230,0
DA:231,0
DA:232,0
DA:233,0
DA:234,0
DA:237,0
DA:241,0
DA:242,0
DA:243,0
DA:244,0
DA:245,0
DA:246,0
DA:247,0
DA:248,0
DA:253,0
DA:256,0
DA:257,0
DA:259,0
LF:129
LH:0
BRDA:10,0,0,0
BRDA:10,0,1,0
BRDA:27,1,0,0
BRDA:27,1,1,0
BRDA:30,2,0,0
BRDA:30,2,1,0
BRDA:31,3,0,0
BRDA:31,3,1,0
BRDA:32,4,0,0
BRDA:32,4,1,0
BRDA:35,5,0,0
BRDA:35,5,1,0
BRDA:45,6,0,0
BRDA:45,6,1,0
BRDA:48,7,0,0
BRDA:48,7,1,0
BRDA:52,8,0,0
BRDA:52,8,1,0
BRDA:69,9,0,0
BRDA:69,9,1,0
BRDA:75,10,0,0
BRDA:75,10,1,0
BRDA:76,11,0,0
BRDA:76,11,1,0
BRDA:84,12,0,0
BRDA:84,12,1,0
BRDA:88,13,0,0
BRDA:88,13,1,0
BRDA:88,14,0,0
BRDA:88,14,1,0
BRDA:92,15,0,0
BRDA:92,15,1,0
BRDA:92,16,0,0
BRDA:92,16,1,0
BRDA:96,17,0,0
BRDA:96,17,1,0
BRDA:96,18,0,0
BRDA:96,18,1,0
BRDA:105,19,0,0
BRDA:105,19,1,0
BRDA:113,20,0,0
BRDA:113,20,1,0
BRDA:115,21,0,0
BRDA:115,21,1,0
BRDA:116,22,0,0
BRDA:116,22,1,0
BRDA:120,23,0,0
BRDA:120,23,1,0
BRDA:124,24,0,0
BRDA:124,24,1,0
BRDA:124,25,0,0
BRDA:124,25,1,0
BRDA:129,26,0,0
BRDA:129,26,1,0
BRDA:143,27,0,0
BRDA:143,27,1,0
BRDA:143,28,0,0
BRDA:143,28,1,0
BRDA:148,29,0,0
BRDA:148,29,1,0
BRDA:151,30,0,0
BRDA:151,30,1,0
BRDA:156,31,0,0
BRDA:156,31,1,0
BRDA:158,32,0,0
BRDA:158,32,1,0
BRDA:164,33,0,0
BRDA:164,33,1,0
BRDA:168,34,0,0
BRDA:168,34,1,0
BRDA:171,35,0,0
BRDA:171,35,1,0
BRDA:175,36,0,0
BRDA:175,36,1,0
BRDA:189,37,0,0
BRDA:189,37,1,0
BRDA:194,38,0,0
BRDA:194,38,1,0
BRDA:195,39,0,0
BRDA:195,39,1,0
BRDA:200,40,0,0
BRDA:200,40,1,0
BRDA:201,41,0,0
BRDA:201,41,1,0
BRDA:202,42,0,0
BRDA:202,42,1,0
BRDA:203,43,0,0
BRDA:203,43,1,0
BRDA:204,44,0,0
BRDA:204,44,1,0
BRDA:205,45,0,0
BRDA:205,45,1,0
BRDA:206,46,0,0
BRDA:206,46,1,0
BRDA:207,47,0,0
BRDA:207,47,1,0
BRDA:208,48,0,0
BRDA:208,48,1,0
BRDA:232,49,0,0
BRDA:232,49,1,0
BRDA:234,50,0,0
BRDA:234,50,1,0
BRDA:244,51,0,0
BRDA:244,51,1,0
BRDA:248,52,0,0
BRDA:248,52,1,0
BRF:106
BRH:0
end_of_record
TN:
SF:src/frontend/skilltree/src/auth.js
FN:33,(anonymous_0)
FN:35,(anonymous_1)
FN:42,(anonymous_2)
FN:49,(anonymous_3)
FNF:4
FNH:0
FNDA:0,(anonymous_0)
FNDA:0,(anonymous_1)
FNDA:0,(anonymous_2)
FNDA:0,(anonymous_3)
DA:10,0
DA:11,0
DA:12,0
DA:15,0
DA:16,0
DA:17,0
DA:18,0
DA:19,0
DA:20,0
DA:21,0
DA:22,0
DA:23,0
DA:26,0
DA:27,0
DA:28,0
DA:30,0
DA:33,0
DA:34,0
DA:36,0
DA:37,0
DA:38,0
DA:40,0
DA:43,0
DA:44,0
DA:49,0
DA:50,0
DA:51,0
DA:52,0
DA:54,0
DA:55,0
LF:30
LH:0
BRDA:27,0,0,0
BRDA:27,0,1,0
BRDA:50,1,0,0
BRDA:50,1,1,0
BRF:4
BRH:0
end_of_record
TN:
SF:src/frontend/skilltree/src/core_checks.js
FN:1,createCoreCheckDrawer
FN:33,(anonymous_1)
FN:41,renderCoreChecks
FN:54,(anonymous_3)
FN:78,(anonymous_4)
FNF:5
FNH:0
FNDA:0,createCoreCheckDrawer
FNDA:0,(anonymous_1)
FNDA:0,renderCoreChecks
FNDA:0,(anonymous_3)
FNDA:0,(anonymous_4)
DA:2,0
DA:3,0
DA:4,0
DA:5,0
DA:6,0
DA:7,0
DA:8,0
DA:9,0
DA:10,0
DA:11,0
DA:12,0
DA:13,0
DA:14,0
DA:15,0
DA:16,0
DA:18,0
DA:19,0
DA:20,0
DA:21,0
DA:22,0
DA:23,0
DA:24,0
DA:25,0
DA:26,0
DA:27,0
DA:28,0
DA:29,0
DA:30,0
DA:32,0
DA:33,0
DA:34,0
DA:35,0
DA:36,0
DA:37,0
DA:42,0
DA:44,0
DA:45,0
DA:54,0
DA:55,0
DA:56,0
DA:57,0
DA:59,0
DA:60,0
DA:61,0
DA:62,0
DA:63,0
DA:65,0
DA:66,0
DA:68,0
DA:69,0
DA:70,0
DA:71,0
DA:72,0
DA:73,0
DA:74,0
DA:75,0
DA:76,0
DA:78,0
DA:79,0
DA:81,0
DA:82,0
DA:83,0
DA:84,0
DA:85,0
DA:86,0
DA:87,0
DA:88,0
DA:89,0
DA:92,0
DA:95,0
DA:96,0
DA:97,0
LF:72
LH:0
BRDA:35,0,0,0
BRDA:35,0,1,0
BRDA:36,1,0,0
BRDA:36,1,1,0
BRDA:37,2,0,0
BRDA:37,2,1,0
BRDA:44,3,0,0
BRDA:44,3,1,0
BRDA:55,4,0,0
BRDA:55,4,1,0
BRDA:82,5,0,0
BRDA:82,5,1,0
BRF:12
BRH:0
end_of_record
TN:
SF:src/frontend/skilltree/src/dag.js
FN:78,getSkillLevel
FN:82,getTotalTierLevels
FN:86,(anonymous_2)
FN:89,getTotalSkillPoints
FN:117,renderSkillTree
FN:144,(anonymous_5)
FN:160,(anonymous_6)
FN:201,(anonymous_7)
FN:204,(anonymous_8)
FN:214,(anonymous_9)
FN:223,(anonymous_10)
FN:246,(anonymous_11)
FN:246,(anonymous_12)
FN:247,(anonymous_13)
FN:247,(anonymous_14)
FN:248,(anonymous_15)
FN:248,(anonymous_16)
FN:249,(anonymous_17)
FN:249,(anonymous_18)
FN:250,(anonymous_19)
FN:251,(anonymous_20)
FN:252,(anonymous_21)
FN:264,(anonymous_22)
FN:269,(anonymous_23)
FN:270,(anonymous_24)
FN:282,(anonymous_25)
FN:283,(anonymous_26)
FN:296,(anonymous_27)
FN:305,(anonymous_28)
FN:310,(anonymous_29)
FN:317,(anonymous_30)
FN:323,(anonymous_31)
FN:388,(anonymous_32)
FN:399,(anonymous_33)
FN:411,(anonymous_34)
FN:416,(anonymous_35)
FN:421,(anonymous_36)
FN:428,(anonymous_37)
FN:433,(anonymous_38)
FN:438,(anonymous_39)
FN:445,(anonymous_40)
FN:450,(anonymous_41)
FN:455,(anonymous_42)
FN:461,(anonymous_43)
FN:466,(anonymous_44)
FN:471,(anonymous_45)
FN:486,(anonymous_46)
FN:499,(anonymous_47)
FN:507,(anonymous_48)
FN:508,(anonymous_49)
FN:509,(anonymous_50)
FN:510,(anonymous_51)
FNF:52
FNH:0
FNDA:0,getSkillLevel
FNDA:0,getTotalTierLevels
FNDA:0,(anonymous_2)
FNDA:0,getTotalSkillPoints
FNDA:0,renderSkillTree
FNDA:0,(anonymous_5)
FNDA:0,(anonymous_6)
FNDA:0,(anonymous_7)
FNDA:0,(anonymous_8)
FNDA:0,(anonymous_9)
FNDA:0,(anonymous_10)
FNDA:0,(anonymous_11)
FNDA:0,(anonymous_12)
FNDA:0,(anonymous_13)
FNDA:0,(anonymous_14)
FNDA:0,(anonymous_15)
FNDA:0,(anonymous_16)
FNDA:0,(anonymous_17)
FNDA:0,(anonymous_18)
FNDA:0,(anonymous_19)
FNDA:0,(anonymous_20)
FNDA:0,(anonymous_21)
FNDA:0,(anonymous_22)
FNDA:0,(anonymous_23)
FNDA:0,(anonymous_24)
FNDA:0,(anonymous_25)
FNDA:0,(anonymous_26)
FNDA:0,(anonymous_27)
FNDA:0,(anonymous_28)
FNDA:0,(anonymous_29)
FNDA:0,(anonymous_30)
FNDA:0,(anonymous_31)
FNDA:0,(anonymous_32)
FNDA:0,(anonymous_33)
FNDA:0,(anonymous_34)
FNDA:0,(anonymous_35)
FNDA:0,(anonymous_36)
FNDA:0,(anonymous_37)
FNDA:0,(anonymous_38)
FNDA:0,(anonymous_39)
FNDA:0,(anonymous_40)
FNDA:0,(anonymous_41)
FNDA:0,(anonymous_42)
FNDA:0,(anonymous_43)
FNDA:0,(anonymous_44)
FNDA:0,(anonymous_45)
FNDA:0,(anonymous_46)
FNDA:0,(anonymous_47)
FNDA:0,(anonymous_48)
FNDA:0,(anonymous_49)
FNDA:0,(anonymous_50)
FNDA:0,(anonymous_51)
DA:2,0
DA:3,0
DA:5,0
DA:18,0
DA:20,0
DA:33,0
DA:46,0
DA:63,0
DA:64,0
DA:65,0
DA:68,0
DA:69,0
DA:70,0
DA:72,0
DA:76,0
DA:79,0
DA:83,0
DA:84,0
DA:86,0
DA:90,0
DA:92,0
DA:93,0
DA:95,0
DA:97,0
DA:98,0
DA:100,0
DA:101,0
DA:102,0
DA:104,0
DA:105,0
DA:106,0
DA:107,0
DA:114,0
DA:118,0
DA:119,0
DA:120,0
DA:121,0
DA:127,0
DA:128,0
DA:131,0
DA:132,0
DA:134,0
DA:135,0
DA:136,0
DA:137,0
DA:139,0
DA:140,0
DA:141,0
DA:144,0
DA:145,0
DA:148,0
DA:155,0
DA:156,0
DA:159,0
DA:160,0
DA:161,0
DA:163,0
DA:169,0
DA:172,0
DA:183,0
DA:190,0
DA:191,0
DA:192,0
DA:194,0
DA:195,0
DA:197,0
DA:198,0
DA:201,0
DA:202,0
DA:203,0
DA:204,0
DA:205,0
DA:206,0
DA:207,0
DA:208,0
DA:209,0
DA:214,0
DA:215,0
DA:219,0
DA:220,0
DA:223,0
DA:224,0
DA:225,0
DA:226,0
DA:227,0
DA:228,0
DA:229,0
DA:230,0
DA:231,0
DA:232,0
DA:233,0
DA:234,0
DA:235,0
DA:239,0
DA:240,0
DA:246,0
DA:247,0
DA:248,0
DA:249,0
DA:251,0
DA:252,0
DA:253,0
DA:254,0
DA:258,0
DA:264,0
DA:267,0
DA:269,0
DA:271,0
DA:272,0
DA:276,0
DA:277,0
DA:279,0
DA:282,0
DA:284,0
DA:285,0
DA:297,0
DA:298,0
DA:300,0
DA:306,0
DA:311,0
DA:315,0
DA:317,0
DA:323,0
DA:324,0
DA:325,0
DA:326,0
DA:328,0
DA:329,0
DA:330,0
DA:333,0
DA:334,0
DA:335,0
DA:336,0
DA:339,0
DA:340,0
DA:341,0
DA:342,0
DA:344,0
DA:345,0
DA:346,0
DA:348,0
DA:349,0
DA:350,0
DA:351,0
DA:352,0
DA:354,0
DA:357,0
DA:360,0
DA:361,0
DA:362,0
DA:363,0
DA:364,0
DA:365,0
DA:366,0
DA:367,0
DA:368,0
DA:369,0
DA:370,0
DA:372,0
DA:373,0
DA:374,0
DA:375,0
DA:376,0
DA:377,0
DA:378,0
DA:380,0
DA:388,0
DA:389,0
DA:390,0
DA:391,0
DA:392,0
DA:393,0
DA:394,0
DA:395,0
DA:396,0
DA:397,0
DA:398,0
DA:399,0
DA:400,0
DA:401,0
DA:402,0
DA:403,0
DA:405,0
DA:408,0
DA:409,0
DA:411,0
DA:414,0
DA:416,0
DA:419,0
DA:422,0
DA:425,0
DA:426,0
DA:428,0
DA:431,0
DA:433,0
DA:436,0
DA:439,0
DA:443,0
DA:445,0
DA:448,0
DA:450,0
DA:453,0
DA:455,0
DA:458,0
DA:459,0
DA:461,0
DA:464,0
DA:466,0
DA:469,0
DA:471,0
DA:477,0
DA:478,0
DA:479,0
DA:480,0
DA:481,0
DA:482,0
DA:483,0
DA:484,0
DA:485,0
DA:486,0
DA:488,0
DA:489,0
DA:491,0
DA:492,0
DA:496,0
DA:500,0
DA:503,0
DA:506,0
DA:507,0
DA:508,0
DA:509,0
DA:510,0
DA:511,0
DA:512,0
DA:514,0
DA:517,0
DA:518,0
DA:519,0
DA:520,0
DA:522,0
DA:523,0
DA:526,0
DA:537,0
DA:548,0
DA:559,0
DA:569,0
DA:579,0
DA:582,0
DA:583,0
LF:249
LH:0
BRDA:79,0,0,0
BRDA:79,0,1,0
BRDA:84,1,0,0
BRDA:84,1,1,0
BRDA:95,2,0,0
BRDA:95,2,1,0
BRDA:100,3,0,0
BRDA:100,3,1,0
BRDA:102,4,0,0
BRDA:102,4,1,0
BRDA:107,5,0,0
BRDA:107,5,1,0
BRDA:121,6,0,0
BRDA:121,6,1,0
BRDA:122,7,0,0
BRDA:122,7,1,0
BRDA:122,7,2,0
BRDA:122,7,3,0
BRDA:139,8,0,0
BRDA:139,8,1,0
BRDA:145,9,0,0
BRDA:145,9,1,0
BRDA:155,10,0,0
BRDA:155,10,1,0
BRDA:163,11,0,0
BRDA:163,11,1,0
BRDA:164,12,0,0
BRDA:164,12,1,0
BRDA:164,12,2,0
BRDA:164,12,3,0
BRDA:169,13,0,0
BRDA:169,13,1,0
BRDA:176,14,0,0
BRDA:176,14,1,0
BRDA:205,15,0,0
BRDA:205,15,1,0
BRDA:215,16,0,0
BRDA:215,16,1,0
BRDA:215,17,0,0
BRDA:215,17,1,0
BRDA:224,18,0,0
BRDA:224,18,1,0
BRDA:253,19,0,0
BRDA:253,19,1,0
BRDA:254,20,0,0
BRDA:254,20,1,0
BRDA:269,21,0,0
BRDA:269,21,1,0
BRDA:271,22,0,0
BRDA:271,22,1,0
BRDA:273,23,0,0
BRDA:273,23,1,0
BRDA:274,24,0,0
BRDA:274,24,1,0
BRDA:276,25,0,0
BRDA:276,25,1,0
BRDA:277,26,0,0
BRDA:277,26,1,0
BRDA:279,27,0,0
BRDA:279,27,1,0
BRDA:282,28,0,0
BRDA:282,28,1,0
BRDA:284,29,0,0
BRDA:284,29,1,0
BRDA:297,30,0,0
BRDA:297,30,1,0
BRDA:317,31,0,0
BRDA:317,31,1,0
BRDA:324,32,0,0
BRDA:324,32,1,0
BRDA:325,33,0,0
BRDA:325,33,1,0
BRDA:328,34,0,0
BRDA:328,34,1,0
BRDA:328,35,0,0
BRDA:328,35,1,0
BRDA:348,36,0,0
BRDA:348,36,1,0
BRDA:354,37,0,0
BRDA:354,37,1,0
BRDA:357,38,0,0
BRDA:357,38,1,0
BRDA:382,39,0,0
BRDA:382,39,1,0
BRDA:388,40,0,0
BRDA:395,41,0,0
BRDA:395,41,1,0
BRDA:396,42,0,0
BRDA:396,42,1,0
BRDA:408,43,0,0
BRDA:408,43,1,0
BRDA:517,44,0,0
BRDA:517,44,1,0
BRDA:518,45,0,0
BRDA:518,45,1,0
BRDA:519,46,0,0
BRDA:519,46,1,0
BRF:97
BRH:0
end_of_record
TN:
SF:src/frontend/skilltree/src/firebaseConfig.js
FNF:0
FNH:0
DA:1,0
LF:1
LH:0
BRF:0
BRH:0
end_of_record
TN:
SF:src/frontend/skilltree/src/hotbar.js
FN:8,createHotbar
FN:41,(anonymous_1)
FN:52,renderHotbarContent
FN:106,(anonymous_3)
FN:157,addAbilityCard
FN:223,(anonymous_5)
FN:234,(anonymous_6)
FN:244,(anonymous_7)
FN:250,(anonymous_8)
FNF:9
FNH:0
FNDA:0,createHotbar
FNDA:0,(anonymous_1)
FNDA:0,renderHotbarContent
FNDA:0,(anonymous_3)
FNDA:0,addAbilityCard
FNDA:0,(anonymous_5)
FNDA:0,(anonymous_6)
FNDA:0,(anonymous_7)
FNDA:0,(anonymous_8)
DA:9,0
DA:10,0
DA:12,0
DA:13,0
DA:14,0
DA:15,0
DA:16,0
DA:17,0
DA:18,0
DA:19,0
DA:20,0
DA:21,0
DA:22,0
DA:23,0
DA:24,0
DA:26,0
DA:27,0
DA:28,0
DA:29,0
DA:30,0
DA:31,0
DA:32,0
DA:33,0
DA:34,0
DA:35,0
DA:36,0
DA:37,0
DA:38,0
DA:39,0
DA:41,0
DA:42,0
DA:43,0
DA:44,0
DA:45,0
DA:48,0
DA:49,0
DA:53,0
DA:55,0
DA:60,0
DA:61,0
DA:62,0
DA:63,0
DA:66,0
DA:67,0
DA:68,0
DA:70,0
DA:71,0
DA:73,0
DA:74,0
DA:75,0
DA:76,0
DA:77,0
DA:78,0
DA:79,0
DA:80,0
DA:87,0
DA:88,0
DA:94,0
DA:95,0
DA:96,0
DA:98,0
DA:99,0
DA:104,0
DA:106,0
DA:109,0
DA:113,0
DA:123,0
DA:125,0
DA:126,0
DA:127,0
DA:129,0
DA:130,0
DA:131,0
DA:132,0
DA:133,0
DA:134,0
DA:139,0
DA:140,0
DA:142,0
DA:143,0
DA:148,0
DA:161,0
DA:162,0
DA:163,0
DA:164,0
DA:166,0
DA:171,0
DA:173,0
DA:178,0
DA:179,0
DA:185,0
DA:186,0
DA:187,0
DA:188,0
DA:189,0
DA:190,0
DA:191,0
DA:192,0
DA:193,0
DA:195,0
DA:196,0
DA:198,0
DA:199,0
DA:201,0
DA:202,0
DA:204,0
DA:205,0
DA:207,0
DA:208,0
DA:210,0
DA:211,0
DA:213,0
DA:214,0
DA:215,0
DA:216,0
DA:217,0
DA:218,0
DA:219,0
DA:220,0
DA:221,0
DA:223,0
DA:225,0
DA:226,0
DA:228,0
DA:229,0
DA:231,0
DA:232,0
DA:234,0
DA:235,0
DA:236,0
DA:237,0
DA:238,0
DA:239,0
DA:240,0
DA:241,0
DA:244,0
DA:246,0
DA:247,0
DA:250,0
DA:251,0
DA:254,0
DA:255,0
DA:256,0
DA:259,0
DA:260,0
DA:261,0
DA:262,0
DA:263,0
DA:264,0
DA:266,0
DA:267,0
DA:268,0
DA:269,0
DA:274,0
DA:275,0
DA:276,0
LF:156
LH:0
BRDA:10,0,0,0
BRDA:10,0,1,0
BRDA:43,1,0,0
BRDA:43,1,1,0
BRDA:44,2,0,0
BRDA:44,2,1,0
BRDA:45,3,0,0
BRDA:45,3,1,0
BRDA:56,4,0,0
BRDA:56,4,1,0
BRDA:57,5,0,0
BRDA:57,5,1,0
BRDA:66,6,0,0
BRDA:66,6,1,0
BRDA:68,7,0,0
BRDA:68,7,1,0
BRDA:73,8,0,0
BRDA:73,8,1,0
BRDA:74,9,0,0
BRDA:74,9,1,0
BRDA:76,10,0,0
BRDA:76,10,1,0
BRDA:79,11,0,0
BRDA:79,11,1,0
BRDA:100,12,0,0
BRDA:100,12,1,0
BRDA:101,13,0,0
BRDA:101,13,1,0
BRDA:127,14,0,0
BRDA:127,14,1,0
BRDA:133,15,0,0
BRDA:133,15,1,0
BRDA:144,16,0,0
BRDA:144,16,1,0
BRDA:145,17,0,0
BRDA:145,17,1,0
BRDA:161,18,0,0
BRDA:161,18,1,0
BRDA:162,19,0,0
BRDA:162,19,1,0
BRDA:171,20,0,0
BRDA:171,20,1,0
BRF:42
BRH:0
end_of_record
TN:
SF:src/frontend/skilltree/src/main.js
FN:21,loadCharacter
FN:40,(anonymous_1)
FNF:2
FNH:0
FNDA:0,loadCharacter
FNDA:0,(anonymous_1)
DA:14,0
DA:15,0
DA:17,0
DA:18,0
DA:19,0
DA:22,0
DA:23,0
DA:24,0
DA:25,0
DA:26,0
DA:27,0
DA:28,0
DA:29,0
DA:30,0
DA:32,0
DA:35,0
DA:40,0
DA:41,0
DA:42,0
DA:43,0
DA:44,0
DA:47,0
DA:49,0
LF:23
LH:0
BRDA:24,0,0,0
BRDA:24,0,1,0
BRDA:41,1,0,0
BRDA:41,1,1,0
BRDA:43,2,0,0
BRDA:43,2,1,0
BRF:6
BRH:0
end_of_record
TN:
SF:src/frontend/skilltree/src/skill_checks.js
FN:9,createSkillCheckDrawer
FN:48,(anonymous_1)
FN:61,renderSkillChecks
FN:76,(anonymous_3)
FN:99,(anonymous_4)
FN:100,(anonymous_5)
FN:130,(anonymous_6)
FN:151,(anonymous_7)
FN:159,(anonymous_8)
FN:164,(anonymous_9)
FNF:10
FNH:0
FNDA:0,createSkillCheckDrawer
FNDA:0,(anonymous_1)
FNDA:0,renderSkillChecks
FNDA:0,(anonymous_3)
FNDA:0,(anonymous_4)
FNDA:0,(anonymous_5)
FNDA:0,(anonymous_6)
FNDA:0,(anonymous_7)
FNDA:0,(anonymous_8)
FNDA:0,(anonymous_9)
DA:6,0
DA:7,0
DA:10,0
DA:11,0
DA:14,0
DA:15,0
DA:16,0
DA:17,0
DA:18,0
DA:19,0
DA:20,0
DA:21,0
DA:22,0
DA:23,0
DA:24,0
DA:25,0
DA:26,0
DA:27,0
DA:28,0
DA:31,0
DA:32,0
DA:33,0
DA:34,0
DA:35,0
DA:36,0
DA:37,0
DA:38,0
DA:39,0
DA:40,0
DA:41,0
DA:42,0
DA:43,0
DA:44,0
DA:47,0
DA:48,0
DA:49,0
DA:50,0
DA:51,0
DA:52,0
DA:55,0
DA:57,0
DA:58,0
DA:62,0
DA:64,0
DA:65,0
DA:67,0
DA:68,0
DA:70,0
DA:71,0
DA:72,0
DA:73,0
DA:74,0
DA:76,0
DA:77,0
DA:80,0
DA:84,0
DA:85,0
DA:93,0
DA:94,0
DA:95,0
DA:96,0
DA:98,0
DA:99,0
DA:101,0
DA:102,0
DA:103,0
DA:104,0
DA:105,0
DA:106,0
DA:108,0
DA:109,0
DA:110,0
DA:112,0
DA:113,0
DA:114,0
DA:115,0
DA:116,0
DA:117,0
DA:118,0
DA:119,0
DA:120,0
DA:123,0
DA:127,0
DA:128,0
DA:130,0
DA:131,0
DA:132,0
DA:134,0
DA:135,0
DA:136,0
DA:137,0
DA:138,0
DA:139,0
DA:140,0
DA:141,0
DA:142,0
DA:143,0
DA:144,0
DA:145,0
DA:146,0
DA:147,0
DA:148,0
DA:151,0
DA:152,0
DA:153,0
DA:154,0
DA:155,0
DA:159,0
DA:160,0
DA:161,0
DA:164,0
DA:165,0
DA:167,0
DA:168,0
DA:169,0
DA:170,0
DA:171,0
DA:172,0
DA:173,0
DA:174,0
DA:175,0
DA:178,0
DA:181,0
DA:182,0
DA:183,0
DA:186,0
LF:126
LH:0
BRDA:11,0,0,0
BRDA:11,0,1,0
BRDA:50,1,0,0
BRDA:50,1,1,0
BRDA:52,2,0,0
BRDA:52,2,1,0
BRDA:67,3,0,0
BRDA:67,3,1,0
BRDA:74,4,0,0
BRDA:74,4,1,0
BRDA:74,5,0,0
BRDA:74,5,1,0
BRDA:77,6,0,0
BRDA:77,6,1,0
BRDA:80,7,0,0
BRDA:80,7,1,0
BRDA:80,7,2,0
BRDA:84,8,0,0
BRDA:84,8,1,0
BRDA:88,9,0,0
BRDA:88,9,1,0
BRDA:123,10,0,0
BRDA:123,10,1,0
BRDA:123,10,2,0
BRDA:132,11,0,0
BRDA:132,11,1,0
BRDA:153,12,0,0
BRDA:153,12,1,0
BRDA:161,13,0,0
BRDA:161,13,1,0
BRDA:168,14,0,0
BRDA:168,14,1,0
BRF:32
BRH:0
end_of_record
TN:
SF:src/hooks/useCharacter.js
FN:5,(anonymous_0)
FN:10,(anonymous_1)
FN:11,(anonymous_2)
FN:34,(anonymous_3)
FN:52,(anonymous_4)
FN:64,(anonymous_5)
FN:88,(anonymous_6)
FN:98,(anonymous_7)
FN:133,(anonymous_8)
FNF:9
FNH:0
FNDA:0,(anonymous_0)
FNDA:0,(anonymous_1)
FNDA:0,(anonymous_2)
FNDA:0,(anonymous_3)
FNDA:0,(anonymous_4)
FNDA:0,(anonymous_5)
FNDA:0,(anonymous_6)
FNDA:0,(anonymous_7)
FNDA:0,(anonymous_8)
DA:5,0
DA:6,0
DA:7,0
DA:8,0
DA:10,0
DA:11,0
DA:12,0
DA:13,0
DA:14,0
DA:16,0
DA:17,0
DA:19,0
DA:22,0
DA:24,0
DA:25,0
DA:29,0
DA:30,0
DA:34,0
DA:35,0
DA:37,0
DA:46,0
DA:48,0
DA:49,0
DA:52,0
DA:53,0
DA:54,0
DA:55,0
DA:56,0
DA:57,0
DA:60,0
DA:64,0
DA:65,0
DA:66,0
DA:67,0
DA:68,0
DA:69,0
DA:70,0
DA:71,0
DA:76,0
DA:79,0
DA:85,0
DA:88,0
DA:89,0
DA:90,0
DA:91,0
DA:92,0
DA:94,0
DA:98,0
DA:99,0
DA:101,0
DA:102,0
DA:104,0
DA:106,0
DA:129,0
DA:130,0
DA:133,0
DA:134,0
DA:137,0
DA:138,0
DA:140,0
DA:142,0
DA:164,0
DA:165,0
DA:168,0
LF:64
LH:0
BRDA:16,0,0,0
BRDA:16,0,1,0
BRDA:29,1,0,0
BRDA:29,1,1,0
BRDA:35,2,0,0
BRDA:35,2,1,0
BRDA:55,3,0,0
BRDA:55,3,1,0
BRDA:57,4,0,0
BRDA:57,4,1,0
BRDA:67,5,0,0
BRDA:67,5,1,0
BRDA:71,6,0,0
BRDA:71,6,1,0
BRDA:99,7,0,0
BRDA:99,7,1,0
BRDA:101,8,0,0
BRDA:101,8,1,0
BRDA:104,9,0,0
BRDA:104,9,1,0
BRDA:117,10,0,0
BRDA:117,10,1,0
BRDA:134,11,0,0
BRDA:134,11,1,0
BRDA:137,12,0,0
BRDA:137,12,1,0
BRDA:138,13,0,0
BRDA:138,13,1,0
BRDA:140,14,0,0
BRDA:140,14,1,0
BRDA:160,15,0,0
BRDA:160,15,1,0
BRF:32
BRH:0
end_of_record
TN:
SF:src/pages/CharacterPage.jsx
FN:21,(anonymous_0)
FN:31,(anonymous_1)
FN:36,(anonymous_2)
FN:40,(anonymous_3)
FN:52,(anonymous_4)
FN:55,(anonymous_5)
FNF:6
FNH:0
FNDA:0,(anonymous_0)
FNDA:0,(anonymous_1)
FNDA:0,(anonymous_2)
FNDA:0,(anonymous_3)
FNDA:0,(anonymous_4)
FNDA:0,(anonymous_5)
DA:8,0
DA:21,0
DA:22,0
DA:23,0
DA:24,0
DA:25,0
DA:27,0
DA:28,0
DA:29,0
DA:31,0
DA:32,0
DA:33,0
DA:36,0
DA:37,0
DA:40,0
DA:41,0
DA:44,0
DA:53,0
DA:55,0
LF:19
LH:0
BRDA:27,0,0,0
BRDA:27,0,1,0
BRDA:28,1,0,0
BRDA:28,1,1,0
BRDA:29,2,0,0
BRDA:29,2,1,0
BRDA:56,3,0,0
BRDA:56,3,1,0
BRDA:63,4,0,0
BRDA:63,4,1,0
BRDA:73,5,0,0
BRDA:73,5,1,0
BRDA:76,6,0,0
BRDA:76,6,1,0
BRF:14
BRH:0
end_of_record
TN:
SF:src/test/TestCharacterPage.jsx
FN:46,(anonymous_0)
FN:51,(anonymous_1)
FN:56,(anonymous_2)
FN:60,(anonymous_3)
FN:64,(anonymous_4)
FN:70,(anonymous_5)
FN:93,(anonymous_6)
FN:94,(anonymous_7)
FN:127,(anonymous_8)
FN:138,(anonymous_9)
FN:141,(anonymous_10)
FNF:11
FNH:0
FNDA:0,(anonymous_0)
FNDA:0,(anonymous_1)
FNDA:0,(anonymous_2)
FNDA:0,(anonymous_3)
FNDA:0,(anonymous_4)
FNDA:0,(anonymous_5)
FNDA:0,(anonymous_6)
FNDA:0,(anonymous_7)
FNDA:0,(anonymous_8)
FNDA:0,(anonymous_9)
FNDA:0,(anonymous_10)
DA:7,0
DA:46,0
DA:47,0
DA:48,0
DA:49,0
DA:51,0
DA:52,0
DA:53,0
DA:56,0
DA:57,0
DA:60,0
DA:61,0
DA:64,0
DA:65,0
DA:66,0
DA:68,0
DA:70,0
DA:71,0
DA:74,0
DA:76,0
DA:77,0
DA:78,0
DA:80,0
DA:84,0
DA:85,0
DA:88,0
DA:89,0
DA:93,0
DA:94,0
DA:95,0
DA:99,0
DA:101,0
DA:102,0
DA:104,0
DA:106,0
DA:107,0
DA:110,0
DA:111,0
DA:113,0
DA:115,0
DA:116,0
DA:119,0
DA:123,0
DA:127,0
DA:139,0
DA:141,0
LF:46
LH:0
BRDA:68,0,0,0
BRDA:68,0,1,0
BRDA:74,1,0,0
BRDA:74,1,1,0
BRDA:74,2,0,0
BRDA:74,2,1,0
BRDA:76,3,0,0
BRDA:76,3,1,0
BRDA:77,4,0,0
BRDA:77,4,1,0
BRDA:78,5,0,0
BRDA:78,5,1,0
BRDA:81,6,0,0
BRDA:81,6,1,0
BRDA:84,7,0,0
BRDA:84,7,1,0
BRDA:85,8,0,0
BRDA:85,8,1,0
BRDA:99,9,0,0
BRDA:99,9,1,0
BRDA:99,10,0,0
BRDA:99,10,1,0
BRDA:101,11,0,0
BRDA:101,11,1,0
BRDA:102,12,0,0
BRDA:102,12,1,0
BRDA:104,13,0,0
BRDA:104,13,1,0
BRDA:110,14,0,0
BRDA:110,14,1,0
BRDA:111,15,0,0
BRDA:111,15,1,0
BRDA:113,16,0,0
BRDA:113,16,1,0
BRDA:142,17,0,0
BRDA:142,17,1,0
BRDA:149,18,0,0
BRDA:149,18,1,0
BRDA:159,19,0,0
BRDA:159,19,1,0
BRF:40
BRH:0
end_of_record
